        -:    0:Source:objdump.c
        -:    0:Graph:objdump.gcno
        -:    0:Data:objdump.gcda
        -:    0:Runs:1
        -:    1:/* objdump.c -- dump information about an object file.
        -:    2:   Copyright (C) 1990-2022 Free Software Foundation, Inc.
        -:    3:
        -:    4:   This file is part of GNU Binutils.
        -:    5:
        -:    6:   This program is free software; you can redistribute it and/or modify
        -:    7:   it under the terms of the GNU General Public License as published by
        -:    8:   the Free Software Foundation; either version 3, or (at your option)
        -:    9:   any later version.
        -:   10:
        -:   11:   This program is distributed in the hope that it will be useful,
        -:   12:   but WITHOUT ANY WARRANTY; without even the implied warranty of
        -:   13:   MERCHANTABILITY or FITNESS FOR A PARTICULAR PURPOSE.  See the
        -:   14:   GNU General Public License for more details.
        -:   15:
        -:   16:   You should have received a copy of the GNU General Public License
        -:   17:   along with this program; if not, write to the Free Software
        -:   18:   Foundation, 51 Franklin Street - Fifth Floor, Boston,
        -:   19:   MA 02110-1301, USA.  */
        -:   20:
        -:   21:
        -:   22:/* Objdump overview.
        -:   23:
        -:   24:   Objdump displays information about one or more object files, either on
        -:   25:   their own, or inside libraries.  It is commonly used as a disassembler,
        -:   26:   but it can also display information about file headers, symbol tables,
        -:   27:   relocations, debugging directives and more.
        -:   28:
        -:   29:   The flow of execution is as follows:
        -:   30:
        -:   31:   1. Command line arguments are checked for control switches and the
        -:   32:      information to be displayed is selected.
        -:   33:
        -:   34:   2. Any remaining arguments are assumed to be object files, and they are
        -:   35:      processed in order by display_bfd().  If the file is an archive each
        -:   36:      of its elements is processed in turn.
        -:   37:
        -:   38:   3. The file's target architecture and binary file format are determined
        -:   39:      by bfd_check_format().  If they are recognised, then dump_bfd() is
        -:   40:      called.
        -:   41:
        -:   42:   4. dump_bfd() in turn calls separate functions to display the requested
        -:   43:      item(s) of information(s).  For example disassemble_data() is called if
        -:   44:      a disassembly has been requested.
        -:   45:
        -:   46:   When disassembling the code loops through blocks of instructions bounded
        -:   47:   by symbols, calling disassemble_bytes() on each block.  The actual
        -:   48:   disassembling is done by the libopcodes library, via a function pointer
        -:   49:   supplied by the disassembler() function.  */
        -:   50:
        -:   51:#include "sysdep.h"
        -:   52:#include "bfd.h"
        -:   53:#include "elf-bfd.h"
        -:   54:#include "coff-bfd.h"
        -:   55:#include "progress.h"
        -:   56:#include "bucomm.h"
        -:   57:#include "elfcomm.h"
        -:   58:#include "demanguse.h"
        -:   59:#include "dwarf.h"
        -:   60:#include "ctf-api.h"
        -:   61:#include "getopt.h"
        -:   62:#include "safe-ctype.h"
        -:   63:#include "dis-asm.h"
        -:   64:#include "libiberty.h"
        -:   65:#include "demangle.h"
        -:   66:#include "filenames.h"
        -:   67:#include "debug.h"
        -:   68:#include "budbg.h"
        -:   69:#include "objdump.h"
        -:   70:
        -:   71:#ifdef HAVE_MMAP
        -:   72:#include <sys/mman.h>
        -:   73:#endif
        -:   74:
        -:   75:/* Internal headers for the ELF .stab-dump code - sorry.  */
        -:   76:#define	BYTES_IN_WORD	32
        -:   77:#include "aout/aout64.h"
        -:   78:
        -:   79:/* Exit status.  */
        -:   80:static int exit_status = 0;
        -:   81:
        -:   82:static char *default_target = NULL;	/* Default at runtime.  */
        -:   83:
        -:   84:/* The following variables are set based on arguments passed on the
        -:   85:   command line.  */
        -:   86:static int show_version = 0;		/* Show the version number.  */
        -:   87:static int dump_section_contents;	/* -s */
        -:   88:static int dump_section_headers;	/* -h */
        -:   89:static bool dump_file_header;		/* -f */
        -:   90:static int dump_symtab;			/* -t */
        -:   91:static int dump_dynamic_symtab;		/* -T */
        -:   92:static int dump_reloc_info;		/* -r */
        -:   93:static int dump_dynamic_reloc_info;	/* -R */
        -:   94:static int dump_ar_hdrs;		/* -a */
        -:   95:static int dump_private_headers;	/* -p */
        -:   96:static char *dump_private_options;	/* -P */
        -:   97:static int no_addresses;		/* --no-addresses */
        -:   98:static int prefix_addresses;		/* --prefix-addresses */
        -:   99:static int with_line_numbers;		/* -l */
        -:  100:static bool with_source_code;		/* -S */
        -:  101:static int show_raw_insn;		/* --show-raw-insn */
        -:  102:static int dump_dwarf_section_info;	/* --dwarf */
        -:  103:static int dump_stab_section_info;	/* --stabs */
        -:  104:static int dump_ctf_section_info;       /* --ctf */
        -:  105:static char *dump_ctf_section_name;
        -:  106:static char *dump_ctf_parent_name;	/* --ctf-parent */
        -:  107:static int do_demangle;			/* -C, --demangle */
        -:  108:static bool disassemble;		/* -d */
        -:  109:static bool disassemble_all;		/* -D */
        -:  110:static int disassemble_zeroes;		/* --disassemble-zeroes */
        -:  111:static bool formats_info;		/* -i */
        -:  112:static int wide_output;			/* -w */
        -:  113:static int insn_width;			/* --insn-width */
        -:  114:static bfd_vma start_address = (bfd_vma) -1; /* --start-address */
        -:  115:static bfd_vma stop_address = (bfd_vma) -1;  /* --stop-address */
        -:  116:static int dump_debugging;		/* --debugging */
        -:  117:static int dump_debugging_tags;		/* --debugging-tags */
        -:  118:static int suppress_bfd_header;
        -:  119:static int dump_special_syms = 0;	/* --special-syms */
        -:  120:static bfd_vma adjust_section_vma = 0;	/* --adjust-vma */
        -:  121:static int file_start_context = 0;      /* --file-start-context */
        -:  122:static bool display_file_offsets;	/* -F */
        -:  123:static const char *prefix;		/* --prefix */
        -:  124:static int prefix_strip;		/* --prefix-strip */
        -:  125:static size_t prefix_length;
        -:  126:static bool unwind_inlines;		/* --inlines.  */
        -:  127:static const char * disasm_sym;		/* Disassembly start symbol.  */
        -:  128:static const char * source_comment;     /* --source_comment.  */
        -:  129:static bool visualize_jumps = false;	/* --visualize-jumps.  */
        -:  130:static bool color_output = false;	/* --visualize-jumps=color.  */
        -:  131:static bool extended_color_output = false; /* --visualize-jumps=extended-color.  */
        -:  132:static int process_links = false;       /* --process-links.  */
        -:  133:static bool disassembler_color = false; /* --disassembler-color=color.  */
        -:  134:static bool disassembler_extended_color = false; /* --disassembler-color=extended-color.  */
        -:  135:
        -:  136:static int dump_any_debugging;
        -:  137:static int demangle_flags = DMGL_ANSI | DMGL_PARAMS;
        -:  138:
        -:  139:/* This is reset to false each time we enter the disassembler, and set true
        -:  140:   when the disassembler emits something in the dis_style_comment_start
        -:  141:   style.  Once this is true, all further output on that line is done in
        -:  142:   the comment style.  This only has an effect when disassembler coloring
        -:  143:   is turned on.  */
        -:  144:static bool disassembler_in_comment = false;
        -:  145:
        -:  146:/* A structure to record the sections mentioned in -j switches.  */
        -:  147:struct only
        -:  148:{
        -:  149:  const char *name; /* The name of the section.  */
        -:  150:  bool seen; /* A flag to indicate that the section has been found in one or more input files.  */
        -:  151:  struct only *next; /* Pointer to the next structure in the list.  */
        -:  152:};
        -:  153:/* Pointer to an array of 'only' structures.
        -:  154:   This pointer is NULL if the -j switch has not been used.  */
        -:  155:static struct only * only_list = NULL;
        -:  156:
        -:  157:/* Variables for handling include file path table.  */
        -:  158:static const char **include_paths;
        -:  159:static int include_path_count;
        -:  160:
        -:  161:/* Extra info to pass to the section disassembler and address printing
        -:  162:   function.  */
        -:  163:struct objdump_disasm_info
        -:  164:{
        -:  165:  bfd *abfd;
        -:  166:  bool require_sec;
        -:  167:  disassembler_ftype disassemble_fn;
        -:  168:  arelent *reloc;
        -:  169:  const char *symbol;
        -:  170:};
        -:  171:
        -:  172:/* Architecture to disassemble for, or default if NULL.  */
        -:  173:static char *machine = NULL;
        -:  174:
        -:  175:/* Target specific options to the disassembler.  */
        -:  176:static char *disassembler_options = NULL;
        -:  177:
        -:  178:/* Endianness to disassemble for, or default if BFD_ENDIAN_UNKNOWN.  */
        -:  179:static enum bfd_endian endian = BFD_ENDIAN_UNKNOWN;
        -:  180:
        -:  181:/* The symbol table.  */
        -:  182:static asymbol **syms;
        -:  183:
        -:  184:/* Number of symbols in `syms'.  */
        -:  185:static long symcount = 0;
        -:  186:
        -:  187:/* The sorted symbol table.  */
        -:  188:static asymbol **sorted_syms;
        -:  189:
        -:  190:/* Number of symbols in `sorted_syms'.  */
        -:  191:static long sorted_symcount = 0;
        -:  192:
        -:  193:/* The dynamic symbol table.  */
        -:  194:static asymbol **dynsyms;
        -:  195:
        -:  196:/* The synthetic symbol table.  */
        -:  197:static asymbol *synthsyms;
        -:  198:static long synthcount = 0;
        -:  199:
        -:  200:/* Number of symbols in `dynsyms'.  */
        -:  201:static long dynsymcount = 0;
        -:  202:
        -:  203:static bfd_byte *stabs;
        -:  204:static bfd_size_type stab_size;
        -:  205:
        -:  206:static bfd_byte *strtab;
        -:  207:static bfd_size_type stabstr_size;
        -:  208:
        -:  209:/* Handlers for -P/--private.  */
        -:  210:static const struct objdump_private_desc * const objdump_private_vectors[] =
        -:  211:  {
        -:  212:    OBJDUMP_PRIVATE_VECTORS
        -:  213:    NULL
        -:  214:  };
        -:  215:
        -:  216:/* The list of detected jumps inside a function.  */
        -:  217:static struct jump_info *detected_jumps = NULL;
        -:  218:
        -:  219:typedef enum unicode_display_type
        -:  220:{
        -:  221:  unicode_default = 0,
        -:  222:  unicode_locale,
        -:  223:  unicode_escape,
        -:  224:  unicode_hex,
        -:  225:  unicode_highlight,
        -:  226:  unicode_invalid
        -:  227:} unicode_display_type;
        -:  228:
        -:  229:static unicode_display_type unicode_display = unicode_default;
        -:  230:
        -:  231:static void usage (FILE *, int) ATTRIBUTE_NORETURN;
        -:  232:static void
    #####:  233:usage (FILE *stream, int status)
        -:  234:{
    #####:  235:  fprintf (stream, _("Usage: %s <option(s)> <file(s)>\n"), program_name);
    #####:  236:  fprintf (stream, _(" Display information from object <file(s)>.\n"));
    #####:  237:  fprintf (stream, _(" At least one of the following switches must be given:\n"));
    #####:  238:  fprintf (stream, _("\
        -:  239:  -a, --archive-headers    Display archive header information\n"));
    #####:  240:  fprintf (stream, _("\
        -:  241:  -f, --file-headers       Display the contents of the overall file header\n"));
    #####:  242:  fprintf (stream, _("\
        -:  243:  -p, --private-headers    Display object format specific file header contents\n"));
    #####:  244:  fprintf (stream, _("\
        -:  245:  -P, --private=OPT,OPT... Display object format specific contents\n"));
    #####:  246:  fprintf (stream, _("\
        -:  247:  -h, --[section-]headers  Display the contents of the section headers\n"));
    #####:  248:  fprintf (stream, _("\
        -:  249:  -x, --all-headers        Display the contents of all headers\n"));
    #####:  250:  fprintf (stream, _("\
        -:  251:  -d, --disassemble        Display assembler contents of executable sections\n"));
    #####:  252:  fprintf (stream, _("\
        -:  253:  -D, --disassemble-all    Display assembler contents of all sections\n"));
    #####:  254:  fprintf (stream, _("\
        -:  255:      --disassemble=<sym>  Display assembler contents from <sym>\n"));
    #####:  256:  fprintf (stream, _("\
        -:  257:  -S, --source             Intermix source code with disassembly\n"));
    #####:  258:  fprintf (stream, _("\
        -:  259:      --source-comment[=<txt>] Prefix lines of source code with <txt>\n"));
    #####:  260:  fprintf (stream, _("\
        -:  261:  -s, --full-contents      Display the full contents of all sections requested\n"));
    #####:  262:  fprintf (stream, _("\
        -:  263:  -g, --debugging          Display debug information in object file\n"));
    #####:  264:  fprintf (stream, _("\
        -:  265:  -e, --debugging-tags     Display debug information using ctags style\n"));
    #####:  266:  fprintf (stream, _("\
        -:  267:  -G, --stabs              Display (in raw form) any STABS info in the file\n"));
    #####:  268:  fprintf (stream, _("\
        -:  269:  -W, --dwarf[a/=abbrev, A/=addr, r/=aranges, c/=cu_index, L/=decodedline,\n\
        -:  270:              f/=frames, F/=frames-interp, g/=gdb_index, i/=info, o/=loc,\n\
        -:  271:              m/=macro, p/=pubnames, t/=pubtypes, R/=Ranges, l/=rawline,\n\
        -:  272:              s/=str, O/=str-offsets, u/=trace_abbrev, T/=trace_aranges,\n\
        -:  273:              U/=trace_info]\n\
        -:  274:                           Display the contents of DWARF debug sections\n"));
    #####:  275:  fprintf (stream, _("\
        -:  276:  -Wk,--dwarf=links        Display the contents of sections that link to\n\
        -:  277:                            separate debuginfo files\n"));
        -:  278:#if DEFAULT_FOR_FOLLOW_LINKS
    #####:  279:  fprintf (stream, _("\
        -:  280:  -WK,--dwarf=follow-links\n\
        -:  281:                           Follow links to separate debug info files (default)\n"));
    #####:  282:  fprintf (stream, _("\
        -:  283:  -WN,--dwarf=no-follow-links\n\
        -:  284:                           Do not follow links to separate debug info files\n"));
        -:  285:#else
        -:  286:  fprintf (stream, _("\
        -:  287:  -WK,--dwarf=follow-links\n\
        -:  288:                           Follow links to separate debug info files\n"));
        -:  289:  fprintf (stream, _("\
        -:  290:  -WN,--dwarf=no-follow-links\n\
        -:  291:                           Do not follow links to separate debug info files\n\
        -:  292:                            (default)\n"));
        -:  293:#endif
        -:  294:#if HAVE_LIBDEBUGINFOD
        -:  295:  fprintf (stream, _("\
        -:  296:  -WD --dwarf=use-debuginfod\n\
        -:  297:                           When following links, also query debuginfod servers (default)\n"));
        -:  298:  fprintf (stream, _("\
        -:  299:  -WE --dwarf=do-not-use-debuginfod\n\
        -:  300:                           When following links, do not query debuginfod servers\n"));
        -:  301:#endif
    #####:  302:  fprintf (stream, _("\
        -:  303:  -L, --process-links      Display the contents of non-debug sections in\n\
        -:  304:                            separate debuginfo files.  (Implies -WK)\n"));
        -:  305:#ifdef ENABLE_LIBCTF
    #####:  306:  fprintf (stream, _("\
        -:  307:      --ctf[=SECTION]      Display CTF info from SECTION, (default `.ctf')\n"));
        -:  308:#endif
    #####:  309:  fprintf (stream, _("\
        -:  310:  -t, --syms               Display the contents of the symbol table(s)\n"));
    #####:  311:  fprintf (stream, _("\
        -:  312:  -T, --dynamic-syms       Display the contents of the dynamic symbol table\n"));
    #####:  313:  fprintf (stream, _("\
        -:  314:  -r, --reloc              Display the relocation entries in the file\n"));
    #####:  315:  fprintf (stream, _("\
        -:  316:  -R, --dynamic-reloc      Display the dynamic relocation entries in the file\n"));
    #####:  317:  fprintf (stream, _("\
        -:  318:  @<file>                  Read options from <file>\n"));
    #####:  319:  fprintf (stream, _("\
        -:  320:  -v, --version            Display this program's version number\n"));
    #####:  321:  fprintf (stream, _("\
        -:  322:  -i, --info               List object formats and architectures supported\n"));
    #####:  323:  fprintf (stream, _("\
        -:  324:  -H, --help               Display this information\n"));
        -:  325:
    #####:  326:  if (status != 2)
        -:  327:    {
        -:  328:      const struct objdump_private_desc * const *desc;
        -:  329:
    #####:  330:      fprintf (stream, _("\n The following switches are optional:\n"));
    #####:  331:      fprintf (stream, _("\
        -:  332:  -b, --target=BFDNAME           Specify the target object format as BFDNAME\n"));
    #####:  333:      fprintf (stream, _("\
        -:  334:  -m, --architecture=MACHINE     Specify the target architecture as MACHINE\n"));
    #####:  335:      fprintf (stream, _("\
        -:  336:  -j, --section=NAME             Only display information for section NAME\n"));
    #####:  337:      fprintf (stream, _("\
        -:  338:  -M, --disassembler-options=OPT Pass text OPT on to the disassembler\n"));
    #####:  339:      fprintf (stream, _("\
        -:  340:  -EB --endian=big               Assume big endian format when disassembling\n"));
    #####:  341:      fprintf (stream, _("\
        -:  342:  -EL --endian=little            Assume little endian format when disassembling\n"));
    #####:  343:      fprintf (stream, _("\
        -:  344:      --file-start-context       Include context from start of file (with -S)\n"));
    #####:  345:      fprintf (stream, _("\
        -:  346:  -I, --include=DIR              Add DIR to search list for source files\n"));
    #####:  347:      fprintf (stream, _("\
        -:  348:  -l, --line-numbers             Include line numbers and filenames in output\n"));
    #####:  349:      fprintf (stream, _("\
        -:  350:  -F, --file-offsets             Include file offsets when displaying information\n"));
    #####:  351:      fprintf (stream, _("\
        -:  352:  -C, --demangle[=STYLE]         Decode mangled/processed symbol names\n"));
    #####:  353:      display_demangler_styles (stream, _("\
        -:  354:                                   STYLE can be "));
    #####:  355:      fprintf (stream, _("\
        -:  356:      --recurse-limit            Enable a limit on recursion whilst demangling\n\
        -:  357:                                  (default)\n"));
    #####:  358:      fprintf (stream, _("\
        -:  359:      --no-recurse-limit         Disable a limit on recursion whilst demangling\n"));
    #####:  360:      fprintf (stream, _("\
        -:  361:  -w, --wide                     Format output for more than 80 columns\n"));
    #####:  362:      fprintf (stream, _("\
        -:  363:  -U[d|l|i|x|e|h]                Controls the display of UTF-8 unicode characters\n\
        -:  364:  --unicode=[default|locale|invalid|hex|escape|highlight]\n"));
    #####:  365:      fprintf (stream, _("\
        -:  366:  -z, --disassemble-zeroes       Do not skip blocks of zeroes when disassembling\n"));
    #####:  367:      fprintf (stream, _("\
        -:  368:      --start-address=ADDR       Only process data whose address is >= ADDR\n"));
    #####:  369:      fprintf (stream, _("\
        -:  370:      --stop-address=ADDR        Only process data whose address is < ADDR\n"));
    #####:  371:      fprintf (stream, _("\
        -:  372:      --no-addresses             Do not print address alongside disassembly\n"));
    #####:  373:      fprintf (stream, _("\
        -:  374:      --prefix-addresses         Print complete address alongside disassembly\n"));
    #####:  375:      fprintf (stream, _("\
        -:  376:      --[no-]show-raw-insn       Display hex alongside symbolic disassembly\n"));
    #####:  377:      fprintf (stream, _("\
        -:  378:      --insn-width=WIDTH         Display WIDTH bytes on a single line for -d\n"));
    #####:  379:      fprintf (stream, _("\
        -:  380:      --adjust-vma=OFFSET        Add OFFSET to all displayed section addresses\n"));
    #####:  381:      fprintf (stream, _("\
        -:  382:      --special-syms             Include special symbols in symbol dumps\n"));
    #####:  383:      fprintf (stream, _("\
        -:  384:      --inlines                  Print all inlines for source line (with -l)\n"));
    #####:  385:      fprintf (stream, _("\
        -:  386:      --prefix=PREFIX            Add PREFIX to absolute paths for -S\n"));
    #####:  387:      fprintf (stream, _("\
        -:  388:      --prefix-strip=LEVEL       Strip initial directory names for -S\n"));
    #####:  389:      fprintf (stream, _("\
        -:  390:      --dwarf-depth=N            Do not display DIEs at depth N or greater\n"));
    #####:  391:      fprintf (stream, _("\
        -:  392:      --dwarf-start=N            Display DIEs starting at offset N\n"));
    #####:  393:      fprintf (stream, _("\
        -:  394:      --dwarf-check              Make additional dwarf consistency checks.\n"));
        -:  395:#ifdef ENABLE_LIBCTF
    #####:  396:      fprintf (stream, _("\
        -:  397:      --ctf-parent=NAME          Use CTF archive member NAME as the CTF parent\n"));
        -:  398:#endif
    #####:  399:      fprintf (stream, _("\
        -:  400:      --visualize-jumps          Visualize jumps by drawing ASCII art lines\n"));
    #####:  401:      fprintf (stream, _("\
        -:  402:      --visualize-jumps=color    Use colors in the ASCII art\n"));
    #####:  403:      fprintf (stream, _("\
        -:  404:      --visualize-jumps=extended-color\n\
        -:  405:                                 Use extended 8-bit color codes\n"));
    #####:  406:      fprintf (stream, _("\
        -:  407:      --visualize-jumps=off      Disable jump visualization\n\n"));
    #####:  408:      fprintf (stream, _("\
        -:  409:      --disassembler-color=off   Disable disassembler color output.\n\n"));
    #####:  410:      fprintf (stream, _("\
        -:  411:      --disassembler-color=color Use basic colors in disassembler output.\n\n"));
        -:  412:
    #####:  413:      list_supported_targets (program_name, stream);
    #####:  414:      list_supported_architectures (program_name, stream);
        -:  415:
    #####:  416:      disassembler_usage (stream);
        -:  417:
    #####:  418:      if (objdump_private_vectors[0] != NULL)
        -:  419:        {
    #####:  420:          fprintf (stream,
    #####:  421:                   _("\nOptions supported for -P/--private switch:\n"));
    #####:  422:          for (desc = objdump_private_vectors; *desc != NULL; desc++)
    #####:  423:            (*desc)->help (stream);
        -:  424:        }
        -:  425:    }
    #####:  426:  if (REPORT_BUGS_TO[0] && status == 0)
    #####:  427:    fprintf (stream, _("Report bugs to %s.\n"), REPORT_BUGS_TO);
    #####:  428:  exit (status);
        -:  429:}
        -:  430:
        -:  431:/* 150 isn't special; it's just an arbitrary non-ASCII char value.  */
        -:  432:enum option_values
        -:  433:  {
        -:  434:    OPTION_ENDIAN=150,
        -:  435:    OPTION_START_ADDRESS,
        -:  436:    OPTION_STOP_ADDRESS,
        -:  437:    OPTION_DWARF,
        -:  438:    OPTION_PREFIX,
        -:  439:    OPTION_PREFIX_STRIP,
        -:  440:    OPTION_INSN_WIDTH,
        -:  441:    OPTION_ADJUST_VMA,
        -:  442:    OPTION_DWARF_DEPTH,
        -:  443:    OPTION_DWARF_CHECK,
        -:  444:    OPTION_DWARF_START,
        -:  445:    OPTION_RECURSE_LIMIT,
        -:  446:    OPTION_NO_RECURSE_LIMIT,
        -:  447:    OPTION_INLINES,
        -:  448:    OPTION_SOURCE_COMMENT,
        -:  449:#ifdef ENABLE_LIBCTF
        -:  450:    OPTION_CTF,
        -:  451:    OPTION_CTF_PARENT,
        -:  452:#endif
        -:  453:    OPTION_VISUALIZE_JUMPS,
        -:  454:    OPTION_DISASSEMBLER_COLOR
        -:  455:  };
        -:  456:
        -:  457:static struct option long_options[]=
        -:  458:{
        -:  459:  {"adjust-vma", required_argument, NULL, OPTION_ADJUST_VMA},
        -:  460:  {"all-headers", no_argument, NULL, 'x'},
        -:  461:  {"architecture", required_argument, NULL, 'm'},
        -:  462:  {"archive-headers", no_argument, NULL, 'a'},
        -:  463:#ifdef ENABLE_LIBCTF
        -:  464:  {"ctf", optional_argument, NULL, OPTION_CTF},
        -:  465:  {"ctf-parent", required_argument, NULL, OPTION_CTF_PARENT},
        -:  466:#endif
        -:  467:  {"debugging", no_argument, NULL, 'g'},
        -:  468:  {"debugging-tags", no_argument, NULL, 'e'},
        -:  469:  {"demangle", optional_argument, NULL, 'C'},
        -:  470:  {"disassemble", optional_argument, NULL, 'd'},
        -:  471:  {"disassemble-all", no_argument, NULL, 'D'},
        -:  472:  {"disassemble-zeroes", no_argument, NULL, 'z'},
        -:  473:  {"disassembler-options", required_argument, NULL, 'M'},
        -:  474:  {"dwarf", optional_argument, NULL, OPTION_DWARF},
        -:  475:  {"dwarf-check", no_argument, 0, OPTION_DWARF_CHECK},
        -:  476:  {"dwarf-depth", required_argument, 0, OPTION_DWARF_DEPTH},
        -:  477:  {"dwarf-start", required_argument, 0, OPTION_DWARF_START},
        -:  478:  {"dynamic-reloc", no_argument, NULL, 'R'},
        -:  479:  {"dynamic-syms", no_argument, NULL, 'T'},
        -:  480:  {"endian", required_argument, NULL, OPTION_ENDIAN},
        -:  481:  {"file-headers", no_argument, NULL, 'f'},
        -:  482:  {"file-offsets", no_argument, NULL, 'F'},
        -:  483:  {"file-start-context", no_argument, &file_start_context, 1},
        -:  484:  {"full-contents", no_argument, NULL, 's'},
        -:  485:  {"headers", no_argument, NULL, 'h'},
        -:  486:  {"help", no_argument, NULL, 'H'},
        -:  487:  {"include", required_argument, NULL, 'I'},
        -:  488:  {"info", no_argument, NULL, 'i'},
        -:  489:  {"inlines", no_argument, 0, OPTION_INLINES},
        -:  490:  {"insn-width", required_argument, NULL, OPTION_INSN_WIDTH},
        -:  491:  {"line-numbers", no_argument, NULL, 'l'},
        -:  492:  {"no-addresses", no_argument, &no_addresses, 1},
        -:  493:  {"no-recurse-limit", no_argument, NULL, OPTION_NO_RECURSE_LIMIT},
        -:  494:  {"no-recursion-limit", no_argument, NULL, OPTION_NO_RECURSE_LIMIT},
        -:  495:  {"no-show-raw-insn", no_argument, &show_raw_insn, -1},
        -:  496:  {"prefix", required_argument, NULL, OPTION_PREFIX},
        -:  497:  {"prefix-addresses", no_argument, &prefix_addresses, 1},
        -:  498:  {"prefix-strip", required_argument, NULL, OPTION_PREFIX_STRIP},
        -:  499:  {"private", required_argument, NULL, 'P'},
        -:  500:  {"private-headers", no_argument, NULL, 'p'},
        -:  501:  {"process-links", no_argument, &process_links, true},
        -:  502:  {"recurse-limit", no_argument, NULL, OPTION_RECURSE_LIMIT},
        -:  503:  {"recursion-limit", no_argument, NULL, OPTION_RECURSE_LIMIT},
        -:  504:  {"reloc", no_argument, NULL, 'r'},
        -:  505:  {"section", required_argument, NULL, 'j'},
        -:  506:  {"section-headers", no_argument, NULL, 'h'},
        -:  507:  {"show-raw-insn", no_argument, &show_raw_insn, 1},
        -:  508:  {"source", no_argument, NULL, 'S'},
        -:  509:  {"source-comment", optional_argument, NULL, OPTION_SOURCE_COMMENT},
        -:  510:  {"special-syms", no_argument, &dump_special_syms, 1},
        -:  511:  {"stabs", no_argument, NULL, 'G'},
        -:  512:  {"start-address", required_argument, NULL, OPTION_START_ADDRESS},
        -:  513:  {"stop-address", required_argument, NULL, OPTION_STOP_ADDRESS},
        -:  514:  {"syms", no_argument, NULL, 't'},
        -:  515:  {"target", required_argument, NULL, 'b'},
        -:  516:  {"unicode", required_argument, NULL, 'U'},
        -:  517:  {"version", no_argument, NULL, 'V'},
        -:  518:  {"visualize-jumps", optional_argument, 0, OPTION_VISUALIZE_JUMPS},
        -:  519:  {"wide", no_argument, NULL, 'w'},
        -:  520:  {"disassembler-color", required_argument, NULL, OPTION_DISASSEMBLER_COLOR},
        -:  521:  {NULL, no_argument, NULL, 0}
        -:  522:};
        -:  523:
        -:  524:static void
      106:  525:nonfatal (const char *msg)
        -:  526:{
      106:  527:  bfd_nonfatal (msg);
      106:  528:  exit_status = 1;
      106:  529:}
        -:  530:
        -:  531:/* Convert a potential UTF-8 encoded sequence in IN into characters in OUT.
        -:  532:   The conversion format is controlled by the unicode_display variable.
        -:  533:   Returns the number of characters added to OUT.
        -:  534:   Returns the number of bytes consumed from IN in CONSUMED.
        -:  535:   Always consumes at least one byte and displays at least one character.  */
        -:  536:
        -:  537:static unsigned int
    #####:  538:display_utf8 (const unsigned char * in, char * out, unsigned int * consumed)
        -:  539:{
    #####:  540:  char *        orig_out = out;
    #####:  541:  unsigned int  nchars = 0;
        -:  542:  unsigned int j;
        -:  543:
    #####:  544:  if (unicode_display == unicode_default)
    #####:  545:    goto invalid;
        -:  546:
    #####:  547:  if (in[0] < 0xc0)
    #####:  548:    goto invalid;
        -:  549:
    #####:  550:  if ((in[1] & 0xc0) != 0x80)
    #####:  551:    goto invalid;
        -:  552:
    #####:  553:  if ((in[0] & 0x20) == 0)
        -:  554:    {
    #####:  555:      nchars = 2;
    #####:  556:      goto valid;
        -:  557:    }
        -:  558:
    #####:  559:  if ((in[2] & 0xc0) != 0x80)
    #####:  560:    goto invalid;
        -:  561:
    #####:  562:  if ((in[0] & 0x10) == 0)
        -:  563:    {
    #####:  564:      nchars = 3;
    #####:  565:      goto valid;
        -:  566:    }
        -:  567:
    #####:  568:  if ((in[3] & 0xc0) != 0x80)
    #####:  569:    goto invalid;
        -:  570:
    #####:  571:  nchars = 4;
        -:  572:
    #####:  573: valid:
    #####:  574:  switch (unicode_display)
        -:  575:    {
    #####:  576:    case unicode_locale:
        -:  577:      /* Copy the bytes into the output buffer as is.  */
    #####:  578:      memcpy (out, in, nchars);
    #####:  579:      out += nchars;
    #####:  580:      break;
        -:  581:
    #####:  582:    case unicode_invalid:
        -:  583:    case unicode_hex:
    #####:  584:      out += sprintf (out, "%c", unicode_display == unicode_hex ? '<' : '{');
    #####:  585:      out += sprintf (out, "0x");
    #####:  586:      for (j = 0; j < nchars; j++)
    #####:  587:	out += sprintf (out, "%02x", in [j]);
    #####:  588:      out += sprintf (out, "%c", unicode_display == unicode_hex ? '>' : '}');
    #####:  589:      break;
        -:  590:
    #####:  591:    case unicode_highlight:
    #####:  592:      if (isatty (1))
    #####:  593:	out += sprintf (out, "\x1B[31;47m"); /* Red.  */
        -:  594:      /* Fall through.  */
        -:  595:    case unicode_escape:
        -:  596:      switch (nchars)
        -:  597:	{
    #####:  598:	case 2:
    #####:  599:	  out += sprintf (out, "\\u%02x%02x",
    #####:  600:		  ((in[0] & 0x1c) >> 2),
    #####:  601:		  ((in[0] & 0x03) << 6) | (in[1] & 0x3f));
    #####:  602:	  break;
        -:  603:
    #####:  604:	case 3:
    #####:  605:	  out += sprintf (out, "\\u%02x%02x",
    #####:  606:		  ((in[0] & 0x0f) << 4) | ((in[1] & 0x3c) >> 2),
    #####:  607:		  ((in[1] & 0x03) << 6) | ((in[2] & 0x3f)));
    #####:  608:	  break;
        -:  609:
    #####:  610:	case 4:
    #####:  611:	  out += sprintf (out, "\\u%02x%02x%02x",
    #####:  612:		  ((in[0] & 0x07) << 6) | ((in[1] & 0x3c) >> 2),
    #####:  613:		  ((in[1] & 0x03) << 6) | ((in[2] & 0x3c) >> 2),
    #####:  614:		  ((in[2] & 0x03) << 6) | ((in[3] & 0x3f)));
    #####:  615:	  break;
    #####:  616:	default:
        -:  617:	  /* URG.  */
    #####:  618:	  break;
        -:  619:	}
        -:  620:
    #####:  621:      if (unicode_display == unicode_highlight && isatty (1))
    #####:  622:	out += sprintf (out, "\033[0m"); /* Default colour.  */
    #####:  623:      break;
        -:  624:
    #####:  625:    default:
        -:  626:      /* URG */
    #####:  627:      break;
        -:  628:    }
        -:  629:
    #####:  630:  * consumed = nchars;
    #####:  631:  return out - orig_out;
        -:  632:
    #####:  633: invalid:
        -:  634:  /* Not a valid UTF-8 sequence.  */
    #####:  635:  *out = *in;
    #####:  636:  * consumed = 1;
    #####:  637:  return 1;
        -:  638:}
        -:  639:
        -:  640:/* Returns a version of IN with any control characters
        -:  641:   replaced by escape sequences.  Uses a static buffer
        -:  642:   if necessary.
        -:  643:
        -:  644:   If unicode display is enabled, then also handles the
        -:  645:   conversion of unicode characters.  */
        -:  646:
        -:  647:static const char *
     1163:  648:sanitize_string (const char * in)
        -:  649:{
        -:  650:  static char *  buffer = NULL;
        -:  651:  static size_t  buffer_len = 0;
     1163:  652:  const char *   original = in;
        -:  653:  char *         out;
        -:  654:
        -:  655:  /* Paranoia.  */
     1163:  656:  if (in == NULL)
    #####:  657:    return "";
        -:  658:
        -:  659:  /* See if any conversion is necessary.  In the majority
        -:  660:     of cases it will not be needed.  */
        -:  661:  do
    31429:  662:    {
    32592:  663:      unsigned char c = *in++;
        -:  664:
    32592:  665:      if (c == 0)
     1133:  666:	return original;
        -:  667:
    31459:  668:      if (ISCNTRL (c))
       30:  669:	break;
        -:  670:
   31429*:  671:      if (unicode_display != unicode_default && c >= 0xc0)
    #####:  672:	break;
        -:  673:    }
        -:  674:  while (1);
        -:  675:
        -:  676:  /* Copy the input, translating as needed.  */
       30:  677:  in = original;
       30:  678:  if (buffer_len < (strlen (in) * 9))
        -:  679:    {
        2:  680:      free ((void *) buffer);
        2:  681:      buffer_len = strlen (in) * 9;
        2:  682:      buffer = xmalloc (buffer_len + 1);
        -:  683:    }
        -:  684:
       30:  685:  out = buffer;
        -:  686:  do
      138:  687:    {
      168:  688:      unsigned char c = *in++;
        -:  689:
      168:  690:      if (c == 0)
       30:  691:	break;
        -:  692:
      138:  693:      if (ISCNTRL (c))
        -:  694:	{
       50:  695:	  *out++ = '^';
       50:  696:	  *out++ = c + 0x40;
        -:  697:	}
      88*:  698:      else if (unicode_display != unicode_default && c >= 0xc0)
    #####:  699:	{
        -:  700:	  unsigned int num_consumed;
        -:  701:
    #####:  702:	  out += display_utf8 ((const unsigned char *)(in - 1), out, & num_consumed);
    #####:  703:	  in += num_consumed - 1;
        -:  704:	}
        -:  705:      else
       88:  706:	*out++ = c;
        -:  707:    }
        -:  708:  while (1);
        -:  709:
       30:  710:  *out = 0;
       30:  711:  return buffer;
        -:  712:}
        -:  713:
        -:  714:
        -:  715:/* Returns TRUE if the specified section should be dumped.  */
        -:  716:
        -:  717:static bool
      502:  718:process_section_p (asection * section)
        -:  719:{
        -:  720:  struct only * only;
        -:  721:
      502:  722:  if (only_list == NULL)
      502:  723:    return true;
        -:  724:
    #####:  725:  for (only = only_list; only; only = only->next)
    #####:  726:    if (strcmp (only->name, section->name) == 0)
        -:  727:      {
    #####:  728:	only->seen = true;
    #####:  729:	return true;
        -:  730:      }
        -:  731:
    #####:  732:  return false;
        -:  733:}
        -:  734:
        -:  735:/* Add an entry to the 'only' list.  */
        -:  736:
        -:  737:static void
    #####:  738:add_only (char * name)
        -:  739:{
        -:  740:  struct only * only;
        -:  741:
        -:  742:  /* First check to make sure that we do not
        -:  743:     already have an entry for this name.  */
    #####:  744:  for (only = only_list; only; only = only->next)
    #####:  745:    if (strcmp (only->name, name) == 0)
    #####:  746:      return;
        -:  747:
    #####:  748:  only = xmalloc (sizeof * only);
    #####:  749:  only->name = name;
    #####:  750:  only->seen = false;
    #####:  751:  only->next = only_list;
    #####:  752:  only_list = only;
        -:  753:}
        -:  754:
        -:  755:/* Release the memory used by the 'only' list.
        -:  756:   PR 11225: Issue a warning message for unseen sections.
        -:  757:   Only do this if none of the sections were seen.  This is mainly to support
        -:  758:   tools like the GAS testsuite where an object file is dumped with a list of
        -:  759:   generic section names known to be present in a range of different file
        -:  760:   formats.  */
        -:  761:
        -:  762:static void
        1:  763:free_only_list (void)
        -:  764:{
        1:  765:  bool at_least_one_seen = false;
        -:  766:  struct only * only;
        -:  767:  struct only * next;
        -:  768:
        1:  769:  if (only_list == NULL)
        1:  770:    return;
        -:  771:
    #####:  772:  for (only = only_list; only; only = only->next)
    #####:  773:    if (only->seen)
        -:  774:      {
    #####:  775:	at_least_one_seen = true;
    #####:  776:	break;
        -:  777:      }
        -:  778:
    #####:  779:  for (only = only_list; only; only = next)
        -:  780:    {
    #####:  781:      if (! at_least_one_seen)
        -:  782:	{
    #####:  783:	  non_fatal (_("section '%s' mentioned in a -j option, "
        -:  784:		       "but not found in any input file"),
        -:  785:		     only->name);
    #####:  786:	  exit_status = 1;
        -:  787:	}
    #####:  788:      next = only->next;
    #####:  789:      free (only);
        -:  790:    }
        -:  791:}
        -:  792:
        -:  793:
        -:  794:static void
    #####:  795:dump_section_header (bfd *abfd, asection *section, void *data)
        -:  796:{
    #####:  797:  char *comma = "";
    #####:  798:  unsigned int opb = bfd_octets_per_byte (abfd, section);
    #####:  799:  int longest_section_name = *((int *) data);
        -:  800:
        -:  801:  /* Ignore linker created section.  See elfNN_ia64_object_p in
        -:  802:     bfd/elfxx-ia64.c.  */
    #####:  803:  if (section->flags & SEC_LINKER_CREATED)
    #####:  804:    return;
        -:  805:
        -:  806:  /* PR 10413: Skip sections that we are ignoring.  */
    #####:  807:  if (! process_section_p (section))
    #####:  808:    return;
        -:  809:
    #####:  810:  printf ("%3d %-*s %08lx  ", section->index, longest_section_name,
        -:  811:	  sanitize_string (bfd_section_name (section)),
    #####:  812:	  (unsigned long) bfd_section_size (section) / opb);
    #####:  813:  bfd_printf_vma (abfd, bfd_section_vma (section));
    #####:  814:  printf ("  ");
    #####:  815:  bfd_printf_vma (abfd, section->lma);
    #####:  816:  printf ("  %08lx  2**%u", (unsigned long) section->filepos,
        -:  817:	  bfd_section_alignment (section));
    #####:  818:  if (! wide_output)
    #####:  819:    printf ("\n                ");
    #####:  820:  printf ("  ");
        -:  821:
        -:  822:#define PF(x, y) \
        -:  823:  if (section->flags & x) { printf ("%s%s", comma, y); comma = ", "; }
        -:  824:
    #####:  825:  PF (SEC_HAS_CONTENTS, "CONTENTS");
    #####:  826:  PF (SEC_ALLOC, "ALLOC");
    #####:  827:  PF (SEC_CONSTRUCTOR, "CONSTRUCTOR");
    #####:  828:  PF (SEC_LOAD, "LOAD");
    #####:  829:  PF (SEC_RELOC, "RELOC");
    #####:  830:  PF (SEC_READONLY, "READONLY");
    #####:  831:  PF (SEC_CODE, "CODE");
    #####:  832:  PF (SEC_DATA, "DATA");
    #####:  833:  PF (SEC_ROM, "ROM");
    #####:  834:  PF (SEC_DEBUGGING, "DEBUGGING");
    #####:  835:  PF (SEC_NEVER_LOAD, "NEVER_LOAD");
    #####:  836:  PF (SEC_EXCLUDE, "EXCLUDE");
    #####:  837:  PF (SEC_SORT_ENTRIES, "SORT_ENTRIES");
    #####:  838:  if (bfd_get_arch (abfd) == bfd_arch_tic54x)
        -:  839:    {
    #####:  840:      PF (SEC_TIC54X_BLOCK, "BLOCK");
    #####:  841:      PF (SEC_TIC54X_CLINK, "CLINK");
        -:  842:    }
    #####:  843:  PF (SEC_SMALL_DATA, "SMALL_DATA");
    #####:  844:  if (bfd_get_flavour (abfd) == bfd_target_coff_flavour)
        -:  845:    {
    #####:  846:      PF (SEC_COFF_SHARED, "SHARED");
    #####:  847:      PF (SEC_COFF_NOREAD, "NOREAD");
        -:  848:    }
    #####:  849:  else if (bfd_get_flavour (abfd) == bfd_target_elf_flavour)
        -:  850:    {
    #####:  851:      PF (SEC_ELF_OCTETS, "OCTETS");
    #####:  852:      PF (SEC_ELF_PURECODE, "PURECODE");
        -:  853:    }
    #####:  854:  PF (SEC_THREAD_LOCAL, "THREAD_LOCAL");
    #####:  855:  PF (SEC_GROUP, "GROUP");
    #####:  856:  if (bfd_get_arch (abfd) == bfd_arch_mep)
        -:  857:    {
    #####:  858:      PF (SEC_MEP_VLIW, "VLIW");
        -:  859:    }
        -:  860:
    #####:  861:  if ((section->flags & SEC_LINK_ONCE) != 0)
        -:  862:    {
        -:  863:      const char *ls;
        -:  864:      struct coff_comdat_info *comdat;
        -:  865:
    #####:  866:      switch (section->flags & SEC_LINK_DUPLICATES)
        -:  867:	{
    #####:  868:	default:
    #####:  869:	  abort ();
    #####:  870:	case SEC_LINK_DUPLICATES_DISCARD:
    #####:  871:	  ls = "LINK_ONCE_DISCARD";
    #####:  872:	  break;
    #####:  873:	case SEC_LINK_DUPLICATES_ONE_ONLY:
    #####:  874:	  ls = "LINK_ONCE_ONE_ONLY";
    #####:  875:	  break;
    #####:  876:	case SEC_LINK_DUPLICATES_SAME_SIZE:
    #####:  877:	  ls = "LINK_ONCE_SAME_SIZE";
    #####:  878:	  break;
    #####:  879:	case SEC_LINK_DUPLICATES_SAME_CONTENTS:
    #####:  880:	  ls = "LINK_ONCE_SAME_CONTENTS";
    #####:  881:	  break;
        -:  882:	}
    #####:  883:      printf ("%s%s", comma, ls);
        -:  884:
    #####:  885:      comdat = bfd_coff_get_comdat_section (abfd, section);
    #####:  886:      if (comdat != NULL)
    #####:  887:	printf (" (COMDAT %s %ld)", comdat->name, comdat->symbol);
        -:  888:
    #####:  889:      comma = ", ";
        -:  890:    }
        -:  891:
    #####:  892:  printf ("\n");
        -:  893:#undef PF
        -:  894:}
        -:  895:
        -:  896:/* Called on each SECTION in ABFD, update the int variable pointed to by
        -:  897:   DATA which contains the string length of the longest section name.  */
        -:  898:
        -:  899:static void
    #####:  900:find_longest_section_name (bfd *abfd ATTRIBUTE_UNUSED,
        -:  901:			   asection *section, void *data)
        -:  902:{
    #####:  903:  int *longest_so_far = (int *) data;
        -:  904:  const char *name;
        -:  905:  int len;
        -:  906:
        -:  907:  /* Ignore linker created section.  */
    #####:  908:  if (section->flags & SEC_LINKER_CREATED)
    #####:  909:    return;
        -:  910:
        -:  911:  /* Skip sections that we are ignoring.  */
    #####:  912:  if (! process_section_p (section))
    #####:  913:    return;
        -:  914:
    #####:  915:  name = bfd_section_name (section);
    #####:  916:  len = (int) strlen (name);
    #####:  917:  if (len > *longest_so_far)
    #####:  918:    *longest_so_far = len;
        -:  919:}
        -:  920:
        -:  921:static void
    #####:  922:dump_headers (bfd *abfd)
        -:  923:{
        -:  924:  /* The default width of 13 is just an arbitrary choice.  */
    #####:  925:  int max_section_name_length = 13;
        -:  926:  int bfd_vma_width;
        -:  927:
        -:  928:#ifndef BFD64
        -:  929:  bfd_vma_width = 10;
        -:  930:#else
        -:  931:  /* With BFD64, non-ELF returns -1 and wants always 64 bit addresses.  */
    #####:  932:  if (bfd_get_arch_size (abfd) == 32)
    #####:  933:    bfd_vma_width = 10;
        -:  934:  else
    #####:  935:    bfd_vma_width = 18;
        -:  936:#endif
        -:  937:
    #####:  938:  printf (_("Sections:\n"));
        -:  939:
    #####:  940:  if (wide_output)
    #####:  941:    bfd_map_over_sections (abfd, find_longest_section_name,
        -:  942:			   &max_section_name_length);
        -:  943:
    #####:  944:  printf (_("Idx %-*s Size      %-*s%-*sFile off  Algn"),
        -:  945:	  max_section_name_length, "Name",
        -:  946:	  bfd_vma_width, "VMA",
        -:  947:	  bfd_vma_width, "LMA");
        -:  948:
    #####:  949:  if (wide_output)
    #####:  950:    printf (_("  Flags"));
    #####:  951:  printf ("\n");
        -:  952:
    #####:  953:  bfd_map_over_sections (abfd, dump_section_header,
        -:  954:			 &max_section_name_length);
    #####:  955:}
        -:  956:
        -:  957:static asymbol **
      293:  958:slurp_symtab (bfd *abfd)
        -:  959:{
      293:  960:  asymbol **sy = NULL;
        -:  961:  long storage;
        -:  962:
      293:  963:  if (!(bfd_get_file_flags (abfd) & HAS_SYMS))
        -:  964:    {
      293:  965:      symcount = 0;
      293:  966:      return NULL;
        -:  967:    }
        -:  968:
    #####:  969:  storage = bfd_get_symtab_upper_bound (abfd);
    #####:  970:  if (storage < 0)
        -:  971:    {
    #####:  972:      non_fatal (_("failed to read symbol table from: %s"), bfd_get_filename (abfd));
    #####:  973:      bfd_fatal (_("error message was"));
        -:  974:    }
        -:  975:
    #####:  976:  if (storage)
        -:  977:    {
    #####:  978:      off_t filesize = bfd_get_file_size (abfd);
        -:  979:
        -:  980:      /* qv PR 24707.  */
    #####:  981:      if (filesize > 0
    #####:  982:	  && filesize < storage
        -:  983:	  /* The MMO file format supports its own special compression
        -:  984:	     technique, so its sections can be larger than the file size.  */
    #####:  985:	  && bfd_get_flavour (abfd) != bfd_target_mmo_flavour)
        -:  986:	{
    #####:  987:	  bfd_nonfatal_message (bfd_get_filename (abfd), abfd, NULL,
    #####:  988:				_("error: symbol table size (%#lx) "
        -:  989:				  "is larger than filesize (%#lx)"),
        -:  990:				storage, (long) filesize);
    #####:  991:	  exit_status = 1;
    #####:  992:	  symcount = 0;
    #####:  993:	  return NULL;
        -:  994:	}
        -:  995:
    #####:  996:      sy = (asymbol **) xmalloc (storage);
        -:  997:    }
        -:  998:
    #####:  999:  symcount = bfd_canonicalize_symtab (abfd, sy);
    #####: 1000:  if (symcount < 0)
    #####: 1001:    bfd_fatal (bfd_get_filename (abfd));
    #####: 1002:  return sy;
        -: 1003:}
        -: 1004:
        -: 1005:/* Read in the dynamic symbols.  */
        -: 1006:
        -: 1007:static asymbol **
    #####: 1008:slurp_dynamic_symtab (bfd *abfd)
        -: 1009:{
    #####: 1010:  asymbol **sy = NULL;
        -: 1011:  long storage;
        -: 1012:
    #####: 1013:  storage = bfd_get_dynamic_symtab_upper_bound (abfd);
    #####: 1014:  if (storage < 0)
        -: 1015:    {
    #####: 1016:      if (!(bfd_get_file_flags (abfd) & DYNAMIC))
        -: 1017:	{
    #####: 1018:	  non_fatal (_("%s: not a dynamic object"), bfd_get_filename (abfd));
    #####: 1019:	  exit_status = 1;
    #####: 1020:	  dynsymcount = 0;
    #####: 1021:	  return NULL;
        -: 1022:	}
        -: 1023:
    #####: 1024:      bfd_fatal (bfd_get_filename (abfd));
        -: 1025:    }
        -: 1026:
    #####: 1027:  if (storage)
    #####: 1028:    sy = (asymbol **) xmalloc (storage);
        -: 1029:
    #####: 1030:  dynsymcount = bfd_canonicalize_dynamic_symtab (abfd, sy);
    #####: 1031:  if (dynsymcount < 0)
    #####: 1032:    bfd_fatal (bfd_get_filename (abfd));
    #####: 1033:  return sy;
        -: 1034:}
        -: 1035:
        -: 1036:/* Some symbol names are significant and should be kept in the
        -: 1037:   table of sorted symbol names, even if they are marked as
        -: 1038:   debugging/section symbols.  */
        -: 1039:
        -: 1040:static bool
    #####: 1041:is_significant_symbol_name (const char * name)
        -: 1042:{
    #####: 1043:  return startswith (name, ".plt") || startswith (name, ".got");
        -: 1044:}
        -: 1045:
        -: 1046:/* Filter out (in place) symbols that are useless for disassembly.
        -: 1047:   COUNT is the number of elements in SYMBOLS.
        -: 1048:   Return the number of useful symbols.  */
        -: 1049:
        -: 1050:static long
    #####: 1051:remove_useless_symbols (asymbol **symbols, long count)
        -: 1052:{
    #####: 1053:  asymbol **in_ptr = symbols, **out_ptr = symbols;
        -: 1054:
    #####: 1055:  while (--count >= 0)
        -: 1056:    {
    #####: 1057:      asymbol *sym = *in_ptr++;
        -: 1058:
    #####: 1059:      if (sym->name == NULL || sym->name[0] == '\0')
    #####: 1060:	continue;
    #####: 1061:      if ((sym->flags & (BSF_DEBUGGING | BSF_SECTION_SYM))
    #####: 1062:	  && ! is_significant_symbol_name (sym->name))
    #####: 1063:	continue;
    #####: 1064:      if (bfd_is_und_section (sym->section)
    #####: 1065:	  || bfd_is_com_section (sym->section))
    #####: 1066:	continue;
        -: 1067:
    #####: 1068:      *out_ptr++ = sym;
        -: 1069:    }
    #####: 1070:  return out_ptr - symbols;
        -: 1071:}
        -: 1072:
        -: 1073:static const asection *compare_section;
        -: 1074:
        -: 1075:/* Sort symbols into value order.  */
        -: 1076:
        -: 1077:static int
    #####: 1078:compare_symbols (const void *ap, const void *bp)
        -: 1079:{
    #####: 1080:  const asymbol *a = * (const asymbol **) ap;
    #####: 1081:  const asymbol *b = * (const asymbol **) bp;
        -: 1082:  const char *an;
        -: 1083:  const char *bn;
        -: 1084:  size_t anl;
        -: 1085:  size_t bnl;
        -: 1086:  bool as, af, bs, bf;
        -: 1087:  flagword aflags;
        -: 1088:  flagword bflags;
        -: 1089:
    #####: 1090:  if (bfd_asymbol_value (a) > bfd_asymbol_value (b))
    #####: 1091:    return 1;
    #####: 1092:  else if (bfd_asymbol_value (a) < bfd_asymbol_value (b))
    #####: 1093:    return -1;
        -: 1094:
        -: 1095:  /* Prefer symbols from the section currently being disassembled.
        -: 1096:     Don't sort symbols from other sections by section, since there
        -: 1097:     isn't much reason to prefer one section over another otherwise.
        -: 1098:     See sym_ok comment for why we compare by section name.  */
    #####: 1099:  as = strcmp (compare_section->name, a->section->name) == 0;
    #####: 1100:  bs = strcmp (compare_section->name, b->section->name) == 0;
    #####: 1101:  if (as && !bs)
    #####: 1102:    return -1;
    #####: 1103:  if (!as && bs)
    #####: 1104:    return 1;
        -: 1105:
    #####: 1106:  an = bfd_asymbol_name (a);
    #####: 1107:  bn = bfd_asymbol_name (b);
    #####: 1108:  anl = strlen (an);
    #####: 1109:  bnl = strlen (bn);
        -: 1110:
        -: 1111:  /* The symbols gnu_compiled and gcc2_compiled convey no real
        -: 1112:     information, so put them after other symbols with the same value.  */
    #####: 1113:  af = (strstr (an, "gnu_compiled") != NULL
    #####: 1114:	|| strstr (an, "gcc2_compiled") != NULL);
    #####: 1115:  bf = (strstr (bn, "gnu_compiled") != NULL
    #####: 1116:	|| strstr (bn, "gcc2_compiled") != NULL);
        -: 1117:
    #####: 1118:  if (af && ! bf)
    #####: 1119:    return 1;
    #####: 1120:  if (! af && bf)
    #####: 1121:    return -1;
        -: 1122:
        -: 1123:  /* We use a heuristic for the file name, to try to sort it after
        -: 1124:     more useful symbols.  It may not work on non Unix systems, but it
        -: 1125:     doesn't really matter; the only difference is precisely which
        -: 1126:     symbol names get printed.  */
        -: 1127:
        -: 1128:#define file_symbol(s, sn, snl)			\
        -: 1129:  (((s)->flags & BSF_FILE) != 0			\
        -: 1130:   || ((snl) > 2				\
        -: 1131:       && (sn)[(snl) - 2] == '.'		\
        -: 1132:       && ((sn)[(snl) - 1] == 'o'		\
        -: 1133:	   || (sn)[(snl) - 1] == 'a')))
        -: 1134:
    #####: 1135:  af = file_symbol (a, an, anl);
    #####: 1136:  bf = file_symbol (b, bn, bnl);
        -: 1137:
    #####: 1138:  if (af && ! bf)
    #####: 1139:    return 1;
    #####: 1140:  if (! af && bf)
    #####: 1141:    return -1;
        -: 1142:
        -: 1143:  /* Sort function and object symbols before global symbols before
        -: 1144:     local symbols before section symbols before debugging symbols.  */
        -: 1145:
    #####: 1146:  aflags = a->flags;
    #####: 1147:  bflags = b->flags;
        -: 1148:
    #####: 1149:  if ((aflags & BSF_DEBUGGING) != (bflags & BSF_DEBUGGING))
        -: 1150:    {
    #####: 1151:      if ((aflags & BSF_DEBUGGING) != 0)
    #####: 1152:	return 1;
        -: 1153:      else
    #####: 1154:	return -1;
        -: 1155:    }
    #####: 1156:  if ((aflags & BSF_SECTION_SYM) != (bflags & BSF_SECTION_SYM))
        -: 1157:    {
    #####: 1158:      if ((aflags & BSF_SECTION_SYM) != 0)
    #####: 1159:	return 1;
        -: 1160:      else
    #####: 1161:	return -1;
        -: 1162:    }
    #####: 1163:  if ((aflags & BSF_FUNCTION) != (bflags & BSF_FUNCTION))
        -: 1164:    {
    #####: 1165:      if ((aflags & BSF_FUNCTION) != 0)
    #####: 1166:	return -1;
        -: 1167:      else
    #####: 1168:	return 1;
        -: 1169:    }
    #####: 1170:  if ((aflags & BSF_OBJECT) != (bflags & BSF_OBJECT))
        -: 1171:    {
    #####: 1172:      if ((aflags & BSF_OBJECT) != 0)
    #####: 1173:	return -1;
        -: 1174:      else
    #####: 1175:	return 1;
        -: 1176:    }
    #####: 1177:  if ((aflags & BSF_LOCAL) != (bflags & BSF_LOCAL))
        -: 1178:    {
    #####: 1179:      if ((aflags & BSF_LOCAL) != 0)
    #####: 1180:	return 1;
        -: 1181:      else
    #####: 1182:	return -1;
        -: 1183:    }
    #####: 1184:  if ((aflags & BSF_GLOBAL) != (bflags & BSF_GLOBAL))
        -: 1185:    {
    #####: 1186:      if ((aflags & BSF_GLOBAL) != 0)
    #####: 1187:	return -1;
        -: 1188:      else
    #####: 1189:	return 1;
        -: 1190:    }
        -: 1191:
    #####: 1192:  if (bfd_get_flavour (bfd_asymbol_bfd (a)) == bfd_target_elf_flavour
    #####: 1193:      && bfd_get_flavour (bfd_asymbol_bfd (b)) == bfd_target_elf_flavour)
        -: 1194:    {
        -: 1195:      bfd_vma asz, bsz;
        -: 1196:
    #####: 1197:      asz = 0;
    #####: 1198:      if ((a->flags & (BSF_SECTION_SYM | BSF_SYNTHETIC)) == 0)
    #####: 1199:	asz = ((elf_symbol_type *) a)->internal_elf_sym.st_size;
    #####: 1200:      bsz = 0;
    #####: 1201:      if ((b->flags & (BSF_SECTION_SYM | BSF_SYNTHETIC)) == 0)
    #####: 1202:	bsz = ((elf_symbol_type *) b)->internal_elf_sym.st_size;
    #####: 1203:      if (asz != bsz)
    #####: 1204:	return asz > bsz ? -1 : 1;
        -: 1205:    }
        -: 1206:
        -: 1207:  /* Symbols that start with '.' might be section names, so sort them
        -: 1208:     after symbols that don't start with '.'.  */
    #####: 1209:  if (an[0] == '.' && bn[0] != '.')
    #####: 1210:    return 1;
    #####: 1211:  if (an[0] != '.' && bn[0] == '.')
    #####: 1212:    return -1;
        -: 1213:
        -: 1214:  /* Finally, if we can't distinguish them in any other way, try to
        -: 1215:     get consistent results by sorting the symbols by name.  */
    #####: 1216:  return strcmp (an, bn);
        -: 1217:}
        -: 1218:
        -: 1219:/* Sort relocs into address order.  */
        -: 1220:
        -: 1221:static int
    #####: 1222:compare_relocs (const void *ap, const void *bp)
        -: 1223:{
    #####: 1224:  const arelent *a = * (const arelent **) ap;
    #####: 1225:  const arelent *b = * (const arelent **) bp;
        -: 1226:
    #####: 1227:  if (a->address > b->address)
    #####: 1228:    return 1;
    #####: 1229:  else if (a->address < b->address)
    #####: 1230:    return -1;
        -: 1231:
        -: 1232:  /* So that associated relocations tied to the same address show up
        -: 1233:     in the correct order, we don't do any further sorting.  */
    #####: 1234:  if (a > b)
    #####: 1235:    return 1;
    #####: 1236:  else if (a < b)
    #####: 1237:    return -1;
        -: 1238:  else
    #####: 1239:    return 0;
        -: 1240:}
        -: 1241:
        -: 1242:/* Print an address (VMA) to the output stream in INFO.
        -: 1243:   If SKIP_ZEROES is TRUE, omit leading zeroes.  */
        -: 1244:
        -: 1245:static void
      734: 1246:objdump_print_value (bfd_vma vma, struct disassemble_info *inf,
        -: 1247:		     bool skip_zeroes)
        -: 1248:{
        -: 1249:  char buf[30];
        -: 1250:  char *p;
        -: 1251:  struct objdump_disasm_info *aux;
        -: 1252:
      734: 1253:  aux = (struct objdump_disasm_info *) inf->application_data;
      734: 1254:  bfd_sprintf_vma (aux->abfd, buf, vma);
      734: 1255:  if (! skip_zeroes)
      435: 1256:    p = buf;
        -: 1257:  else
        -: 1258:    {
      599: 1259:      for (p = buf; *p == '0'; ++p)
        -: 1260:	;
      299: 1261:      if (*p == '\0')
    #####: 1262:	--p;
        -: 1263:    }
      734: 1264:  (*inf->fprintf_styled_func) (inf->stream, dis_style_address, "%s", p);
      734: 1265:}
        -: 1266:
        -: 1267:/* Print the name of a symbol.  */
        -: 1268:
        -: 1269:static void
    #####: 1270:objdump_print_symname (bfd *abfd, struct disassemble_info *inf,
        -: 1271:		       asymbol *sym)
        -: 1272:{
        -: 1273:  char *alloc;
    #####: 1274:  const char *name, *version_string = NULL;
    #####: 1275:  bool hidden = false;
        -: 1276:
    #####: 1277:  alloc = NULL;
    #####: 1278:  name = bfd_asymbol_name (sym);
    #####: 1279:  if (do_demangle && name[0] != '\0')
        -: 1280:    {
        -: 1281:      /* Demangle the name.  */
    #####: 1282:      alloc = bfd_demangle (abfd, name, demangle_flags);
    #####: 1283:      if (alloc != NULL)
    #####: 1284:	name = alloc;
        -: 1285:    }
        -: 1286:
    #####: 1287:  if ((sym->flags & (BSF_SECTION_SYM | BSF_SYNTHETIC)) == 0)
    #####: 1288:    version_string = bfd_get_symbol_version_string (abfd, sym, true,
        -: 1289:						    &hidden);
        -: 1290:
    #####: 1291:  if (bfd_is_und_section (bfd_asymbol_section (sym)))
    #####: 1292:    hidden = true;
        -: 1293:
    #####: 1294:  name = sanitize_string (name);
        -: 1295:
    #####: 1296:  if (inf != NULL)
        -: 1297:    {
    #####: 1298:      (*inf->fprintf_styled_func) (inf->stream, dis_style_symbol, "%s", name);
    #####: 1299:      if (version_string && *version_string != '\0')
    #####: 1300:	(*inf->fprintf_styled_func) (inf->stream, dis_style_symbol,
    #####: 1301:				     hidden ? "@%s" : "@@%s",
        -: 1302:				     version_string);
        -: 1303:    }
        -: 1304:  else
        -: 1305:    {
    #####: 1306:      printf ("%s", name);
    #####: 1307:      if (version_string && *version_string != '\0')
    #####: 1308:	printf (hidden ? "@%s" : "@@%s", version_string);
        -: 1309:    }
        -: 1310:
    #####: 1311:  if (alloc != NULL)
    #####: 1312:    free (alloc);
    #####: 1313:}
        -: 1314:
        -: 1315:static inline bool
    #####: 1316:sym_ok (bool want_section,
        -: 1317:	bfd *abfd ATTRIBUTE_UNUSED,
        -: 1318:	long place,
        -: 1319:	asection *sec,
        -: 1320:	struct disassemble_info *inf)
        -: 1321:{
    #####: 1322:  if (want_section)
        -: 1323:    {
        -: 1324:      /* NB: An object file can have different sections with the same
        -: 1325:	 section name.  Compare compare section pointers if they have
        -: 1326:	 the same owner.  */
    #####: 1327:      if (sorted_syms[place]->section->owner == sec->owner
    #####: 1328:	  && sorted_syms[place]->section != sec)
    #####: 1329:	return false;
        -: 1330:
        -: 1331:      /* Note - we cannot just compare section pointers because they could
        -: 1332:	 be different, but the same...  Ie the symbol that we are trying to
        -: 1333:	 find could have come from a separate debug info file.  Under such
        -: 1334:	 circumstances the symbol will be associated with a section in the
        -: 1335:	 debug info file, whilst the section we want is in a normal file.
        -: 1336:	 So the section pointers will be different, but the section names
        -: 1337:	 will be the same.  */
    #####: 1338:      if (strcmp (bfd_section_name (sorted_syms[place]->section),
        -: 1339:		  bfd_section_name (sec)) != 0)
    #####: 1340:	return false;
        -: 1341:    }
        -: 1342:
    #####: 1343:  return inf->symbol_is_valid (sorted_syms[place], inf);
        -: 1344:}
        -: 1345:
        -: 1346:/* Locate a symbol given a bfd and a section (from INFO->application_data),
        -: 1347:   and a VMA.  If INFO->application_data->require_sec is TRUE, then always
        -: 1348:   require the symbol to be in the section.  Returns NULL if there is no
        -: 1349:   suitable symbol.  If PLACE is not NULL, then *PLACE is set to the index
        -: 1350:   of the symbol in sorted_syms.  */
        -: 1351:
        -: 1352:static asymbol *
      435: 1353:find_symbol_for_address (bfd_vma vma,
        -: 1354:			 struct disassemble_info *inf,
        -: 1355:			 long *place)
        -: 1356:{
        -: 1357:  /* @@ Would it speed things up to cache the last two symbols returned,
        -: 1358:     and maybe their address ranges?  For many processors, only one memory
        -: 1359:     operand can be present at a time, so the 2-entry cache wouldn't be
        -: 1360:     constantly churned by code doing heavy memory accesses.  */
        -: 1361:
        -: 1362:  /* Indices in `sorted_syms'.  */
      435: 1363:  long min = 0;
      435: 1364:  long max_count = sorted_symcount;
        -: 1365:  long thisplace;
        -: 1366:  struct objdump_disasm_info *aux;
        -: 1367:  bfd *abfd;
        -: 1368:  asection *sec;
        -: 1369:  unsigned int opb;
        -: 1370:  bool want_section;
        -: 1371:  long rel_count;
        -: 1372:
      435: 1373:  if (sorted_symcount < 1)
      435: 1374:    return NULL;
        -: 1375:
    #####: 1376:  aux = (struct objdump_disasm_info *) inf->application_data;
    #####: 1377:  abfd = aux->abfd;
    #####: 1378:  sec = inf->section;
    #####: 1379:  opb = inf->octets_per_byte;
        -: 1380:
        -: 1381:  /* Perform a binary search looking for the closest symbol to the
        -: 1382:     required value.  We are searching the range (min, max_count].  */
    #####: 1383:  while (min + 1 < max_count)
        -: 1384:    {
        -: 1385:      asymbol *sym;
        -: 1386:
    #####: 1387:      thisplace = (max_count + min) / 2;
    #####: 1388:      sym = sorted_syms[thisplace];
        -: 1389:
    #####: 1390:      if (bfd_asymbol_value (sym) > vma)
    #####: 1391:	max_count = thisplace;
    #####: 1392:      else if (bfd_asymbol_value (sym) < vma)
    #####: 1393:	min = thisplace;
        -: 1394:      else
        -: 1395:	{
    #####: 1396:	  min = thisplace;
    #####: 1397:	  break;
        -: 1398:	}
        -: 1399:    }
        -: 1400:
        -: 1401:  /* The symbol we want is now in min, the low end of the range we
        -: 1402:     were searching.  If there are several symbols with the same
        -: 1403:     value, we want the first one.  */
    #####: 1404:  thisplace = min;
    #####: 1405:  while (thisplace > 0
    #####: 1406:	 && (bfd_asymbol_value (sorted_syms[thisplace])
    #####: 1407:	     == bfd_asymbol_value (sorted_syms[thisplace - 1])))
    #####: 1408:    --thisplace;
        -: 1409:
        -: 1410:  /* Prefer a symbol in the current section if we have multple symbols
        -: 1411:     with the same value, as can occur with overlays or zero size
        -: 1412:     sections.  */
    #####: 1413:  min = thisplace;
    #####: 1414:  while (min < max_count
    #####: 1415:	 && (bfd_asymbol_value (sorted_syms[min])
    #####: 1416:	     == bfd_asymbol_value (sorted_syms[thisplace])))
        -: 1417:    {
    #####: 1418:      if (sym_ok (true, abfd, min, sec, inf))
        -: 1419:	{
    #####: 1420:	  thisplace = min;
        -: 1421:
    #####: 1422:	  if (place != NULL)
    #####: 1423:	    *place = thisplace;
        -: 1424:
    #####: 1425:	  return sorted_syms[thisplace];
        -: 1426:	}
    #####: 1427:      ++min;
        -: 1428:    }
        -: 1429:
        -: 1430:  /* If the file is relocatable, and the symbol could be from this
        -: 1431:     section, prefer a symbol from this section over symbols from
        -: 1432:     others, even if the other symbol's value might be closer.
        -: 1433:
        -: 1434:     Note that this may be wrong for some symbol references if the
        -: 1435:     sections have overlapping memory ranges, but in that case there's
        -: 1436:     no way to tell what's desired without looking at the relocation
        -: 1437:     table.
        -: 1438:
        -: 1439:     Also give the target a chance to reject symbols.  */
    #####: 1440:  want_section = (aux->require_sec
    #####: 1441:		  || ((abfd->flags & HAS_RELOC) != 0
    #####: 1442:		      && vma >= bfd_section_vma (sec)
    #####: 1443:		      && vma < (bfd_section_vma (sec)
    #####: 1444:				+ bfd_section_size (sec) / opb)));
        -: 1445:
    #####: 1446:  if (! sym_ok (want_section, abfd, thisplace, sec, inf))
        -: 1447:    {
        -: 1448:      long i;
    #####: 1449:      long newplace = sorted_symcount;
        -: 1450:
    #####: 1451:      for (i = min - 1; i >= 0; i--)
        -: 1452:	{
    #####: 1453:	  if (sym_ok (want_section, abfd, i, sec, inf))
        -: 1454:	    {
    #####: 1455:	      if (newplace == sorted_symcount)
    #####: 1456:		newplace = i;
        -: 1457:
    #####: 1458:	      if (bfd_asymbol_value (sorted_syms[i])
    #####: 1459:		  != bfd_asymbol_value (sorted_syms[newplace]))
    #####: 1460:		break;
        -: 1461:
        -: 1462:	      /* Remember this symbol and keep searching until we reach
        -: 1463:		 an earlier address.  */
    #####: 1464:	      newplace = i;
        -: 1465:	    }
        -: 1466:	}
        -: 1467:
    #####: 1468:      if (newplace != sorted_symcount)
    #####: 1469:	thisplace = newplace;
        -: 1470:      else
        -: 1471:	{
        -: 1472:	  /* We didn't find a good symbol with a smaller value.
        -: 1473:	     Look for one with a larger value.  */
    #####: 1474:	  for (i = thisplace + 1; i < sorted_symcount; i++)
        -: 1475:	    {
    #####: 1476:	      if (sym_ok (want_section, abfd, i, sec, inf))
        -: 1477:		{
    #####: 1478:		  thisplace = i;
    #####: 1479:		  break;
        -: 1480:		}
        -: 1481:	    }
        -: 1482:	}
        -: 1483:
    #####: 1484:      if (! sym_ok (want_section, abfd, thisplace, sec, inf))
        -: 1485:	/* There is no suitable symbol.  */
    #####: 1486:	return NULL;
        -: 1487:    }
        -: 1488:
        -: 1489:  /* If we have not found an exact match for the specified address
        -: 1490:     and we have dynamic relocations available, then we can produce
        -: 1491:     a better result by matching a relocation to the address and
        -: 1492:     using the symbol associated with that relocation.  */
    #####: 1493:  rel_count = inf->dynrelcount;
    #####: 1494:  if (!want_section
    #####: 1495:      && sorted_syms[thisplace]->value != vma
    #####: 1496:      && rel_count > 0
    #####: 1497:      && inf->dynrelbuf != NULL
    #####: 1498:      && inf->dynrelbuf[0]->address <= vma
    #####: 1499:      && inf->dynrelbuf[rel_count - 1]->address >= vma
        -: 1500:      /* If we have matched a synthetic symbol, then stick with that.  */
    #####: 1501:      && (sorted_syms[thisplace]->flags & BSF_SYNTHETIC) == 0)
        -: 1502:    {
        -: 1503:      arelent **  rel_low;
        -: 1504:      arelent **  rel_high;
        -: 1505:
    #####: 1506:      rel_low = inf->dynrelbuf;
    #####: 1507:      rel_high = rel_low + rel_count - 1;
    #####: 1508:      while (rel_low <= rel_high)
        -: 1509:	{
    #####: 1510:	  arelent **rel_mid = &rel_low[(rel_high - rel_low) / 2];
    #####: 1511:	  arelent * rel = *rel_mid;
        -: 1512:
    #####: 1513:	  if (rel->address == vma)
        -: 1514:	    {
        -: 1515:	      /* Absolute relocations do not provide a more helpful
        -: 1516:		 symbolic address.  Find a non-absolute relocation
        -: 1517:		 with the same address.  */
    #####: 1518:	      arelent **rel_vma = rel_mid;
    #####: 1519:	      for (rel_mid--;
    #####: 1520:		   rel_mid >= rel_low && rel_mid[0]->address == vma;
    #####: 1521:		   rel_mid--)
    #####: 1522:		rel_vma = rel_mid;
        -: 1523:
    #####: 1524:	      for (; rel_vma <= rel_high && rel_vma[0]->address == vma;
    #####: 1525:		   rel_vma++)
        -: 1526:		{
    #####: 1527:		  rel = *rel_vma;
    #####: 1528:		  if (rel->sym_ptr_ptr != NULL
    #####: 1529:		      && ! bfd_is_abs_section ((* rel->sym_ptr_ptr)->section))
        -: 1530:		    {
    #####: 1531:		      if (place != NULL)
    #####: 1532:			* place = thisplace;
    #####: 1533:		      return * rel->sym_ptr_ptr;
        -: 1534:		    }
        -: 1535:		}
    #####: 1536:	      break;
        -: 1537:	    }
        -: 1538:
    #####: 1539:	  if (vma < rel->address)
    #####: 1540:	    rel_high = rel_mid;
    #####: 1541:	  else if (vma >= rel_mid[1]->address)
    #####: 1542:	    rel_low = rel_mid + 1;
        -: 1543:	  else
    #####: 1544:	    break;
        -: 1545:	}
        -: 1546:    }
        -: 1547:
    #####: 1548:  if (place != NULL)
    #####: 1549:    *place = thisplace;
        -: 1550:
    #####: 1551:  return sorted_syms[thisplace];
        -: 1552:}
        -: 1553:
        -: 1554:/* Print an address and the offset to the nearest symbol.  */
        -: 1555:
        -: 1556:static void
      435: 1557:objdump_print_addr_with_sym (bfd *abfd, asection *sec, asymbol *sym,
        -: 1558:			     bfd_vma vma, struct disassemble_info *inf,
        -: 1559:			     bool skip_zeroes)
        -: 1560:{
      435: 1561:  if (!no_addresses)
        -: 1562:    {
      435: 1563:      objdump_print_value (vma, inf, skip_zeroes);
      435: 1564:      (*inf->fprintf_styled_func) (inf->stream, dis_style_text, " ");
        -: 1565:    }
        -: 1566:
      435: 1567:  if (sym == NULL)
        -: 1568:    {
        -: 1569:      bfd_vma secaddr;
        -: 1570:
      435: 1571:      (*inf->fprintf_styled_func) (inf->stream, dis_style_text,"<");
      435: 1572:      (*inf->fprintf_styled_func) (inf->stream, dis_style_symbol, "%s",
        -: 1573:				   sanitize_string (bfd_section_name (sec)));
      435: 1574:      secaddr = bfd_section_vma (sec);
      435: 1575:      if (vma < secaddr)
        -: 1576:	{
    #####: 1577:	  (*inf->fprintf_styled_func) (inf->stream, dis_style_immediate,
        -: 1578:				       "-0x");
    #####: 1579:	  objdump_print_value (secaddr - vma, inf, true);
        -: 1580:	}
      435: 1581:      else if (vma > secaddr)
        -: 1582:	{
    #####: 1583:	  (*inf->fprintf_styled_func) (inf->stream, dis_style_immediate, "+0x");
    #####: 1584:	  objdump_print_value (vma - secaddr, inf, true);
        -: 1585:	}
      435: 1586:      (*inf->fprintf_styled_func) (inf->stream, dis_style_text, ">");
        -: 1587:    }
        -: 1588:  else
        -: 1589:    {
    #####: 1590:      (*inf->fprintf_styled_func) (inf->stream, dis_style_text, "<");
        -: 1591:
    #####: 1592:      objdump_print_symname (abfd, inf, sym);
        -: 1593:
    #####: 1594:      if (bfd_asymbol_value (sym) == vma)
        -: 1595:	;
        -: 1596:      /* Undefined symbols in an executables and dynamic objects do not have
        -: 1597:	 a value associated with them, so it does not make sense to display
        -: 1598:	 an offset relative to them.  Normally we would not be provided with
        -: 1599:	 this kind of symbol, but the target backend might choose to do so,
        -: 1600:	 and the code in find_symbol_for_address might return an as yet
        -: 1601:	 unresolved symbol associated with a dynamic reloc.  */
    #####: 1602:      else if ((bfd_get_file_flags (abfd) & (EXEC_P | DYNAMIC))
    #####: 1603:	       && bfd_is_und_section (sym->section))
        -: 1604:	;
    #####: 1605:      else if (bfd_asymbol_value (sym) > vma)
        -: 1606:	{
    #####: 1607:	  (*inf->fprintf_styled_func) (inf->stream, dis_style_immediate,"-0x");
    #####: 1608:	  objdump_print_value (bfd_asymbol_value (sym) - vma, inf, true);
        -: 1609:	}
    #####: 1610:      else if (vma > bfd_asymbol_value (sym))
        -: 1611:	{
    #####: 1612:	  (*inf->fprintf_styled_func) (inf->stream, dis_style_immediate, "+0x");
    #####: 1613:	  objdump_print_value (vma - bfd_asymbol_value (sym), inf, true);
        -: 1614:	}
        -: 1615:
    #####: 1616:      (*inf->fprintf_styled_func) (inf->stream, dis_style_text, ">");
        -: 1617:    }
        -: 1618:
      435: 1619:  if (display_file_offsets)
    #####: 1620:    inf->fprintf_styled_func (inf->stream, dis_style_text,
    #####: 1621:			      _(" (File Offset: 0x%lx)"),
    #####: 1622:			      (long int)(sec->filepos + (vma - sec->vma)));
      435: 1623:}
        -: 1624:
        -: 1625:/* Print an address (VMA), symbolically if possible.
        -: 1626:   If SKIP_ZEROES is TRUE, don't output leading zeroes.  */
        -: 1627:
        -: 1628:static void
      299: 1629:objdump_print_addr (bfd_vma vma,
        -: 1630:		    struct disassemble_info *inf,
        -: 1631:		    bool skip_zeroes)
        -: 1632:{
        -: 1633:  struct objdump_disasm_info *aux;
      299: 1634:  asymbol *sym = NULL;
      299: 1635:  bool skip_find = false;
        -: 1636:
      299: 1637:  aux = (struct objdump_disasm_info *) inf->application_data;
        -: 1638:
      299: 1639:  if (sorted_symcount < 1)
        -: 1640:    {
      299: 1641:      if (!no_addresses)
        -: 1642:	{
      299: 1643:	  (*inf->fprintf_styled_func) (inf->stream, dis_style_address, "0x");
      299: 1644:	  objdump_print_value (vma, inf, skip_zeroes);
        -: 1645:	}
        -: 1646:
      299: 1647:      if (display_file_offsets)
    #####: 1648:	inf->fprintf_styled_func (inf->stream, dis_style_text,
    #####: 1649:				  _(" (File Offset: 0x%lx)"),
    #####: 1650:				  (long int) (inf->section->filepos
    #####: 1651:					      + (vma - inf->section->vma)));
      299: 1652:      return;
        -: 1653:    }
        -: 1654:
    #####: 1655:  if (aux->reloc != NULL
    #####: 1656:      && aux->reloc->sym_ptr_ptr != NULL
    #####: 1657:      && * aux->reloc->sym_ptr_ptr != NULL)
        -: 1658:    {
    #####: 1659:      sym = * aux->reloc->sym_ptr_ptr;
        -: 1660:
        -: 1661:      /* Adjust the vma to the reloc.  */
    #####: 1662:      vma += bfd_asymbol_value (sym);
        -: 1663:
    #####: 1664:      if (bfd_is_und_section (bfd_asymbol_section (sym)))
    #####: 1665:	skip_find = true;
        -: 1666:    }
        -: 1667:
    #####: 1668:  if (!skip_find)
    #####: 1669:    sym = find_symbol_for_address (vma, inf, NULL);
        -: 1670:
    #####: 1671:  objdump_print_addr_with_sym (aux->abfd, inf->section, sym, vma, inf,
        -: 1672:			       skip_zeroes);
        -: 1673:}
        -: 1674:
        -: 1675:/* Print VMA to INFO.  This function is passed to the disassembler
        -: 1676:   routine.  */
        -: 1677:
        -: 1678:static void
      299: 1679:objdump_print_address (bfd_vma vma, struct disassemble_info *inf)
        -: 1680:{
      299: 1681:  objdump_print_addr (vma, inf, ! prefix_addresses);
      299: 1682:}
        -: 1683:
        -: 1684:/* Determine if the given address has a symbol associated with it.  */
        -: 1685:
        -: 1686:static asymbol *
    #####: 1687:objdump_symbol_at_address (bfd_vma vma, struct disassemble_info * inf)
        -: 1688:{
        -: 1689:  asymbol * sym;
        -: 1690:
    #####: 1691:  sym = find_symbol_for_address (vma, inf, NULL);
    #####: 1692:  if (sym != NULL && bfd_asymbol_value (sym) == vma)
    #####: 1693:    return sym;
        -: 1694:
    #####: 1695:  return NULL;
        -: 1696:}
        -: 1697:
        -: 1698:/* Hold the last function name and the last line number we displayed
        -: 1699:   in a disassembly.  */
        -: 1700:
        -: 1701:static char *prev_functionname;
        -: 1702:static unsigned int prev_line;
        -: 1703:static unsigned int prev_discriminator;
        -: 1704:
        -: 1705:/* We keep a list of all files that we have seen when doing a
        -: 1706:   disassembly with source, so that we know how much of the file to
        -: 1707:   display.  This can be important for inlined functions.  */
        -: 1708:
        -: 1709:struct print_file_list
        -: 1710:{
        -: 1711:  struct print_file_list *next;
        -: 1712:  const char *filename;
        -: 1713:  const char *modname;
        -: 1714:  const char *map;
        -: 1715:  size_t mapsize;
        -: 1716:  const char **linemap;
        -: 1717:  unsigned maxline;
        -: 1718:  unsigned last_line;
        -: 1719:  unsigned max_printed;
        -: 1720:  int first;
        -: 1721:};
        -: 1722:
        -: 1723:static struct print_file_list *print_files;
        -: 1724:
        -: 1725:/* The number of preceding context lines to show when we start
        -: 1726:   displaying a file for the first time.  */
        -: 1727:
        -: 1728:#define SHOW_PRECEDING_CONTEXT_LINES (5)
        -: 1729:
        -: 1730:/* Read a complete file into memory.  */
        -: 1731:
        -: 1732:static const char *
[...]
        -: 5426:    {
    #####: 5427:      nonfatal (bfd_get_filename (abfd));
    #####: 5428:      list_matching_formats (matching);
    #####: 5429:      return;
        -: 5430:    }
        -: 5431:
      121: 5432:  if (bfd_get_error () != bfd_error_file_not_recognized)
        -: 5433:    {
    #####: 5434:      nonfatal (bfd_get_filename (abfd));
    #####: 5435:      return;
        -: 5436:    }
        -: 5437:
      121: 5438:  if (bfd_check_format_matches (abfd, bfd_core, &matching))
        -: 5439:    {
       15: 5440:      dump_bfd (abfd, true);
       15: 5441:      return;
        -: 5442:    }
        -: 5443:
      106: 5444:  nonfatal (bfd_get_filename (abfd));
        -: 5445:
      106: 5446:  if (bfd_get_error () == bfd_error_file_ambiguously_recognized)
    #####: 5447:    list_matching_formats (matching);
        -: 5448:}
        -: 5449:
        -: 5450:static void
      399: 5451:display_any_bfd (bfd *file, int level)
        -: 5452:{
        -: 5453:  /* Decompress sections unless dumping the section contents.  */
      399: 5454:  if (!dump_section_contents)
      399: 5455:    file->flags |= BFD_DECOMPRESS;
        -: 5456:
        -: 5457:  /* If the file is an archive, process all of its elements.  */
      399: 5458:  if (bfd_check_format (file, bfd_archive))
        -: 5459:    {
    #####: 5460:      bfd *arfile = NULL;
    #####: 5461:      bfd *last_arfile = NULL;
        -: 5462:
    #####: 5463:      if (level == 0)
    #####: 5464:	printf (_("In archive %s:\n"), sanitize_string (bfd_get_filename (file)));
    #####: 5465:      else if (level > 100)
        -: 5466:	{
        -: 5467:	  /* Prevent corrupted files from spinning us into an
        -: 5468:	     infinite loop.  100 is an arbitrary heuristic.  */
    #####: 5469:	  fatal (_("Archive nesting is too deep"));
        -: 5470:	  return;
        -: 5471:	}
        -: 5472:      else
    #####: 5473:	printf (_("In nested archive %s:\n"),
        -: 5474:		sanitize_string (bfd_get_filename (file)));
        -: 5475:
        -: 5476:      for (;;)
        -: 5477:	{
    #####: 5478:	  bfd_set_error (bfd_error_no_error);
        -: 5479:
    #####: 5480:	  arfile = bfd_openr_next_archived_file (file, arfile);
    #####: 5481:	  if (arfile == NULL)
        -: 5482:	    {
    #####: 5483:	      if (bfd_get_error () != bfd_error_no_more_archived_files)
    #####: 5484:		nonfatal (bfd_get_filename (file));
    #####: 5485:	      break;
        -: 5486:	    }
        -: 5487:
    #####: 5488:	  display_any_bfd (arfile, level + 1);
        -: 5489:
    #####: 5490:	  if (last_arfile != NULL)
        -: 5491:	    {
    #####: 5492:	      bfd_close (last_arfile);
        -: 5493:	      /* PR 17512: file: ac585d01.  */
    #####: 5494:	      if (arfile == last_arfile)
        -: 5495:		{
    #####: 5496:		  last_arfile = NULL;
    #####: 5497:		  break;
        -: 5498:		}
        -: 5499:	    }
    #####: 5500:	  last_arfile = arfile;
        -: 5501:	}
        -: 5502:
    #####: 5503:      if (last_arfile != NULL)
    #####: 5504:	bfd_close (last_arfile);
        -: 5505:    }
        -: 5506:  else
      399: 5507:    display_object_bfd (file);
        -: 5508:}
        -: 5509:
        -: 5510:static void
      399: 5511:display_file (char *filename, char *target, bool last_file)
        -: 5512:{
        -: 5513:  bfd *file;
        -: 5514:
      399: 5515:  if (get_file_size (filename) < 1)
        -: 5516:    {
    #####: 5517:      exit_status = 1;
    #####: 5518:      return;
        -: 5519:    }
        -: 5520:
      399: 5521:  file = bfd_openr (filename, target);
      399: 5522:  if (file == NULL)
        -: 5523:    {
    #####: 5524:      nonfatal (filename);
    #####: 5525:      return;
        -: 5526:    }
        -: 5527:
      399: 5528:  display_any_bfd (file, 0);
        -: 5529:
        -: 5530:  /* This is an optimization to improve the speed of objdump, especially when
        -: 5531:     dumping a file with lots of associated debug informatiom.  Calling
        -: 5532:     bfd_close on such a file can take a non-trivial amount of time as there
        -: 5533:     are lots of lists to walk and buffers to free.  This is only really
        -: 5534:     necessary however if we are about to load another file and we need the
        -: 5535:     memory back.  Otherwise, if we are about to exit, then we can save (a lot
        -: 5536:     of) time by only doing a quick close, and allowing the OS to reclaim the
        -: 5537:     memory for us.  */
      399: 5538:  if (! last_file)
      398: 5539:    bfd_close (file);
        -: 5540:  else
        1: 5541:    bfd_close_all_done (file);
        -: 5542:}
        -: 5543:
        -: 5544:int
        1: 5545:main (int argc, char **argv)
        -: 5546:{
        -: 5547:  int c;
        1: 5548:  char *target = default_target;
        1: 5549:  bool seenflag = false;
        -: 5550:
        -: 5551:#ifdef HAVE_LC_MESSAGES
        1: 5552:  setlocale (LC_MESSAGES, "");
        -: 5553:#endif
        1: 5554:  setlocale (LC_CTYPE, "");
        -: 5555:
        1: 5556:  bindtextdomain (PACKAGE, LOCALEDIR);
        1: 5557:  textdomain (PACKAGE);
        -: 5558:
        1: 5559:  program_name = *argv;
        1: 5560:  xmalloc_set_program_name (program_name);
        1: 5561:  bfd_set_error_program_name (program_name);
        -: 5562:
        -: 5563:  START_PROGRESS (program_name, 0);
        -: 5564:
        1: 5565:  expandargv (&argc, &argv);
        -: 5566:
        1: 5567:  if (bfd_init () != BFD_INIT_MAGIC)
    #####: 5568:    fatal (_("fatal error: libbfd ABI mismatch"));
        1: 5569:  set_default_bfd_target ();
        -: 5570:
        3: 5571:  while ((c = getopt_long (argc, argv,
        -: 5572:			   "CDE:FGHI:LM:P:RSTU:VW::ab:defghij:lm:prstvwxz",
        -: 5573:			   long_options, (int *) 0))
        -: 5574:	 != EOF)
        -: 5575:    {
        2: 5576:      switch (c)
        -: 5577:	{
    #####: 5578:	case 0:
    #####: 5579:	  break;		/* We've been given a long option.  */
    #####: 5580:	case 'm':
    #####: 5581:	  machine = optarg;
    #####: 5582:	  break;
    #####: 5583:	case 'M':
        -: 5584:	  {
        -: 5585:	    char *options;
    #####: 5586:	    if (disassembler_options)
        -: 5587:	      /* Ignore potential memory leak for now.  */
    #####: 5588:	      options = concat (disassembler_options, ",",
        -: 5589:				optarg, (const char *) NULL);
        -: 5590:	    else
    #####: 5591:	      options = optarg;
    #####: 5592:	    disassembler_options = remove_whitespace_and_extra_commas (options);
        -: 5593:	  }
    #####: 5594:	  break;
    #####: 5595:	case 'j':
    #####: 5596:	  add_only (optarg);
    #####: 5597:	  break;
    #####: 5598:	case 'F':
    #####: 5599:	  display_file_offsets = true;
    #####: 5600:	  break;
    #####: 5601:	case 'l':
    #####: 5602:	  with_line_numbers = true;
    #####: 5603:	  break;
    #####: 5604:	case 'b':
    #####: 5605:	  target = optarg;
    #####: 5606:	  break;
    #####: 5607:	case 'C':
    #####: 5608:	  do_demangle = true;
    #####: 5609:	  if (optarg != NULL)
        -: 5610:	    {
        -: 5611:	      enum demangling_styles style;
        -: 5612:
    #####: 5613:	      style = cplus_demangle_name_to_style (optarg);
    #####: 5614:	      if (style == unknown_demangling)
    #####: 5615:		fatal (_("unknown demangling style `%s'"),
        -: 5616:		       optarg);
        -: 5617:
    #####: 5618:	      cplus_demangle_set_style (style);
        -: 5619:	    }
    #####: 5620:	  break;
    #####: 5621:	case OPTION_RECURSE_LIMIT:
    #####: 5622:	  demangle_flags &= ~ DMGL_NO_RECURSE_LIMIT;
    #####: 5623:	  break;
    #####: 5624:	case OPTION_NO_RECURSE_LIMIT:
    #####: 5625:	  demangle_flags |= DMGL_NO_RECURSE_LIMIT;
    #####: 5626:	  break;
    #####: 5627:	case 'w':
    #####: 5628:	  do_wide = wide_output = true;
    #####: 5629:	  break;
    #####: 5630:	case OPTION_ADJUST_VMA:
    #####: 5631:	  adjust_section_vma = parse_vma (optarg, "--adjust-vma");
    #####: 5632:	  break;
    #####: 5633:	case OPTION_START_ADDRESS:
    #####: 5634:	  start_address = parse_vma (optarg, "--start-address");
    #####: 5635:	  if ((stop_address != (bfd_vma) -1) && stop_address <= start_address)
    #####: 5636:	    fatal (_("error: the start address should be before the end address"));
    #####: 5637:	  break;
    #####: 5638:	case OPTION_STOP_ADDRESS:
    #####: 5639:	  stop_address = parse_vma (optarg, "--stop-address");
    #####: 5640:	  if ((start_address != (bfd_vma) -1) && stop_address <= start_address)
    #####: 5641:	    fatal (_("error: the stop address should be after the start address"));
    #####: 5642:	  break;
    #####: 5643:	case OPTION_PREFIX:
    #####: 5644:	  prefix = optarg;
    #####: 5645:	  prefix_length = strlen (prefix);
        -: 5646:	  /* Remove an unnecessary trailing '/' */
    #####: 5647:	  while (IS_DIR_SEPARATOR (prefix[prefix_length - 1]))
    #####: 5648:	    prefix_length--;
    #####: 5649:	  break;
    #####: 5650:	case OPTION_PREFIX_STRIP:
    #####: 5651:	  prefix_strip = atoi (optarg);
    #####: 5652:	  if (prefix_strip < 0)
    #####: 5653:	    fatal (_("error: prefix strip must be non-negative"));
    #####: 5654:	  break;
    #####: 5655:	case OPTION_INSN_WIDTH:
    #####: 5656:	  insn_width = strtoul (optarg, NULL, 0);
    #####: 5657:	  if (insn_width <= 0)
    #####: 5658:	    fatal (_("error: instruction width must be positive"));
    #####: 5659:	  break;
    #####: 5660:	case OPTION_INLINES:
    #####: 5661:	  unwind_inlines = true;
    #####: 5662:	  break;
    #####: 5663:	case OPTION_VISUALIZE_JUMPS:
    #####: 5664:	  visualize_jumps = true;
    #####: 5665:	  color_output = false;
    #####: 5666:	  extended_color_output = false;
    #####: 5667:	  if (optarg != NULL)
        -: 5668:	    {
    #####: 5669:	      if (streq (optarg, "color"))
    #####: 5670:		color_output = true;
    #####: 5671:	      else if (streq (optarg, "extended-color"))
        -: 5672:		{
    #####: 5673:		  color_output = true;
    #####: 5674:		  extended_color_output = true;
        -: 5675:		}
    #####: 5676:	      else if (streq (optarg, "off"))
    #####: 5677:		visualize_jumps = false;
        -: 5678:	      else
    #####: 5679:		nonfatal (_("unrecognized argument to --visualize-option"));
        -: 5680:	    }
    #####: 5681:	  break;
    #####: 5682:	case OPTION_DISASSEMBLER_COLOR:
    #####: 5683:	  if (streq (optarg, "off"))
    #####: 5684:	    disassembler_color = false;
    #####: 5685:	  else if (streq (optarg, "color"))
    #####: 5686:	    disassembler_color = true;
    #####: 5687:	  else if (streq (optarg, "extended-color"))
    #####: 5688:	    disassembler_extended_color = true;
        -: 5689:	  else
    #####: 5690:	    nonfatal (_("unrecognized argument to --disassembler-color"));
    #####: 5691:	  break;
    #####: 5692:	case 'E':
    #####: 5693:	  if (strcmp (optarg, "B") == 0)
    #####: 5694:	    endian = BFD_ENDIAN_BIG;
    #####: 5695:	  else if (strcmp (optarg, "L") == 0)
    #####: 5696:	    endian = BFD_ENDIAN_LITTLE;
        -: 5697:	  else
        -: 5698:	    {
    #####: 5699:	      nonfatal (_("unrecognized -E option"));
    #####: 5700:	      usage (stderr, 1);
        -: 5701:	    }
    #####: 5702:	  break;
    #####: 5703:	case OPTION_ENDIAN:
    #####: 5704:	  if (strncmp (optarg, "big", strlen (optarg)) == 0)
    #####: 5705:	    endian = BFD_ENDIAN_BIG;
    #####: 5706:	  else if (strncmp (optarg, "little", strlen (optarg)) == 0)
    #####: 5707:	    endian = BFD_ENDIAN_LITTLE;
        -: 5708:	  else
        -: 5709:	    {
    #####: 5710:	      non_fatal (_("unrecognized --endian type `%s'"), optarg);
    #####: 5711:	      exit_status = 1;
    #####: 5712:	      usage (stderr, 1);
        -: 5713:	    }
    #####: 5714:	  break;
        -: 5715:
    #####: 5716:	case 'f':
    #####: 5717:	  dump_file_header = true;
    #####: 5718:	  seenflag = true;
    #####: 5719:	  break;
    #####: 5720:	case 'i':
    #####: 5721:	  formats_info = true;
    #####: 5722:	  seenflag = true;
    #####: 5723:	  break;
    #####: 5724:	case 'I':
    #####: 5725:	  add_include_path (optarg);
    #####: 5726:	  break;
    #####: 5727:	case 'p':
    #####: 5728:	  dump_private_headers = true;
    #####: 5729:	  seenflag = true;
    #####: 5730:	  break;
    #####: 5731:	case 'P':
    #####: 5732:	  dump_private_options = optarg;
    #####: 5733:	  seenflag = true;
    #####: 5734:	  break;
    #####: 5735:	case 'x':
    #####: 5736:	  dump_private_headers = true;
    #####: 5737:	  dump_symtab = true;
    #####: 5738:	  dump_reloc_info = true;
    #####: 5739:	  dump_file_header = true;
    #####: 5740:	  dump_ar_hdrs = true;
    #####: 5741:	  dump_section_headers = true;
    #####: 5742:	  seenflag = true;
    #####: 5743:	  break;
    #####: 5744:	case 't':
    #####: 5745:	  dump_symtab = true;
    #####: 5746:	  seenflag = true;
    #####: 5747:	  break;
    #####: 5748:	case 'T':
    #####: 5749:	  dump_dynamic_symtab = true;
    #####: 5750:	  seenflag = true;
    #####: 5751:	  break;
    #####: 5752:	case 'd':
    #####: 5753:	  disassemble = true;
    #####: 5754:	  seenflag = true;
    #####: 5755:	  disasm_sym = optarg;
    #####: 5756:	  break;
    #####: 5757:	case 'z':
    #####: 5758:	  disassemble_zeroes = true;
    #####: 5759:	  break;
        1: 5760:	case 'D':
        1: 5761:	  disassemble = true;
        1: 5762:	  disassemble_all = true;
        1: 5763:	  seenflag = true;
        1: 5764:	  break;
        1: 5765:	case 'S':
        1: 5766:	  disassemble = true;
        1: 5767:	  with_source_code = true;
        1: 5768:	  seenflag = true;
        1: 5769:	  break;
    #####: 5770:	case OPTION_SOURCE_COMMENT:
    #####: 5771:	  disassemble = true;
    #####: 5772:	  with_source_code = true;
    #####: 5773:	  seenflag = true;
    #####: 5774:	  if (optarg)
    #####: 5775:	    source_comment = xstrdup (sanitize_string (optarg));
        -: 5776:	  else
    #####: 5777:	    source_comment = xstrdup ("# ");
    #####: 5778:	  break;
    #####: 5779:	case 'g':
    #####: 5780:	  dump_debugging = 1;
    #####: 5781:	  seenflag = true;
    #####: 5782:	  break;
    #####: 5783:	case 'e':
    #####: 5784:	  dump_debugging = 1;
    #####: 5785:	  dump_debugging_tags = 1;
    #####: 5786:	  do_demangle = true;
    #####: 5787:	  seenflag = true;
    #####: 5788:	  break;
    #####: 5789:	case 'L':
    #####: 5790:	  process_links = true;
    #####: 5791:	  do_follow_links = true;
    #####: 5792:	  break;
    #####: 5793:	case 'W':
    #####: 5794:	  seenflag = true;
    #####: 5795:	  if (optarg)
        -: 5796:	    {
    #####: 5797:	      if (dwarf_select_sections_by_letters (optarg))
    #####: 5798:		dump_dwarf_section_info = true;
        -: 5799:	    }
        -: 5800:	  else
        -: 5801:	    {
    #####: 5802:	      dump_dwarf_section_info = true;
    #####: 5803:	      dwarf_select_sections_all ();
        -: 5804:	    }
    #####: 5805:	  break;
    #####: 5806:	case OPTION_DWARF:
    #####: 5807:	  seenflag = true;
    #####: 5808:	  if (optarg)
        -: 5809:	    {
    #####: 5810:	      if (dwarf_select_sections_by_names (optarg))
    #####: 5811:		dump_dwarf_section_info = true;
        -: 5812:	    }
        -: 5813:	  else
        -: 5814:	    {
    #####: 5815:	      dwarf_select_sections_all ();
    #####: 5816:	      dump_dwarf_section_info = true;
        -: 5817:	    }
    #####: 5818:	  break;
    #####: 5819:	case OPTION_DWARF_DEPTH:
        -: 5820:	  {
        -: 5821:	    char *cp;
    #####: 5822:	    dwarf_cutoff_level = strtoul (optarg, & cp, 0);
        -: 5823:	  }
    #####: 5824:	  break;
    #####: 5825:	case OPTION_DWARF_START:
        -: 5826:	  {
        -: 5827:	    char *cp;
    #####: 5828:	    dwarf_start_die = strtoul (optarg, & cp, 0);
    #####: 5829:	    suppress_bfd_header = 1;
        -: 5830:	  }
    #####: 5831:	  break;
    #####: 5832:	case OPTION_DWARF_CHECK:
    #####: 5833:	  dwarf_check = true;
    #####: 5834:	  break;
        -: 5835:#ifdef ENABLE_LIBCTF
    #####: 5836:	case OPTION_CTF:
    #####: 5837:	  dump_ctf_section_info = true;
    #####: 5838:	  if (optarg)
    #####: 5839:	    dump_ctf_section_name = xstrdup (optarg);
    #####: 5840:	  seenflag = true;
    #####: 5841:	  break;
    #####: 5842:	case OPTION_CTF_PARENT:
    #####: 5843:	  dump_ctf_parent_name = xstrdup (optarg);
    #####: 5844:	  break;
        -: 5845:#endif
    #####: 5846:	case 'G':
    #####: 5847:	  dump_stab_section_info = true;
    #####: 5848:	  seenflag = true;
    #####: 5849:	  break;
    #####: 5850:	case 's':
    #####: 5851:	  dump_section_contents = true;
    #####: 5852:	  seenflag = true;
    #####: 5853:	  break;
    #####: 5854:	case 'r':
    #####: 5855:	  dump_reloc_info = true;
    #####: 5856:	  seenflag = true;
    #####: 5857:	  break;
    #####: 5858:	case 'R':
    #####: 5859:	  dump_dynamic_reloc_info = true;
    #####: 5860:	  seenflag = true;
    #####: 5861:	  break;
    #####: 5862:	case 'a':
    #####: 5863:	  dump_ar_hdrs = true;
    #####: 5864:	  seenflag = true;
    #####: 5865:	  break;
    #####: 5866:	case 'h':
    #####: 5867:	  dump_section_headers = true;
    #####: 5868:	  seenflag = true;
    #####: 5869:	  break;
    #####: 5870:	case 'v':
        -: 5871:	case 'V':
    #####: 5872:	  show_version = true;
    #####: 5873:	  seenflag = true;
    #####: 5874:	  break;
        -: 5875:
    #####: 5876:	case 'U':
    #####: 5877:	  if (streq (optarg, "default") || streq (optarg, "d"))
    #####: 5878:	    unicode_display = unicode_default;
    #####: 5879:	  else if (streq (optarg, "locale") || streq (optarg, "l"))
    #####: 5880:	    unicode_display = unicode_locale;
    #####: 5881:	  else if (streq (optarg, "escape") || streq (optarg, "e"))
    #####: 5882:	    unicode_display = unicode_escape;
    #####: 5883:	  else if (streq (optarg, "invalid") || streq (optarg, "i"))
    #####: 5884:	    unicode_display = unicode_invalid;
    #####: 5885:	  else if (streq (optarg, "hex") || streq (optarg, "x"))
    #####: 5886:	    unicode_display = unicode_hex;
    #####: 5887:	  else if (streq (optarg, "highlight") || streq (optarg, "h"))
    #####: 5888:	    unicode_display = unicode_highlight;
        -: 5889:	  else
    #####: 5890:	    fatal (_("invalid argument to -U/--unicode: %s"), optarg);
    #####: 5891:	  break;
        -: 5892:
    #####: 5893:	case 'H':
    #####: 5894:	  usage (stdout, 0);
        -: 5895:	  /* No need to set seenflag or to break - usage() does not return.  */
    #####: 5896:	default:
    #####: 5897:	  usage (stderr, 1);
        -: 5898:	}
        -: 5899:    }
        -: 5900:
        1: 5901:  if (show_version)
    #####: 5902:    print_version ("objdump");
        -: 5903:
        1: 5904:  if (!seenflag)
    #####: 5905:    usage (stderr, 2);
        -: 5906:
        2: 5907:  dump_any_debugging = (dump_debugging
        1: 5908:			|| dump_dwarf_section_info
       2*: 5909:			|| process_links);
        -: 5910:
        1: 5911:  if (formats_info)
    #####: 5912:    exit_status = display_info ();
        -: 5913:  else
        -: 5914:    {
        1: 5915:      if (optind == argc)
    #####: 5916:	display_file ("a.out", target, true);
        -: 5917:      else
      400: 5918:	for (; optind < argc;)
        -: 5919:	  {
      399: 5920:	    display_file (argv[optind], target, optind == argc - 1);
      399: 5921:	    optind++;
        -: 5922:	  }
        -: 5923:    }
        -: 5924:
        1: 5925:  free_only_list ();
        1: 5926:  free (dump_ctf_section_name);
        1: 5927:  free (dump_ctf_parent_name);
        1: 5928:  free ((void *) source_comment);
        -: 5929:
        -: 5930:  END_PROGRESS (program_name);
        -: 5931:
        1: 5932:  return exit_status;
        -: 5933:}
