TN:
SF:/home/zym/桌面/gcov-project/binutils-2.39/bfd/bfd.h
FN:1146,bfd_section_size
FN:1152,bfd_section_vma
FN:1181,bfd_is_com_section
FN:1239,bfd_is_und_section
FN:1245,bfd_is_abs_section
FN:6811,bfd_get_filename
FN:6829,bfd_get_file_flags
FN:6859,bfd_count_sections
FN:6903,bfd_asymbol_section
FN:6915,bfd_asymbol_name
FN:6921,bfd_asymbol_bfd
FN:7735,bfd_get_target
FN:7741,bfd_get_flavour
FN:7753,bfd_family_coff
FNDA:139,bfd_get_file_flags
FNDA:0,bfd_get_flavour
FNDA:0,bfd_get_target
FNDA:0,bfd_section_size
FNDA:0,bfd_asymbol_bfd
FNDA:0,bfd_is_und_section
FNDA:0,bfd_asymbol_name
FNDA:0,bfd_is_abs_section
FNDA:139,bfd_get_filename
FNDA:0,bfd_section_vma
FNDA:0,bfd_asymbol_section
FNDA:0,bfd_family_coff
FNDA:0,bfd_count_sections
FNDA:0,bfd_is_com_section
FNF:14
FNH:2
DA:1146,0
DA:1148,0
DA:1152,0
DA:1154,0
DA:1181,0
DA:1183,0
DA:1239,0
DA:1241,0
DA:1245,0
DA:1247,0
DA:6811,139
DA:6813,139
DA:6829,139
DA:6831,139
DA:6859,0
DA:6861,0
DA:6903,0
DA:6905,0
DA:6915,0
DA:6917,0
DA:6921,0
DA:6923,0
DA:7735,0
DA:7737,0
DA:7741,0
DA:7743,0
DA:7753,0
DA:7755,0
DA:7756,0
LF:29
LH:4
end_of_record
TN:
SF:/home/zym/桌面/gcov-project/binutils-2.39/binutils/nm.c
FN:1025,size_forward2
FN:1044,sort_symbols_by_size
FN:1144,get_relocs
FN:1178,print_symbol
FN:1338,print_size_symbols
FN:1377,print_symbols
FN:1410,display_rel_file
FN:1543,get_print_format
FN:1572,set_print_width
FN:1594,display_archive
FN:1652,display_file
FN:1708,print_object_filename_bsd
FN:1715,print_object_filename_sysv
FN:1730,print_object_filename_posix
FN:1737,do_not_print_object_filename
FN:1744,print_archive_filename_bsd
FN:1751,print_archive_filename_sysv
FN:1756,print_archive_filename_posix
FN:1761,do_not_print_archive_filename
FN:1768,print_archive_member_bsd
FN:1776,print_archive_member_sysv
FN:1791,print_archive_member_posix
FN:1798,do_not_print_archive_member
FN:1808,print_symbol_filename_bsd
FN:1819,print_symbol_filename_sysv
FN:1830,print_symbol_filename_posix
FN:1843,do_not_print_symbol_filename
FN:1852,print_value
FN:1870,print_symbol_info_bsd
FN:1910,print_symbol_info_sysv
FN:1965,print_symbol_info_posix
FN:1982,just_print_symbol_name
FN:1988,main
FN:294,usage
FN:391,set_print_radix
FN:407,set_output_format
FN:437,get_elf_symbol_type
FN:466,get_coff_symbol_type
FN:502,display_utf8
FN:610,convert_utf8
FN:680,print_symname
FN:734,print_symdef_entry
FN:770,filter_symbols
FN:869,non_numeric_forward
FN:898,non_numeric_reverse
FN:904,numeric_forward
FN:931,numeric_reverse
FN:954,size_forward1
FNDA:0,display_utf8
FNDA:253,display_file
FNDA:139,display_rel_file
FNDA:0,print_symbols
FNDA:0,print_symbol_info_posix
FNDA:0,print_symname
FNDA:0,size_forward1
FNDA:0,print_size_symbols
FNDA:0,numeric_forward
FNDA:0,print_symbol
FNDA:0,display_archive
FNDA:0,set_output_format
FNDA:0,get_relocs
FNDA:0,do_not_print_archive_member
FNDA:0,get_coff_symbol_type
FNDA:0,non_numeric_reverse
FNDA:0,size_forward2
FNDA:0,non_numeric_forward
FNDA:0,print_symbol_info_bsd
FNDA:0,print_symbol_filename_posix
FNDA:0,sort_symbols_by_size
FNDA:139,set_print_width
FNDA:3,main
FNDA:139,get_print_format
FNDA:0,print_archive_filename_bsd
FNDA:0,print_value
FNDA:0,do_not_print_archive_filename
FNDA:0,filter_symbols
FNDA:0,print_object_filename_sysv
FNDA:0,print_archive_filename_sysv
FNDA:0,do_not_print_object_filename
FNDA:0,convert_utf8
FNDA:0,print_archive_member_posix
FNDA:0,print_archive_member_sysv
FNDA:139,print_object_filename_bsd
FNDA:0,get_elf_symbol_type
FNDA:0,numeric_reverse
FNDA:0,do_not_print_symbol_filename
FNDA:0,print_object_filename_posix
FNDA:0,print_archive_member_bsd
FNDA:0,print_symbol_info_sysv
FNDA:0,set_print_radix
FNDA:0,print_symbol_filename_sysv
FNDA:0,just_print_symbol_name
FNDA:0,print_symdef_entry
FNDA:0,usage
FNDA:0,print_archive_filename_posix
FNDA:0,print_symbol_filename_bsd
FNF:48
FNH:6
DA:294,0
DA:296,0
DA:297,0
DA:298,0
DA:299,0
DA:301,0
DA:303,0
DA:305,0
DA:307,0
DA:309,0
DA:311,0
DA:313,0
DA:315,0
DA:317,0
DA:319,0
DA:323,0
DA:325,0
DA:327,0
DA:329,0
DA:332,0
DA:334,0
DA:336,0
DA:338,0
DA:340,0
DA:343,0
DA:346,0
DA:348,0
DA:350,0
DA:352,0
DA:354,0
DA:356,0
DA:358,0
DA:360,0
DA:362,0
DA:364,0
DA:366,0
DA:369,0
DA:371,0
DA:373,0
DA:375,0
DA:377,0
DA:379,0
DA:382,0
DA:383,0
DA:384,0
DA:385,0
DA:391,0
DA:393,0
DA:395,0
DA:396,0
DA:397,0
DA:399,0
DA:400,0
DA:403,0
DA:404,0
DA:407,0
DA:411,0
DA:413,0
DA:415,0
DA:416,0
DA:417,0
DA:419,0
DA:420,0
DA:421,0
DA:423,0
DA:424,0
DA:425,0
DA:427,0
DA:428,0
DA:429,0
DA:430,0
DA:432,0
DA:433,0
DA:434,0
DA:437,0
DA:442,0
DA:444,0
DA:445,0
DA:446,0
DA:447,0
DA:448,0
DA:449,0
DA:450,0
DA:453,0
DA:454,0
DA:455,0
DA:456,0
DA:457,0
DA:459,0
DA:460,0
DA:461,0
DA:462,0
DA:466,0
DA:471,0
DA:473,0
DA:474,0
DA:475,0
DA:478,0
DA:479,0
DA:481,0
DA:483,0
DA:484,0
DA:485,0
DA:488,0
DA:489,0
DA:490,0
DA:491,0
DA:492,0
DA:502,0
DA:504,0
DA:505,0
DA:508,0
DA:509,0
DA:511,0
DA:512,0
DA:514,0
DA:515,0
DA:517,0
DA:519,0
DA:520,0
DA:523,0
DA:524,0
DA:526,0
DA:528,0
DA:529,0
DA:532,0
DA:533,0
DA:535,0
DA:537,0
DA:538,0
DA:540,0
DA:542,0
DA:543,0
DA:544,0
DA:546,0
DA:548,0
DA:549,0
DA:550,0
DA:551,0
DA:552,0
DA:553,0
DA:555,0
DA:556,0
DA:557,0
DA:562,0
DA:563,0
DA:564,0
DA:565,0
DA:566,0
DA:568,0
DA:569,0
DA:570,0
DA:571,0
DA:572,0
DA:574,0
DA:575,0
DA:576,0
DA:577,0
DA:578,0
DA:579,0
DA:580,0
DA:582,0
DA:585,0
DA:586,0
DA:587,0
DA:589,0
DA:591,0
DA:594,0
DA:595,0
DA:597,0
DA:599,0
DA:600,0
DA:601,0
DA:610,0
DA:614,0
DA:618,0
DA:619,0
DA:624,0
DA:625,0
DA:627,0
DA:628,0
DA:630,0
DA:631,0
DA:633,0
DA:634,0
DA:639,0
DA:640,0
DA:642,0
DA:643,0
DA:644,0
DA:647,0
DA:649,0
DA:650,0
DA:652,0
DA:653,0
DA:655,0
DA:657,0
DA:658,0
DA:660,0
DA:661,0
DA:664,0
DA:665,0
DA:668,0
DA:672,0
DA:673,0
DA:680,0
DA:683,0
DA:684,0
DA:686,0
DA:687,0
DA:689,0
DA:690,0
DA:692,0
DA:693,0
DA:694,0
DA:697,0
DA:699,0
DA:700,0
DA:701,0
DA:704,0
DA:706,0
DA:709,0
DA:715,0
DA:717,0
DA:719,0
DA:720,0
DA:721,0
DA:722,0
DA:723,0
DA:724,0
DA:727,0
DA:728,0
DA:729,0
DA:730,0
DA:731,0
DA:734,0
DA:736,0
DA:738,0
DA:740,0
DA:742,0
DA:745,0
DA:747,0
DA:748,0
DA:750,0
DA:751,0
DA:752,0
DA:753,0
DA:755,0
DA:756,0
DA:759,0
DA:770,0
DA:776,0
DA:777,0
DA:778,0
DA:780,0
DA:781,0
DA:782,0
DA:784,0
DA:786,0
DA:791,0
DA:792,0
DA:793,0
DA:795,0
DA:796,0
DA:797,0
DA:798,0
DA:799,0
DA:801,0
DA:802,0
DA:806,0
DA:807,0
DA:808,0
DA:810,0
DA:813,0
DA:814,0
DA:815,0
DA:816,0
DA:818,0
DA:820,0
DA:821,0
DA:822,0
DA:823,0
DA:825,0
DA:826,0
DA:827,0
DA:828,0
DA:829,0
DA:831,0
DA:832,0
DA:834,0
DA:835,0
DA:838,0
DA:839,0
DA:840,0
DA:841,0
DA:843,0
DA:845,0
DA:846,0
DA:847,0
DA:851,0
DA:869,0
DA:874,0
DA:875,0
DA:876,0
DA:877,0
DA:879,0
DA:880,0
DA:882,0
DA:883,0
DA:884,0
DA:885,0
DA:889,0
DA:890,0
DA:891,0
DA:892,0
DA:894,0
DA:898,0
DA:900,0
DA:904,0
DA:909,0
DA:910,0
DA:911,0
DA:912,0
DA:914,0
DA:915,0
DA:917,0
DA:919,0
DA:920,0
DA:922,0
DA:923,0
DA:924,0
DA:925,0
DA:927,0
DA:931,0
DA:933,0
DA:954,0
DA:962,0
DA:963,0
DA:964,0
DA:965,0
DA:967,0
DA:968,0
DA:970,0
DA:971,0
DA:972,0
DA:973,0
DA:975,0
DA:976,0
DA:978,0
DA:979,0
DA:981,0
DA:982,0
DA:983,0
DA:984,0
DA:989,0
DA:990,0
DA:991,0
DA:992,0
DA:994,0
DA:995,0
DA:996,0
DA:997,0
DA:1010,0
DA:1011,0
DA:1013,0
DA:1014,0
DA:1015,0
DA:1016,0
DA:1018,0
DA:1025,0
DA:1027,0
DA:1028,0
DA:1030,0
DA:1031,0
DA:1032,0
DA:1033,0
DA:1035,0
DA:1044,0
DA:1050,0
DA:1053,0
DA:1057,0
DA:1058,0
DA:1063,0
DA:1064,0
DA:1066,0
DA:1067,0
DA:1069,0
DA:1071,0
DA:1073,0
DA:1074,0
DA:1077,0
DA:1084,0
DA:1086,0
DA:1090,0
DA:1091,0
DA:1094,0
DA:1096,0
DA:1101,0
DA:1102,0
DA:1103,0
DA:1104,0
DA:1105,0
DA:1106,0
DA:1109,0
DA:1110,0
DA:1111,0
DA:1113,0
DA:1114,0
DA:1115,0
DA:1118,0
DA:1120,0
DA:1121,0
DA:1122,0
DA:1125,0
DA:1127,0
DA:1128,0
DA:1129,0
DA:1132,0
DA:1135,0
DA:1137,0
DA:1144,0
DA:1146,0
DA:1148,0
DA:1150,0
DA:1152,0
DA:1153,0
DA:1159,0
DA:1160,0
DA:1161,0
DA:1163,0
DA:1164,0
DA:1166,0
DA:1167,0
DA:1170,0
DA:1171,0
DA:1172,0
DA:1173,0
DA:1178,0
DA:1188,0
DA:1190,0
DA:1193,0
DA:1194,0
DA:1196,0
DA:1198,0
DA:1199,0
DA:1200,0
DA:1201,0
DA:1204,0
DA:1205,0
DA:1208,0
DA:1210,0
DA:1211,0
DA:1215,0
DA:1216,0
DA:1219,0
DA:1221,0
DA:1231,0
DA:1233,0
DA:1234,0
DA:1236,0
DA:1240,0
DA:1241,0
DA:1242,0
DA:1243,0
DA:1244,0
DA:1245,0
DA:1246,0
DA:1247,0
DA:1250,0
DA:1261,0
DA:1263,0
DA:1264,0
DA:1265,0
DA:1266,0
DA:1267,0
DA:1268,0
DA:1269,0
DA:1270,0
DA:1271,0
DA:1274,0
DA:1278,0
DA:1280,0
DA:1281,0
DA:1282,0
DA:1284,0
DA:1285,0
DA:1286,0
DA:1287,0
DA:1288,0
DA:1289,0
DA:1292,0
DA:1293,0
DA:1297,0
DA:1301,0
DA:1302,0
DA:1303,0
DA:1304,0
DA:1305,0
DA:1306,0
DA:1307,0
DA:1310,0
DA:1313,0
DA:1314,0
DA:1315,0
DA:1320,0
DA:1322,0
DA:1323,0
DA:1326,0
DA:1327,0
DA:1328,0
DA:1332,0
DA:1333,0
DA:1338,0
DA:1348,0
DA:1349,0
DA:1350,0
DA:1352,0
DA:1353,0
DA:1355,0
DA:1359,0
DA:1360,0
DA:1361,0
DA:1363,0
DA:1365,0
DA:1377,0
DA:1388,0
DA:1389,0
DA:1390,0
DA:1392,0
DA:1393,0
DA:1395,0
DA:1399,0
DA:1400,0
DA:1401,0
DA:1403,0
DA:1405,0
DA:1410,139
DA:1416,139
DA:1418,139
DA:1420,139
DA:1422,139
DA:1423,139
DA:1424,139
DA:1428,0
DA:1429,0
DA:1431,0
DA:1433,0
DA:1434,0
DA:1435,0
DA:1438,0
DA:1441,0
DA:1443,0
DA:1444,0
DA:1445,0
DA:1448,0
DA:1450,0
DA:1451,0
DA:1452,0
DA:1453,0
DA:1456,0
DA:1458,0
DA:1459,0
DA:1463,0
DA:1465,0
DA:1466,0
DA:1468,0
DA:1470,0
DA:1471,0
DA:1472,0
DA:1473,0
DA:1477,0
DA:1479,0
DA:1484,0
DA:1485,0
DA:1486,0
DA:1487,0
DA:1488,0
DA:1489,0
DA:1490,0
DA:1492,0
DA:1493,0
DA:1498,0
DA:1500,0
DA:1501,0
DA:1509,0
DA:1511,0
DA:1512,0
DA:1514,0
DA:1515,0
DA:1516,0
DA:1517,0
DA:1518,0
DA:1519,0
DA:1521,0
DA:1522,0
DA:1525,0
DA:1529,0
DA:1530,0
DA:1532,0
DA:1534,0
DA:1535,0
DA:1536,0
DA:1537,0
DA:1543,139
DA:1546,139
DA:1549,0
DA:1551,139
DA:1553,139
DA:1557,0
DA:1560,139
DA:1561,139
DA:1563,0
DA:1564,0
DA:1565,139
DA:1568,139
DA:1572,139
DA:1574,139
DA:1576,139
DA:1583,0
DA:1584,0
DA:1585,0
DA:1587,0
DA:1589,139
DA:1590,139
DA:1591,139
DA:1594,0
DA:1596,0
DA:1597,0
DA:1600,0
DA:1602,0
DA:1603,0
DA:1609,0
DA:1611,0
DA:1613,0
DA:1614,0
DA:1615,0
DA:1618,0
DA:1620,0
DA:1621,0
DA:1623,0
DA:1627,0
DA:1628,0
DA:1629,0
DA:1632,0
DA:1634,0
DA:1635,0
DA:1636,0
DA:1637,0
DA:1638,0
DA:1640,0
DA:1643,0
DA:1645,0
DA:1646,0
DA:1647,0
DA:1652,253
DA:1654,253
DA:1658,253
DA:1659,0
DA:1661,253
DA:1662,253
DA:1664,0
DA:1665,0
DA:1669,253
DA:1670,0
DA:1672,253
DA:1674,0
DA:1676,253
DA:1678,139
DA:1679,139
DA:1680,139
DA:1684,114
DA:1685,114
DA:1686,0
DA:1687,114
DA:1690,253
DA:1691,0
DA:1693,253
DA:1694,253
DA:1696,253
DA:1708,139
DA:1710,139
DA:1711,139
DA:1712,139
DA:1715,0
DA:1717,0
DA:1718,0
DA:1720,0
DA:1721,0
DA:1722,0
DA:1725,0
DA:1727,0
DA:1730,0
DA:1732,0
DA:1733,0
DA:1734,0
DA:1737,0
DA:1739,0
DA:1744,0
DA:1746,0
DA:1747,0
DA:1748,0
DA:1751,0
DA:1753,0
DA:1756,0
DA:1758,0
DA:1761,0
DA:1763,0
DA:1768,0
DA:1771,0
DA:1772,0
DA:1773,0
DA:1776,0
DA:1778,0
DA:1779,0
DA:1781,0
DA:1782,0
DA:1783,0
DA:1786,0
DA:1788,0
DA:1791,0
DA:1793,0
DA:1794,0
DA:1795,0
DA:1798,0
DA:1801,0
DA:1808,0
DA:1810,0
DA:1812,0
DA:1813,0
DA:1814,0
DA:1816,0
DA:1819,0
DA:1821,0
DA:1823,0
DA:1824,0
DA:1825,0
DA:1827,0
DA:1830,0
DA:1832,0
DA:1834,0
DA:1835,0
DA:1838,0
DA:1840,0
DA:1843,0
DA:1846,0
DA:1852,0
DA:1854,0
DA:1856,0
DA:1858,0
DA:1859,0
DA:1861,0
DA:1862,0
DA:1865,0
DA:1870,0
DA:1872,0
DA:1874,0
DA:1875,0
DA:1876,0
DA:1884,0
DA:1885,0
DA:1887,0
DA:1888,0
DA:1890,0
DA:1891,0
DA:1895,0
DA:1897,0
DA:1900,0
DA:1901,0
DA:1902,0
DA:1903,0
DA:1904,0
DA:1906,0
DA:1907,0
DA:1910,0
DA:1912,0
DA:1914,0
DA:1916,0
DA:1917,0
DA:1919,0
DA:1922,0
DA:1924,0
DA:1926,0
DA:1929,0
DA:1930,0
DA:1931,0
DA:1936,0
DA:1937,0
DA:1938,0
DA:1939,0
DA:1940,0
DA:1941,0
DA:1943,0
DA:1945,0
DA:1946,0
DA:1949,0
DA:1950,0
DA:1952,0
DA:1955,0
DA:1956,0
DA:1957,0
DA:1958,0
DA:1960,0
DA:1962,0
DA:1965,0
DA:1967,0
DA:1968,0
DA:1970,0
DA:1971,0
DA:1974,0
DA:1975,0
DA:1976,0
DA:1977,0
DA:1979,0
DA:1982,0
DA:1984,0
DA:1985,0
DA:1988,3
DA:1994,3
DA:1996,3
DA:1997,3
DA:1998,3
DA:1999,3
DA:2001,3
DA:2002,3
DA:2003,3
DA:2005,3
DA:2010,3
DA:2012,3
DA:2013,0
DA:2014,3
DA:2016,6
DA:2019,3
DA:2021,0
DA:2022,0
DA:2023,0
DA:2024,0
DA:2026,0
DA:2027,0
DA:2028,0
DA:2029,0
DA:2030,0
DA:2031,3
DA:2032,3
DA:2033,3
DA:2037,0
DA:2038,0
DA:2039,0
DA:2042,0
DA:2044,3
DA:2045,0
DA:2046,0
DA:2047,0
DA:2048,0
DA:2049,0
DA:2050,0
DA:2051,0
DA:2052,0
DA:2053,0
DA:2054,0
DA:2055,0
DA:2056,0
DA:2057,0
DA:2059,0
DA:2060,0
DA:2061,0
DA:2062,0
DA:2063,0
DA:2064,0
DA:2065,0
DA:2066,0
DA:2068,0
DA:2069,0
DA:2070,0
DA:2071,0
DA:2072,0
DA:2074,0
DA:2075,0
DA:2076,0
DA:2077,0
DA:2078,0
DA:2079,0
DA:2080,0
DA:2081,0
DA:2082,0
DA:2083,0
DA:2084,0
DA:2085,0
DA:2086,0
DA:2087,0
DA:2088,0
DA:2089,0
DA:2090,0
DA:2091,0
DA:2092,0
DA:2093,0
DA:2094,0
DA:2095,0
DA:2096,0
DA:2097,0
DA:2098,0
DA:2099,0
DA:2100,0
DA:2101,0
DA:2102,0
DA:2103,0
DA:2104,0
DA:2105,0
DA:2106,0
DA:2107,0
DA:2108,0
DA:2109,0
DA:2110,0
DA:2111,0
DA:2112,0
DA:2113,0
DA:2115,0
DA:2116,0
DA:2117,0
DA:2118,0
DA:2119,0
DA:2120,0
DA:2121,0
DA:2122,0
DA:2123,0
DA:2124,0
DA:2125,0
DA:2126,0
DA:2127,0
DA:2129,0
DA:2130,0
DA:2132,0
DA:2133,0
DA:2134,0
DA:2135,0
DA:2136,0
DA:2137,0
DA:2138,0
DA:2146,0
DA:2147,0
DA:2148,0
DA:2150,0
DA:2151,0
DA:2152,0
DA:2154,0
DA:2156,0
DA:2160,0
DA:2162,0
DA:2163,0
DA:2164,0
DA:2166,0
DA:2167,0
DA:2169,0
DA:2170,0
DA:2174,3
DA:2175,0
DA:2177,3
DA:2179,0
DA:2180,0
DA:2181,0
DA:2185,3
DA:2186,0
DA:2188,3
DA:2190,3
DA:2191,3
DA:2194,256
DA:2197,253
DA:2198,114
DA:2203,3
LF:968
LH:72
end_of_record
