TN:
SF:/home/zym/桌面/gcov-project/binutils-2.39/binutils/cxxfilt.c
FN:133,standard_symbol_characters
FN:141,main
FN:53,demangle_it
FN:80,print_demangler_list
FN:95,usage
FNDA:0,print_demangler_list
FNDA:11,main
FNDA:1474,demangle_it
FNDA:0,usage
FNDA:0,standard_symbol_characters
FNF:5
FNH:2
DA:53,1474
DA:56,1474
DA:61,1474
DA:62,0
DA:63,1474
DA:64,0
DA:66,1474
DA:68,1474
DA:69,1474
DA:72,0
DA:73,0
DA:74,0
DA:75,0
DA:77,1474
DA:80,0
DA:84,0
DA:86,0
DA:87,0
DA:88,0
DA:89,0
DA:91,0
DA:92,0
DA:95,0
DA:97,0
DA:99,0
DA:103,0
DA:106,0
DA:113,0
DA:114,0
DA:116,0
DA:123,0
DA:124,0
DA:125,0
DA:133,0
DA:135,0
DA:141,11
DA:145,11
DA:147,11
DA:148,11
DA:149,11
DA:151,11
DA:153,22
DA:155,0
DA:157,0
DA:158,0
DA:160,0
DA:161,0
DA:162,0
DA:163,0
DA:164,0
DA:165,0
DA:166,0
DA:167,0
DA:168,0
DA:169,0
DA:170,0
DA:171,0
DA:172,0
DA:173,0
DA:174,0
DA:175,0
DA:176,0
DA:177,0
DA:178,0
DA:179,0
DA:180,0
DA:181,0
DA:182,0
DA:183,0
DA:184,0
DA:185,0
DA:186,0
DA:187,0
DA:188,0
DA:190,0
DA:192,0
DA:194,0
DA:195,0
DA:197,11
DA:199,11
DA:201,1485
DA:203,1474
DA:204,1474
DA:207,11
DA:210,0
DA:212,0
DA:218,0
DA:219,0
DA:220,0
DA:224,0
DA:228,0
DA:230,0
DA:232,0
DA:234,0
DA:236,0
DA:237,0
DA:238,0
DA:239,0
DA:242,0
DA:244,0
DA:245,0
DA:248,0
DA:249,0
DA:253,0
DA:254,0
DA:255,0
DA:258,0
DA:259,0
LF:108
LH:21
end_of_record
