        -:    0:Source:readelf.c
        -:    0:Graph:readelf.gcno
        -:    0:Data:readelf.gcda
        -:    0:Runs:39
        -:    1:/* readelf.c -- display contents of an ELF format file
        -:    2:   Copyright (C) 1998-2022 Free Software Foundation, Inc.
        -:    3:
        -:    4:   Originally developed by Eric Youngdale <eric@andante.jic.com>
        -:    5:   Modifications by Nick Clifton <nickc@redhat.com>
        -:    6:
        -:    7:   This file is part of GNU Binutils.
        -:    8:
        -:    9:   This program is free software; you can redistribute it and/or modify
        -:   10:   it under the terms of the GNU General Public License as published by
        -:   11:   the Free Software Foundation; either version 3 of the License, or
        -:   12:   (at your option) any later version.
        -:   13:
        -:   14:   This program is distributed in the hope that it will be useful,
        -:   15:   but WITHOUT ANY WARRANTY; without even the implied warranty of
        -:   16:   MERCHANTABILITY or FITNESS FOR A PARTICULAR PURPOSE.  See the
        -:   17:   GNU General Public License for more details.
        -:   18:
        -:   19:   You should have received a copy of the GNU General Public License
        -:   20:   along with this program; if not, write to the Free Software
        -:   21:   Foundation, Inc., 51 Franklin Street - Fifth Floor, Boston, MA
        -:   22:   02110-1301, USA.  */
        -:   23:
        -:   24:/* The difference between readelf and objdump:
        -:   25:
        -:   26:  Both programs are capable of displaying the contents of ELF format files,
        -:   27:  so why does the binutils project have two file dumpers ?
        -:   28:
        -:   29:  The reason is that objdump sees an ELF file through a BFD filter of the
        -:   30:  world; if BFD has a bug where, say, it disagrees about a machine constant
        -:   31:  in e_flags, then the odds are good that it will remain internally
        -:   32:  consistent.  The linker sees it the BFD way, objdump sees it the BFD way,
        -:   33:  GAS sees it the BFD way.  There was need for a tool to go find out what
        -:   34:  the file actually says.
        -:   35:
        -:   36:  This is why the readelf program does not link against the BFD library - it
        -:   37:  exists as an independent program to help verify the correct working of BFD.
        -:   38:
        -:   39:  There is also the case that readelf can provide more information about an
        -:   40:  ELF file than is provided by objdump.  In particular it can display DWARF
        -:   41:  debugging information which (at the moment) objdump cannot.  */
        -:   42:
        -:   43:#include "sysdep.h"
        -:   44:#include <assert.h>
        -:   45:#include <time.h>
        -:   46:#include <zlib.h>
        -:   47:#include <wchar.h>
        -:   48:
        -:   49:#if defined HAVE_MSGPACK
        -:   50:#include <msgpack.h>
        -:   51:#endif
        -:   52:
        -:   53:#if __GNUC__ >= 2
        -:   54:/* Define BFD64 here, even if our default architecture is 32 bit ELF
        -:   55:   as this will allow us to read in and parse 64bit and 32bit ELF files.
        -:   56:   Only do this if we believe that the compiler can support a 64 bit
        -:   57:   data type.  For now we only rely on GCC being able to do this.  */
        -:   58:#define BFD64
        -:   59:#endif
        -:   60:
        -:   61:#include "bfd.h"
        -:   62:#include "bucomm.h"
        -:   63:#include "elfcomm.h"
        -:   64:#include "demanguse.h"
        -:   65:#include "dwarf.h"
        -:   66:#include "ctf-api.h"
        -:   67:#include "demangle.h"
        -:   68:
        -:   69:#include "elf/common.h"
        -:   70:#include "elf/external.h"
        -:   71:#include "elf/internal.h"
        -:   72:
        -:   73:
        -:   74:/* Included here, before RELOC_MACROS_GEN_FUNC is defined, so that
        -:   75:   we can obtain the H8 reloc numbers.  We need these for the
        -:   76:   get_reloc_size() function.  We include h8.h again after defining
        -:   77:   RELOC_MACROS_GEN_FUNC so that we get the naming function as well.  */
        -:   78:
        -:   79:#include "elf/h8.h"
        -:   80:#undef _ELF_H8_H
        -:   81:
        -:   82:/* Undo the effects of #including reloc-macros.h.  */
        -:   83:
        -:   84:#undef START_RELOC_NUMBERS
        -:   85:#undef RELOC_NUMBER
        -:   86:#undef FAKE_RELOC
        -:   87:#undef EMPTY_RELOC
        -:   88:#undef END_RELOC_NUMBERS
        -:   89:#undef _RELOC_MACROS_H
        -:   90:
        -:   91:/* The following headers use the elf/reloc-macros.h file to
        -:   92:   automatically generate relocation recognition functions
        -:   93:   such as elf_mips_reloc_type()  */
        -:   94:
        -:   95:#define RELOC_MACROS_GEN_FUNC
        -:   96:
        -:   97:#include "elf/aarch64.h"
        -:   98:#include "elf/alpha.h"
        -:   99:#include "elf/amdgpu.h"
        -:  100:#include "elf/arc.h"
        -:  101:#include "elf/arm.h"
        -:  102:#include "elf/avr.h"
        -:  103:#include "elf/bfin.h"
        -:  104:#include "elf/cr16.h"
        -:  105:#include "elf/cris.h"
        -:  106:#include "elf/crx.h"
        -:  107:#include "elf/csky.h"
        -:  108:#include "elf/d10v.h"
        -:  109:#include "elf/d30v.h"
        -:  110:#include "elf/dlx.h"
        -:  111:#include "elf/bpf.h"
        -:  112:#include "elf/epiphany.h"
        -:  113:#include "elf/fr30.h"
        -:  114:#include "elf/frv.h"
        -:  115:#include "elf/ft32.h"
        -:  116:#include "elf/h8.h"
        -:  117:#include "elf/hppa.h"
        -:  118:#include "elf/i386.h"
        -:  119:#include "elf/i370.h"
        -:  120:#include "elf/i860.h"
        -:  121:#include "elf/i960.h"
        -:  122:#include "elf/ia64.h"
        -:  123:#include "elf/ip2k.h"
        -:  124:#include "elf/lm32.h"
        -:  125:#include "elf/iq2000.h"
        -:  126:#include "elf/m32c.h"
        -:  127:#include "elf/m32r.h"
        -:  128:#include "elf/m68k.h"
        -:  129:#include "elf/m68hc11.h"
        -:  130:#include "elf/s12z.h"
        -:  131:#include "elf/mcore.h"
        -:  132:#include "elf/mep.h"
        -:  133:#include "elf/metag.h"
        -:  134:#include "elf/microblaze.h"
        -:  135:#include "elf/mips.h"
        -:  136:#include "elf/mmix.h"
        -:  137:#include "elf/mn10200.h"
        -:  138:#include "elf/mn10300.h"
        -:  139:#include "elf/moxie.h"
        -:  140:#include "elf/mt.h"
        -:  141:#include "elf/msp430.h"
        -:  142:#include "elf/nds32.h"
        -:  143:#include "elf/nfp.h"
        -:  144:#include "elf/nios2.h"
        -:  145:#include "elf/or1k.h"
        -:  146:#include "elf/pj.h"
        -:  147:#include "elf/ppc.h"
        -:  148:#include "elf/ppc64.h"
        -:  149:#include "elf/pru.h"
        -:  150:#include "elf/riscv.h"
        -:  151:#include "elf/rl78.h"
        -:  152:#include "elf/rx.h"
        -:  153:#include "elf/s390.h"
        -:  154:#include "elf/score.h"
        -:  155:#include "elf/sh.h"
        -:  156:#include "elf/sparc.h"
        -:  157:#include "elf/spu.h"
        -:  158:#include "elf/tic6x.h"
        -:  159:#include "elf/tilegx.h"
        -:  160:#include "elf/tilepro.h"
        -:  161:#include "elf/v850.h"
        -:  162:#include "elf/vax.h"
        -:  163:#include "elf/visium.h"
        -:  164:#include "elf/wasm32.h"
        -:  165:#include "elf/x86-64.h"
        -:  166:#include "elf/xgate.h"
        -:  167:#include "elf/xstormy16.h"
        -:  168:#include "elf/xtensa.h"
        -:  169:#include "elf/z80.h"
        -:  170:#include "elf/loongarch.h"
        -:  171:
        -:  172:#include "getopt.h"
        -:  173:#include "libiberty.h"
        -:  174:#include "safe-ctype.h"
        -:  175:#include "filenames.h"
        -:  176:
        -:  177:#ifndef offsetof
        -:  178:#define offsetof(TYPE, MEMBER) ((size_t) &(((TYPE *) 0)->MEMBER))
        -:  179:#endif
        -:  180:
        -:  181:typedef struct elf_section_list
        -:  182:{
        -:  183:  Elf_Internal_Shdr *        hdr;
        -:  184:  struct elf_section_list *  next;
        -:  185:} elf_section_list;
        -:  186:
        -:  187:/* Flag bits indicating particular types of dump.  */
        -:  188:#define HEX_DUMP	(1 << 0)	/* The -x command line switch.  */
        -:  189:#define DISASS_DUMP	(1 << 1)	/* The -i command line switch.  */
        -:  190:#define DEBUG_DUMP	(1 << 2)	/* The -w command line switch.  */
        -:  191:#define STRING_DUMP     (1 << 3)	/* The -p command line switch.  */
        -:  192:#define RELOC_DUMP      (1 << 4)	/* The -R command line switch.  */
        -:  193:#define CTF_DUMP	(1 << 5)	/* The --ctf command line switch.  */
        -:  194:
        -:  195:typedef unsigned char dump_type;
        -:  196:
        -:  197:/* A linked list of the section names for which dumps were requested.  */
        -:  198:struct dump_list_entry
        -:  199:{
        -:  200:  char *                    name;
        -:  201:  dump_type                 type;
        -:  202:  struct dump_list_entry *  next;
        -:  203:};
        -:  204:
        -:  205:/* A dynamic array of flags indicating for which sections a dump
        -:  206:   has been requested via command line switches.  */
        -:  207:struct dump_data
        -:  208:{
        -:  209:  dump_type *          dump_sects;
        -:  210:  unsigned int         num_dump_sects;
        -:  211:};
        -:  212:
        -:  213:static struct dump_data cmdline;
        -:  214:
        -:  215:static struct dump_list_entry * dump_sects_byname;
        -:  216:
        -:  217:char * program_name = "readelf";
        -:  218:
        -:  219:static bool show_name = false;
        -:  220:static bool do_dynamic = false;
        -:  221:static bool do_syms = false;
        -:  222:static bool do_dyn_syms = false;
        -:  223:static bool do_lto_syms = false;
        -:  224:static bool do_reloc = false;
        -:  225:static bool do_sections = false;
        -:  226:static bool do_section_groups = false;
        -:  227:static bool do_section_details = false;
        -:  228:static bool do_segments = false;
        -:  229:static bool do_unwind = false;
        -:  230:static bool do_using_dynamic = false;
        -:  231:static bool do_header = false;
        -:  232:static bool do_dump = false;
        -:  233:static bool do_version = false;
        -:  234:static bool do_histogram = false;
        -:  235:static bool do_debugging = false;
        -:  236:static bool do_ctf = false;
        -:  237:static bool do_arch = false;
        -:  238:static bool do_notes = false;
        -:  239:static bool do_archive_index = false;
        -:  240:static bool check_all = false;
        -:  241:static bool is_32bit_elf = false;
        -:  242:static bool decompress_dumps = false;
        -:  243:static bool do_not_show_symbol_truncation = false;
        -:  244:static bool do_demangle = false;	/* Pretty print C++ symbol names.  */
        -:  245:static bool process_links = false;
        -:  246:static bool dump_any_debugging = false;
        -:  247:static int demangle_flags = DMGL_ANSI | DMGL_PARAMS;
        -:  248:static int sym_base = 0;
        -:  249:
        -:  250:static char *dump_ctf_parent_name;
        -:  251:static char *dump_ctf_symtab_name;
        -:  252:static char *dump_ctf_strtab_name;
        -:  253:
        -:  254:struct group_list
        -:  255:{
        -:  256:  struct group_list *  next;
        -:  257:  unsigned int         section_index;
        -:  258:};
        -:  259:
        -:  260:struct group
        -:  261:{
        -:  262:  struct group_list *  root;
        -:  263:  unsigned int         group_index;
        -:  264:};
        -:  265:
        -:  266:typedef struct filedata
        -:  267:{
        -:  268:  const char *         file_name;
        -:  269:  bool                 is_separate;
        -:  270:  FILE *               handle;
        -:  271:  bfd_size_type        file_size;
        -:  272:  Elf_Internal_Ehdr    file_header;
        -:  273:  unsigned long        archive_file_offset;
        -:  274:  unsigned long        archive_file_size;
        -:  275:  /* Everything below this point is cleared out by free_filedata.  */
        -:  276:  Elf_Internal_Shdr *  section_headers;
        -:  277:  Elf_Internal_Phdr *  program_headers;
        -:  278:  char *               string_table;
        -:  279:  unsigned long        string_table_length;
        -:  280:  unsigned long        dynamic_addr;
        -:  281:  bfd_size_type        dynamic_size;
        -:  282:  size_t               dynamic_nent;
        -:  283:  Elf_Internal_Dyn *   dynamic_section;
        -:  284:  Elf_Internal_Shdr *  dynamic_strtab_section;
        -:  285:  char *               dynamic_strings;
        -:  286:  unsigned long        dynamic_strings_length;
        -:  287:  Elf_Internal_Shdr *  dynamic_symtab_section;
        -:  288:  unsigned long        num_dynamic_syms;
        -:  289:  Elf_Internal_Sym *   dynamic_symbols;
        -:  290:  bfd_vma              version_info[16];
        -:  291:  unsigned int         dynamic_syminfo_nent;
        -:  292:  Elf_Internal_Syminfo * dynamic_syminfo;
        -:  293:  unsigned long        dynamic_syminfo_offset;
        -:  294:  bfd_size_type        nbuckets;
        -:  295:  bfd_size_type        nchains;
        -:  296:  bfd_vma *            buckets;
        -:  297:  bfd_vma *            chains;
        -:  298:  bfd_size_type        ngnubuckets;
        -:  299:  bfd_size_type        ngnuchains;
        -:  300:  bfd_vma *            gnubuckets;
        -:  301:  bfd_vma *            gnuchains;
        -:  302:  bfd_vma *            mipsxlat;
        -:  303:  bfd_vma              gnusymidx;
        -:  304:  char *               program_interpreter;
        -:  305:  bfd_vma              dynamic_info[DT_ENCODING];
        -:  306:  bfd_vma              dynamic_info_DT_GNU_HASH;
        -:  307:  bfd_vma              dynamic_info_DT_MIPS_XHASH;
        -:  308:  elf_section_list *   symtab_shndx_list;
        -:  309:  size_t               group_count;
        -:  310:  struct group *       section_groups;
        -:  311:  struct group **      section_headers_groups;
        -:  312:  /* A dynamic array of flags indicating for which sections a dump of
        -:  313:     some kind has been requested.  It is reset on a per-object file
        -:  314:     basis and then initialised from the cmdline_dump_sects array,
        -:  315:     the results of interpreting the -w switch, and the
        -:  316:     dump_sects_byname list.  */
        -:  317:  struct dump_data     dump;
        -:  318:} Filedata;
        -:  319:
        -:  320:/* How to print a vma value.  */
        -:  321:typedef enum print_mode
        -:  322:{
        -:  323:  HEX,
        -:  324:  HEX_5,
        -:  325:  DEC,
        -:  326:  DEC_5,
        -:  327:  UNSIGNED,
        -:  328:  UNSIGNED_5,
        -:  329:  PREFIX_HEX,
        -:  330:  PREFIX_HEX_5,
        -:  331:  FULL_HEX,
        -:  332:  LONG_HEX,
        -:  333:  OCTAL,
        -:  334:  OCTAL_5
        -:  335:}
        -:  336:print_mode;
        -:  337:
        -:  338:typedef enum unicode_display_type
        -:  339:{
        -:  340:  unicode_default = 0,
        -:  341:  unicode_locale,
        -:  342:  unicode_escape,
        -:  343:  unicode_hex,
        -:  344:  unicode_highlight,
        -:  345:  unicode_invalid
        -:  346:} unicode_display_type;
        -:  347:
        -:  348:static unicode_display_type unicode_display = unicode_default;
        -:  349:
        -:  350:typedef enum
        -:  351:{
        -:  352:  reltype_unknown,
        -:  353:  reltype_rel,
        -:  354:  reltype_rela,
        -:  355:  reltype_relr
        -:  356:} relocation_type;
        -:  357:
        -:  358:/* Versioned symbol info.  */
        -:  359:enum versioned_symbol_info
        -:  360:{
        -:  361:  symbol_undefined,
        -:  362:  symbol_hidden,
        -:  363:  symbol_public
        -:  364:};
        -:  365:
        -:  366:static const char * get_symbol_version_string
        -:  367:  (Filedata *, bool, const char *, unsigned long, unsigned,
        -:  368:   Elf_Internal_Sym *, enum versioned_symbol_info *, unsigned short *);
        -:  369:
        -:  370:#define UNKNOWN -1
        -:  371:
        -:  372:static inline const char *
     6329:  373:section_name (const Filedata *filedata, const Elf_Internal_Shdr *hdr)
        -:  374:{
     6329:  375:  return filedata->string_table + hdr->sh_name;
        -:  376:}
        -:  377:
        -:  378:static inline bool
      271:  379:section_name_valid (const Filedata *filedata, const Elf_Internal_Shdr *hdr)
        -:  380:{
        -:  381:  return (hdr != NULL
      271:  382:	  && filedata->string_table != NULL
      542:  383:	  && hdr->sh_name < filedata->string_table_length);
        -:  384:}
        -:  385:
        -:  386:static inline const char *
     8337:  387:section_name_print (const Filedata *filedata, const Elf_Internal_Shdr *hdr)
        -:  388:{
     8337:  389:  if (hdr == NULL)
    #####:  390:    return _("<none>");
     8337:  391:  if (filedata->string_table == NULL)
     1829:  392:    return _("<no-strings>");
     6508:  393:  if (hdr->sh_name >= filedata->string_table_length)
      392:  394:    return _("<corrupt>");
     6116:  395:  return section_name (filedata, hdr);
        -:  396:}
        -:  397:
        -:  398:#define DT_VERSIONTAGIDX(tag)	(DT_VERNEEDNUM - (tag))	/* Reverse order!  */
        -:  399:
        -:  400:static inline bool
      160:  401:valid_symbol_name (const char *strtab, size_t strtab_size, uint64_t offset)
        -:  402:{
      160:  403:  return strtab != NULL && offset < strtab_size;
        -:  404:}
        -:  405:
        -:  406:static inline bool
       18:  407:valid_dynamic_name (const Filedata *filedata, uint64_t offset)
        -:  408:{
       18:  409:  return valid_symbol_name (filedata->dynamic_strings,
        -:  410:			    filedata->dynamic_strings_length, offset);
        -:  411:}
        -:  412:
        -:  413:/* GET_DYNAMIC_NAME asssumes that VALID_DYNAMIC_NAME has
        -:  414:   already been called and verified that the string exists.  */
        -:  415:static inline const char *
    #####:  416:get_dynamic_name (const Filedata *filedata, size_t offset)
        -:  417:{
    #####:  418:  return filedata->dynamic_strings + offset;
        -:  419:}
        -:  420:
        -:  421:#define REMOVE_ARCH_BITS(ADDR)			\
        -:  422:  do						\
        -:  423:    {						\
        -:  424:      if (filedata->file_header.e_machine == EM_ARM)	\
        -:  425:	(ADDR) &= ~1;				\
        -:  426:    }						\
        -:  427:  while (0)
        -:  428:
        -:  429:/* Get the correct GNU hash section name.  */
        -:  430:#define GNU_HASH_SECTION_NAME(filedata)		\
        -:  431:  filedata->dynamic_info_DT_MIPS_XHASH ? ".MIPS.xhash" : ".gnu.hash"
        -:  432:
        -:  433:/* Print a BFD_VMA to an internal buffer, for use in error messages.
        -:  434:   BFD_FMA_FMT can't be used in translated strings.  */
        -:  435:
        -:  436:static const char *
      596:  437:bfd_vmatoa (char *fmtch, bfd_vma value)
        -:  438:{
        -:  439:  /* bfd_vmatoa is used more then once in a printf call for output.
        -:  440:     Cycle through an array of buffers.  */
        -:  441:  static int buf_pos = 0;
        -:  442:  static struct bfd_vmatoa_buf
        -:  443:  {
        -:  444:    char place[64];
        -:  445:  } buf[4];
        -:  446:  char *ret;
        -:  447:  char fmt[32];
        -:  448:
      596:  449:  ret = buf[buf_pos++].place;
      596:  450:  buf_pos %= ARRAY_SIZE (buf);
        -:  451:
      596:  452:  sprintf (fmt, "%%%s%s", BFD_VMA_FMT, fmtch);
      596:  453:  snprintf (ret, sizeof (buf[0].place), fmt, value);
      596:  454:  return ret;
        -:  455:}
        -:  456:
        -:  457:/* Retrieve NMEMB structures, each SIZE bytes long from FILEDATA starting at
        -:  458:   OFFSET + the offset of the current archive member, if we are examining an
        -:  459:   archive.  Put the retrieved data into VAR, if it is not NULL.  Otherwise
        -:  460:   allocate a buffer using malloc and fill that.  In either case return the
        -:  461:   pointer to the start of the retrieved data or NULL if something went wrong.
        -:  462:   If something does go wrong and REASON is not NULL then emit an error
        -:  463:   message using REASON as part of the context.  */
        -:  464:
        -:  465:static void *
     4385:  466:get_data (void *         var,
        -:  467:	  Filedata *     filedata,
        -:  468:	  unsigned long  offset,
        -:  469:	  bfd_size_type  size,
        -:  470:	  bfd_size_type  nmemb,
        -:  471:	  const char *   reason)
        -:  472:{
        -:  473:  void * mvar;
     4385:  474:  bfd_size_type amt = size * nmemb;
        -:  475:
     4385:  476:  if (size == 0 || nmemb == 0)
        8:  477:    return NULL;
        -:  478:
        -:  479:  /* If the size_t type is smaller than the bfd_size_type, eg because
        -:  480:     you are building a 32-bit tool on a 64-bit host, then make sure
        -:  481:     that when the sizes are cast to (size_t) no information is lost.  */
        -:  482:  if ((size_t) size != size
        -:  483:      || (size_t) nmemb != nmemb
        -:  484:      || (size_t) amt != amt)
        -:  485:    {
        -:  486:      if (reason)
        -:  487:	error (_("Size truncation prevents reading %s"
        -:  488:		 " elements of size %s for %s\n"),
        -:  489:	       bfd_vmatoa ("u", nmemb), bfd_vmatoa ("u", size), reason);
        -:  490:      return NULL;
        -:  491:    }
        -:  492:
        -:  493:  /* Check for size overflow.  */
     4377:  494:  if (amt / size != nmemb || (size_t) amt + 1 == 0)
        -:  495:    {
    #####:  496:      if (reason)
    #####:  497:	error (_("Size overflow prevents reading %s"
        -:  498:		 " elements of size %s for %s\n"),
        -:  499:	       bfd_vmatoa ("u", nmemb), bfd_vmatoa ("u", size), reason);
    #####:  500:      return NULL;
        -:  501:    }
        -:  502:
        -:  503:  /* Be kind to memory checkers (eg valgrind, address sanitizer) by not
        -:  504:     attempting to allocate memory when the read is bound to fail.  */
     4377:  505:  if (filedata->archive_file_offset > filedata->file_size
     4377:  506:      || offset > filedata->file_size - filedata->archive_file_offset
     3804:  507:      || amt > filedata->file_size - filedata->archive_file_offset - offset)
        -:  508:    {
      847:  509:      if (reason)
      596:  510:	error (_("Reading %s bytes extends past end of file for %s\n"),
        -:  511:	       bfd_vmatoa ("u", amt), reason);
      847:  512:      return NULL;
        -:  513:    }
        -:  514:
     3530:  515:  if (fseek (filedata->handle, filedata->archive_file_offset + offset,
        -:  516:	     SEEK_SET))
        -:  517:    {
    #####:  518:      if (reason)
    #####:  519:	error (_("Unable to seek to 0x%lx for %s\n"),
    #####:  520:	       filedata->archive_file_offset + offset, reason);
    #####:  521:      return NULL;
        -:  522:    }
        -:  523:
     3530:  524:  mvar = var;
     3530:  525:  if (mvar == NULL)
        -:  526:    {
        -:  527:      /* + 1 so that we can '\0' terminate invalid string table sections.  */
     3530:  528:      mvar = malloc ((size_t) amt + 1);
        -:  529:
     3530:  530:      if (mvar == NULL)
        -:  531:	{
    #####:  532:	  if (reason)
    #####:  533:	    error (_("Out of memory allocating %s bytes for %s\n"),
        -:  534:		   bfd_vmatoa ("u", amt), reason);
    #####:  535:	  return NULL;
        -:  536:	}
        -:  537:
     3530:  538:      ((char *) mvar)[amt] = '\0';
        -:  539:    }
        -:  540:
     3530:  541:  if (fread (mvar, (size_t) size, (size_t) nmemb, filedata->handle) != nmemb)
        -:  542:    {
    #####:  543:      if (reason)
    #####:  544:	error (_("Unable to read in %s bytes of %s\n"),
        -:  545:	       bfd_vmatoa ("u", amt), reason);
    #####:  546:      if (mvar != var)
    #####:  547:	free (mvar);
    #####:  548:      return NULL;
        -:  549:    }
        -:  550:
     3530:  551:  return mvar;
        -:  552:}
        -:  553:
        -:  554:/* Print a VMA value in the MODE specified.
        -:  555:   Returns the number of characters displayed.  */
        -:  556:
        -:  557:static unsigned int
     8126:  558:print_vma (bfd_vma vma, print_mode mode)
        -:  559:{
     8126:  560:  unsigned int nc = 0;
        -:  561:
     8126:  562:  switch (mode)
        -:  563:    {
       80:  564:    case FULL_HEX:
       80:  565:      nc = printf ("0x");
        -:  566:      /* Fall through.  */
     3730:  567:    case LONG_HEX:
        -:  568:#ifdef BFD64
     3730:  569:      if (is_32bit_elf)
     3730:  570:	return nc + printf ("%8.8" BFD_VMA_FMT "x", vma);
        -:  571:#endif
    #####:  572:      printf_vma (vma);
    #####:  573:      return nc + 16;
        -:  574:
      143:  575:    case DEC_5:
      143:  576:      if (vma <= 99999)
       82:  577:	return printf ("%5" BFD_VMA_FMT "d", vma);
        -:  578:      /* Fall through.  */
        -:  579:    case PREFIX_HEX:
     1532:  580:      nc = printf ("0x");
        -:  581:      /* Fall through.  */
     1532:  582:    case HEX:
     1532:  583:      return nc + printf ("%" BFD_VMA_FMT "x", vma);
        -:  584:
    #####:  585:    case PREFIX_HEX_5:
    #####:  586:      nc = printf ("0x");
        -:  587:      /* Fall through.  */
    #####:  588:    case HEX_5:
    #####:  589:      return nc + printf ("%05" BFD_VMA_FMT "x", vma);
        -:  590:
     2782:  591:    case DEC:
     2782:  592:      return printf ("%" BFD_VMA_FMT "d", vma);
        -:  593:
    #####:  594:    case UNSIGNED:
    #####:  595:      return printf ("%" BFD_VMA_FMT "u", vma);
        -:  596:
    #####:  597:    case UNSIGNED_5:
    #####:  598:      return printf ("%5" BFD_VMA_FMT "u", vma);
        -:  599:
    #####:  600:    case OCTAL:
    #####:  601:      return printf ("%" BFD_VMA_FMT "o", vma);
        -:  602:
    #####:  603:    case OCTAL_5:
    #####:  604:      return printf ("%5" BFD_VMA_FMT "o", vma);
        -:  605:
    #####:  606:    default:
        -:  607:      /* FIXME: Report unrecognised mode ?  */
    #####:  608:      return 0;
        -:  609:    }
        -:  610:}
        -:  611:
        -:  612:
        -:  613:/* Display a symbol on stdout.  Handles the display of control characters and
        -:  614:   multibye characters (assuming the host environment supports them).
        -:  615:
        -:  616:   Display at most abs(WIDTH) characters, truncating as necessary, unless do_wide is true.
        -:  617:
        -:  618:   If truncation will happen and do_not_show_symbol_truncation is FALSE then display
        -:  619:   abs(WIDTH) - 5 characters followed by "[...]".
        -:  620:
        -:  621:   If WIDTH is negative then ensure that the output is at least (- WIDTH) characters,
        -:  622:   padding as necessary.
        -:  623:
        -:  624:   Returns the number of emitted characters.  */
        -:  625:
        -:  626:static unsigned int
     3655:  627:print_symbol (signed int width, const char * symbol)
        -:  628:{
     3655:  629:  bool extra_padding = false;
     3655:  630:  bool do_dots = false;
     3655:  631:  signed int num_printed = 0;
        -:  632:#ifdef HAVE_MBSTATE_T
        -:  633:  mbstate_t state;
        -:  634:#endif
        -:  635:  unsigned int width_remaining;
     3655:  636:  const void * alloced_symbol = NULL;
        -:  637:
     3655:  638:  if (width < 0)
        -:  639:    {
        -:  640:      /* Keep the width positive.  This helps the code below.  */
     3512:  641:      width = - width;
     3512:  642:      extra_padding = true;
        -:  643:    }
      143:  644:  else if (width == 0)
    #####:  645:    return 0;
        -:  646:
     3655:  647:  if (do_wide)
        -:  648:    /* Set the remaining width to a very large value.
        -:  649:       This simplifies the code below.  */
    #####:  650:    width_remaining = INT_MAX;
        -:  651:  else
        -:  652:    {
     3655:  653:      width_remaining = width;
     3655:  654:      if (! do_not_show_symbol_truncation
     3655:  655:	  && (int) strlen (symbol) > width)
        -:  656:	{
        4:  657:	  width_remaining -= 5;
        4:  658:	  if ((int) width_remaining < 0)
    #####:  659:	    width_remaining = 0;
        4:  660:	  do_dots = true;
        -:  661:	}
        -:  662:    }
        -:  663:
        -:  664:#ifdef HAVE_MBSTATE_T
        -:  665:  /* Initialise the multibyte conversion state.  */
     3655:  666:  memset (& state, 0, sizeof (state));
        -:  667:#endif
        -:  668:
    3655*:  669:  if (do_demangle && *symbol)
        -:  670:    {
    #####:  671:      const char * res = cplus_demangle (symbol, demangle_flags);
        -:  672:
    #####:  673:      if (res != NULL)
    #####:  674:	alloced_symbol = symbol = res;
        -:  675:    }
        -:  676:
    27420:  677:  while (width_remaining)
        -:  678:    {
        -:  679:      size_t  n;
    27407:  680:      const char c = *symbol++;
        -:  681:
    27407:  682:      if (c == 0)
     3632:  683:	break;
        -:  684:
    23775:  685:      if (ISPRINT (c))
        -:  686:	{
    21967:  687:	  putchar (c);
    21967:  688:	  width_remaining --;
    21967:  689:	  num_printed ++;
        -:  690:	}
     1808:  691:      else if (ISCNTRL (c))
        -:  692:	{
        -:  693:	  /* Do not print control characters directly as they can affect terminal
        -:  694:	     settings.  Such characters usually appear in the names generated
        -:  695:	     by the assembler for local labels.  */
        -:  696:
      788:  697:	  if (width_remaining < 2)
       10:  698:	    break;
        -:  699:
      778:  700:	  printf ("^%c", c + 0x40);
      778:  701:	  width_remaining -= 2;
      778:  702:	  num_printed += 2;
        -:  703:	}
     1020:  704:      else if (c == 0x7f)
        -:  705:	{
    #####:  706:	  if (width_remaining < 5)
    #####:  707:	    break;
    #####:  708:	  printf ("<DEL>");
    #####:  709:	  width_remaining -= 5;
    #####:  710:	  num_printed += 5;
        -:  711:	}
     1020:  712:      else if (unicode_display != unicode_locale
     1020:  713:	       && unicode_display != unicode_default)
    #####:  714:	{
        -:  715:	  /* Display unicode characters as something else.  */
        -:  716:	  unsigned char bytes[4];
        -:  717:	  bool          is_utf8;
        -:  718:	  unsigned int  nbytes;
        -:  719:
    #####:  720:	  bytes[0] = c;
        -:  721:
    #####:  722:	  if (bytes[0] < 0xc0)
        -:  723:	    {
    #####:  724:	      nbytes = 1;
    #####:  725:	      is_utf8 = false;
        -:  726:	    }
        -:  727:	  else
        -:  728:	    {
    #####:  729:	      bytes[1] = *symbol++;
        -:  730:
    #####:  731:	      if ((bytes[1] & 0xc0) != 0x80)
        -:  732:		{
    #####:  733:		  is_utf8 = false;
        -:  734:		  /* Do not consume this character.  It may only
        -:  735:		     be the first byte in the sequence that was
        -:  736:		     corrupt.  */
    #####:  737:		  --symbol;
    #####:  738:		  nbytes = 1;
        -:  739:		}
    #####:  740:	      else if ((bytes[0] & 0x20) == 0)
        -:  741:		{
    #####:  742:		  is_utf8 = true;
    #####:  743:		  nbytes = 2;
        -:  744:		}
        -:  745:	      else
        -:  746:		{
    #####:  747:		  bytes[2] = *symbol++;
        -:  748:
    #####:  749:		  if ((bytes[2] & 0xc0) != 0x80)
        -:  750:		    {
    #####:  751:		      is_utf8 = false;
    #####:  752:		      symbol -= 2;
    #####:  753:		      nbytes = 1;
        -:  754:		    }
    #####:  755:		  else if ((bytes[0] & 0x10) == 0)
        -:  756:		    {
    #####:  757:		      is_utf8 = true;
    #####:  758:		      nbytes = 3;
        -:  759:		    }
        -:  760:		  else
        -:  761:		    {
    #####:  762:		      bytes[3] = *symbol++;
        -:  763:
    #####:  764:		      nbytes = 4;
        -:  765:
    #####:  766:		      if ((bytes[3] & 0xc0) != 0x80)
        -:  767:			{
    #####:  768:			  is_utf8 = false;
    #####:  769:			  symbol -= 3;
    #####:  770:			  nbytes = 1;
        -:  771:			}
        -:  772:		      else
    #####:  773:			is_utf8 = true;
        -:  774:		    }
        -:  775:		}
        -:  776:	    }
        -:  777:
    #####:  778:	  if (unicode_display == unicode_invalid)
    #####:  779:	    is_utf8 = false;
        -:  780:
    #####:  781:	  if (unicode_display == unicode_hex || ! is_utf8)
    #####:  782:	    {
        -:  783:	      unsigned int i;
        -:  784:
    #####:  785:	      if (width_remaining < (nbytes * 2) + 2)
    #####:  786:		break;
        -:  787:	  
    #####:  788:	      putchar (is_utf8 ? '<' : '{');
    #####:  789:	      printf ("0x");
    #####:  790:	      for (i = 0; i < nbytes; i++)
    #####:  791:		printf ("%02x", bytes[i]);
    #####:  792:	      putchar (is_utf8 ? '>' : '}');
        -:  793:	    }
        -:  794:	  else
        -:  795:	    {
    #####:  796:	      if (unicode_display == unicode_highlight && isatty (1))
    #####:  797:		printf ("\x1B[31;47m"); /* Red.  */
        -:  798:	      
    #####:  799:	      switch (nbytes)
        -:  800:		{
    #####:  801:		case 2:
    #####:  802:		  if (width_remaining < 6)
    #####:  803:		    break;
    #####:  804:		  printf ("\\u%02x%02x",
    #####:  805:			  (bytes[0] & 0x1c) >> 2, 
    #####:  806:			  ((bytes[0] & 0x03) << 6) | (bytes[1] & 0x3f));
    #####:  807:		  break;
    #####:  808:		case 3:
    #####:  809:		  if (width_remaining < 6)
    #####:  810:		    break;
    #####:  811:		  printf ("\\u%02x%02x",
    #####:  812:			  ((bytes[0] & 0x0f) << 4) | ((bytes[1] & 0x3c) >> 2),
    #####:  813:			  ((bytes[1] & 0x03) << 6) | (bytes[2] & 0x3f));
    #####:  814:		  break;
    #####:  815:		case 4:
    #####:  816:		  if (width_remaining < 8)
    #####:  817:		    break;
    #####:  818:		  printf ("\\u%02x%02x%02x",
    #####:  819:			  ((bytes[0] & 0x07) << 6) | ((bytes[1] & 0x3c) >> 2),
    #####:  820:			  ((bytes[1] & 0x03) << 6) | ((bytes[2] & 0x3c) >> 2),
    #####:  821:			  ((bytes[2] & 0x03) << 6) | (bytes[3] & 0x3f));
        -:  822:		  
    #####:  823:		  break;
    #####:  824:		default:
        -:  825:		  /* URG.  */
    #####:  826:		  break;
        -:  827:		}
        -:  828:
    #####:  829:	      if (unicode_display == unicode_highlight && isatty (1))
    #####:  830:		printf ("\033[0m"); /* Default colour.  */
        -:  831:	    }
        -:  832:	  
    #####:  833:	  if (bytes[nbytes - 1] == 0)
    #####:  834:	    break;
        -:  835:	}
        -:  836:      else
        -:  837:	{
        -:  838:#ifdef HAVE_MBSTATE_T
        -:  839:	  wchar_t w;
        -:  840:#endif
        -:  841:	  /* Let printf do the hard work of displaying multibyte characters.  */
     1020:  842:	  printf ("%.1s", symbol - 1);
     1020:  843:	  width_remaining --;
     1020:  844:	  num_printed ++;
        -:  845:
        -:  846:#ifdef HAVE_MBSTATE_T
        -:  847:	  /* Try to find out how many bytes made up the character that was
        -:  848:	     just printed.  Advance the symbol pointer past the bytes that
        -:  849:	     were displayed.  */
     1020:  850:	  n = mbrtowc (& w, symbol - 1, MB_CUR_MAX, & state);
        -:  851:#else
        -:  852:	  n = 1;
        -:  853:#endif
     1020:  854:	  if (n != (size_t) -1 && n != (size_t) -2 && n > 0)
      901:  855:	    symbol += (n - 1);
        -:  856:	}
        -:  857:    }
        -:  858:
     3655:  859:  if (do_dots)
        4:  860:    num_printed += printf ("[...]");
        -:  861:
     3655:  862:  if (extra_padding && num_printed < width)
        -:  863:    {
        -:  864:      /* Fill in the remaining spaces.  */
     3499:  865:      printf ("%-*s", width - num_printed, " ");
     3499:  866:      num_printed = width;
        -:  867:    }
        -:  868:
     3655:  869:  free ((void *) alloced_symbol);
     3655:  870:  return num_printed;
        -:  871:}
        -:  872:
        -:  873:/* Returns a pointer to a static buffer containing a printable version of
        -:  874:   the given section's name.  Like print_symbol, except that it does not try
        -:  875:   to print multibyte characters, it just interprets them as hex values.  */
        -:  876:
        -:  877:static const char *
     1322:  878:printable_section_name (Filedata * filedata, const Elf_Internal_Shdr * sec)
        -:  879:{
        -:  880:#define MAX_PRINT_SEC_NAME_LEN 256
        -:  881:  static char  sec_name_buf [MAX_PRINT_SEC_NAME_LEN + 1];
     1322:  882:  const char * name = section_name_print (filedata, sec);
     1322:  883:  char *       buf = sec_name_buf;
        -:  884:  char         c;
     1322:  885:  unsigned int remaining = MAX_PRINT_SEC_NAME_LEN;
        -:  886:
     8188:  887:  while ((c = * name ++) != 0)
        -:  888:    {
     6866:  889:      if (ISCNTRL (c))
        -:  890:	{
      330:  891:	  if (remaining < 2)
    #####:  892:	    break;
        -:  893:
      330:  894:	  * buf ++ = '^';
      330:  895:	  * buf ++ = c + 0x40;
      330:  896:	  remaining -= 2;
        -:  897:	}
     6536:  898:      else if (ISPRINT (c))
        -:  899:	{
     6129:  900:	  * buf ++ = c;
     6129:  901:	  remaining -= 1;
        -:  902:	}
        -:  903:      else
        -:  904:	{
        -:  905:	  static char hex[17] = "0123456789ABCDEF";
        -:  906:
      407:  907:	  if (remaining < 4)
    #####:  908:	    break;
      407:  909:	  * buf ++ = '<';
      407:  910:	  * buf ++ = hex[(c & 0xf0) >> 4];
      407:  911:	  * buf ++ = hex[c & 0x0f];
      407:  912:	  * buf ++ = '>';
      407:  913:	  remaining -= 4;
        -:  914:	}
        -:  915:
     6866:  916:      if (remaining == 0)
    #####:  917:	break;
        -:  918:    }
        -:  919:
     1322:  920:  * buf = 0;
     1322:  921:  return sec_name_buf;
        -:  922:}
        -:  923:
        -:  924:static const char *
    #####:  925:printable_section_name_from_index (Filedata * filedata, unsigned long ndx)
        -:  926:{
    #####:  927:  if (ndx >= filedata->file_header.e_shnum)
    #####:  928:    return _("<corrupt>");
        -:  929:
    #####:  930:  return printable_section_name (filedata, filedata->section_headers + ndx);
        -:  931:}
        -:  932:
        -:  933:/* Return a pointer to section NAME, or NULL if no such section exists.  */
        -:  934:
        -:  935:static Elf_Internal_Shdr *
       47:  936:find_section (Filedata * filedata, const char * name)
        -:  937:{
        -:  938:  unsigned int i;
        -:  939:
       47:  940:  if (filedata->section_headers == NULL)
    #####:  941:    return NULL;
        -:  942:
      235:  943:  for (i = 0; i < filedata->file_header.e_shnum; i++)
      188:  944:    if (section_name_valid (filedata, filedata->section_headers + i)
      143:  945:	&& streq (section_name (filedata, filedata->section_headers + i),
        -:  946:		  name))
    #####:  947:      return filedata->section_headers + i;
        -:  948:
       47:  949:  return NULL;
        -:  950:}
        -:  951:
        -:  952:/* Return a pointer to a section containing ADDR, or NULL if no such
        -:  953:   section exists.  */
        -:  954:
        -:  955:static Elf_Internal_Shdr *
    #####:  956:find_section_by_address (Filedata * filedata, bfd_vma addr)
        -:  957:{
        -:  958:  unsigned int i;
        -:  959:
    #####:  960:  if (filedata->section_headers == NULL)
    #####:  961:    return NULL;
        -:  962:
    #####:  963:  for (i = 0; i < filedata->file_header.e_shnum; i++)
        -:  964:    {
    #####:  965:      Elf_Internal_Shdr *sec = filedata->section_headers + i;
        -:  966:
    #####:  967:      if (addr >= sec->sh_addr && addr < sec->sh_addr + sec->sh_size)
    #####:  968:	return sec;
        -:  969:    }
        -:  970:
    #####:  971:  return NULL;
        -:  972:}
        -:  973:
        -:  974:static Elf_Internal_Shdr *
    #####:  975:find_section_by_type (Filedata * filedata, unsigned int type)
        -:  976:{
        -:  977:  unsigned int i;
        -:  978:
    #####:  979:  if (filedata->section_headers == NULL)
    #####:  980:    return NULL;
        -:  981:
    #####:  982:  for (i = 0; i < filedata->file_header.e_shnum; i++)
        -:  983:    {
    #####:  984:      Elf_Internal_Shdr *sec = filedata->section_headers + i;
        -:  985:
    #####:  986:      if (sec->sh_type == type)
    #####:  987:	return sec;
        -:  988:    }
        -:  989:
    #####:  990:  return NULL;
        -:  991:}
        -:  992:
        -:  993:/* Return a pointer to section NAME, or NULL if no such section exists,
        -:  994:   restricted to the list of sections given in SET.  */
        -:  995:
        -:  996:static Elf_Internal_Shdr *
    #####:  997:find_section_in_set (Filedata * filedata, const char * name, unsigned int * set)
        -:  998:{
        -:  999:  unsigned int i;
        -: 1000:
    #####: 1001:  if (filedata->section_headers == NULL)
    #####: 1002:    return NULL;
        -: 1003:
    #####: 1004:  if (set != NULL)
        -: 1005:    {
    #####: 1006:      while ((i = *set++) > 0)
        -: 1007:	{
        -: 1008:	  /* See PR 21156 for a reproducer.  */
    #####: 1009:	  if (i >= filedata->file_header.e_shnum)
    #####: 1010:	    continue; /* FIXME: Should we issue an error message ?  */
        -: 1011:
    #####: 1012:	  if (section_name_valid (filedata, filedata->section_headers + i)
    #####: 1013:	      && streq (section_name (filedata, filedata->section_headers + i),
        -: 1014:			name))
    #####: 1015:	    return filedata->section_headers + i;
        -: 1016:	}
        -: 1017:    }
        -: 1018:
    #####: 1019:  return find_section (filedata, name);
        -: 1020:}
        -: 1021:
        -: 1022:/* Return TRUE if the current file is for IA-64 machine and OpenVMS ABI.
        -: 1023:   This OS has so many departures from the ELF standard that we test it at
        -: 1024:   many places.  */
        -: 1025:
        -: 1026:static inline bool
       60: 1027:is_ia64_vms (Filedata * filedata)
        -: 1028:{
       60: 1029:  return filedata->file_header.e_machine == EM_IA_64
      60*: 1030:    && filedata->file_header.e_ident[EI_OSABI] == ELFOSABI_OPENVMS;
        -: 1031:}
        -: 1032:
        -: 1033:/* Guess the relocation size commonly used by the specific machines.  */
        -: 1034:
        -: 1035:static bool
    #####: 1036:guess_is_rela (unsigned int e_machine)
        -: 1037:{
    #####: 1038:  switch (e_machine)
        -: 1039:    {
        -: 1040:      /* Targets that use REL relocations.  */
    #####: 1041:    case EM_386:
        -: 1042:    case EM_IAMCU:
        -: 1043:    case EM_960:
        -: 1044:    case EM_ARM:
        -: 1045:    case EM_D10V:
        -: 1046:    case EM_CYGNUS_D10V:
        -: 1047:    case EM_DLX:
        -: 1048:    case EM_MIPS:
        -: 1049:    case EM_MIPS_RS3_LE:
        -: 1050:    case EM_CYGNUS_M32R:
        -: 1051:    case EM_SCORE:
        -: 1052:    case EM_XGATE:
        -: 1053:    case EM_NFP:
        -: 1054:    case EM_BPF:
    #####: 1055:      return false;
        -: 1056:
        -: 1057:      /* Targets that use RELA relocations.  */
    #####: 1058:    case EM_68K:
        -: 1059:    case EM_860:
        -: 1060:    case EM_AARCH64:
        -: 1061:    case EM_ADAPTEVA_EPIPHANY:
        -: 1062:    case EM_ALPHA:
        -: 1063:    case EM_ALTERA_NIOS2:
        -: 1064:    case EM_ARC:
        -: 1065:    case EM_ARC_COMPACT:
        -: 1066:    case EM_ARC_COMPACT2:
        -: 1067:    case EM_AVR:
        -: 1068:    case EM_AVR_OLD:
        -: 1069:    case EM_BLACKFIN:
        -: 1070:    case EM_CR16:
        -: 1071:    case EM_CRIS:
        -: 1072:    case EM_CRX:
        -: 1073:    case EM_CSKY:
        -: 1074:    case EM_D30V:
        -: 1075:    case EM_CYGNUS_D30V:
        -: 1076:    case EM_FR30:
        -: 1077:    case EM_FT32:
        -: 1078:    case EM_CYGNUS_FR30:
        -: 1079:    case EM_CYGNUS_FRV:
        -: 1080:    case EM_H8S:
        -: 1081:    case EM_H8_300:
        -: 1082:    case EM_H8_300H:
        -: 1083:    case EM_IA_64:
        -: 1084:    case EM_IP2K:
        -: 1085:    case EM_IP2K_OLD:
        -: 1086:    case EM_IQ2000:
        -: 1087:    case EM_LATTICEMICO32:
        -: 1088:    case EM_M32C_OLD:
        -: 1089:    case EM_M32C:
        -: 1090:    case EM_M32R:
        -: 1091:    case EM_MCORE:
        -: 1092:    case EM_CYGNUS_MEP:
        -: 1093:    case EM_METAG:
        -: 1094:    case EM_MMIX:
        -: 1095:    case EM_MN10200:
        -: 1096:    case EM_CYGNUS_MN10200:
        -: 1097:    case EM_MN10300:
        -: 1098:    case EM_CYGNUS_MN10300:
        -: 1099:    case EM_MOXIE:
        -: 1100:    case EM_MSP430:
        -: 1101:    case EM_MSP430_OLD:
        -: 1102:    case EM_MT:
        -: 1103:    case EM_NDS32:
        -: 1104:    case EM_NIOS32:
        -: 1105:    case EM_OR1K:
        -: 1106:    case EM_PPC64:
        -: 1107:    case EM_PPC:
        -: 1108:    case EM_TI_PRU:
        -: 1109:    case EM_RISCV:
        -: 1110:    case EM_RL78:
        -: 1111:    case EM_RX:
        -: 1112:    case EM_S390:
        -: 1113:    case EM_S390_OLD:
        -: 1114:    case EM_SH:
        -: 1115:    case EM_SPARC:
        -: 1116:    case EM_SPARC32PLUS:
        -: 1117:    case EM_SPARCV9:
        -: 1118:    case EM_SPU:
        -: 1119:    case EM_TI_C6000:
        -: 1120:    case EM_TILEGX:
        -: 1121:    case EM_TILEPRO:
        -: 1122:    case EM_V800:
        -: 1123:    case EM_V850:
        -: 1124:    case EM_CYGNUS_V850:
        -: 1125:    case EM_VAX:
        -: 1126:    case EM_VISIUM:
        -: 1127:    case EM_X86_64:
        -: 1128:    case EM_L1OM:
        -: 1129:    case EM_K1OM:
        -: 1130:    case EM_XSTORMY16:
        -: 1131:    case EM_XTENSA:
        -: 1132:    case EM_XTENSA_OLD:
        -: 1133:    case EM_MICROBLAZE:
        -: 1134:    case EM_MICROBLAZE_OLD:
        -: 1135:    case EM_WEBASSEMBLY:
    #####: 1136:      return true;
        -: 1137:
    #####: 1138:    case EM_68HC05:
        -: 1139:    case EM_68HC08:
        -: 1140:    case EM_68HC11:
        -: 1141:    case EM_68HC16:
        -: 1142:    case EM_FX66:
        -: 1143:    case EM_ME16:
        -: 1144:    case EM_MMA:
        -: 1145:    case EM_NCPU:
        -: 1146:    case EM_NDR1:
        -: 1147:    case EM_PCP:
        -: 1148:    case EM_ST100:
        -: 1149:    case EM_ST19:
        -: 1150:    case EM_ST7:
        -: 1151:    case EM_ST9PLUS:
        -: 1152:    case EM_STARCORE:
        -: 1153:    case EM_SVX:
        -: 1154:    case EM_TINYJ:
        -: 1155:    default:
    #####: 1156:      warn (_("Don't know about relocations on this machine architecture\n"));
    #####: 1157:      return false;
        -: 1158:    }
        -: 1159:}
        -: 1160:
        -: 1161:/* Load RELA type relocations from FILEDATA at REL_OFFSET extending for REL_SIZE bytes.
        -: 1162:   Returns TRUE upon success, FALSE otherwise.  If successful then a
        -: 1163:   pointer to a malloc'ed buffer containing the relocs is placed in *RELASP,
        -: 1164:   and the number of relocs loaded is placed in *NRELASP.  It is the caller's
        -: 1165:   responsibility to free the allocated buffer.  */
        -: 1166:
        -: 1167:static bool
        3: 1168:slurp_rela_relocs (Filedata *            filedata,
        -: 1169:		   unsigned long         rel_offset,
        -: 1170:		   unsigned long         rel_size,
        -: 1171:		   Elf_Internal_Rela **  relasp,
        -: 1172:		   unsigned long *       nrelasp)
        -: 1173:{
        -: 1174:  Elf_Internal_Rela * relas;
        -: 1175:  size_t nrelas;
        -: 1176:  unsigned int i;
        -: 1177:
        3: 1178:  if (is_32bit_elf)
        -: 1179:    {
        -: 1180:      Elf32_External_Rela * erelas;
        -: 1181:
        3: 1182:      erelas = (Elf32_External_Rela *) get_data (NULL, filedata, rel_offset, 1,
        3: 1183:                                                 rel_size, _("32-bit relocation data"));
        3: 1184:      if (!erelas)
    #####: 1185:	return false;
        -: 1186:
        3: 1187:      nrelas = rel_size / sizeof (Elf32_External_Rela);
        -: 1188:
        3: 1189:      relas = (Elf_Internal_Rela *) cmalloc (nrelas,
        -: 1190:                                             sizeof (Elf_Internal_Rela));
        -: 1191:
        3: 1192:      if (relas == NULL)
        -: 1193:	{
    #####: 1194:	  free (erelas);
    #####: 1195:	  error (_("out of memory parsing relocs\n"));
    #####: 1196:	  return false;
        -: 1197:	}
        -: 1198:
       36: 1199:      for (i = 0; i < nrelas; i++)
        -: 1200:	{
       33: 1201:	  relas[i].r_offset = BYTE_GET (erelas[i].r_offset);
       33: 1202:	  relas[i].r_info   = BYTE_GET (erelas[i].r_info);
       33: 1203:	  relas[i].r_addend = BYTE_GET_SIGNED (erelas[i].r_addend);
        -: 1204:	}
        -: 1205:
        3: 1206:      free (erelas);
        -: 1207:    }
        -: 1208:  else
        -: 1209:    {
        -: 1210:      Elf64_External_Rela * erelas;
        -: 1211:
    #####: 1212:      erelas = (Elf64_External_Rela *) get_data (NULL, filedata, rel_offset, 1,
    #####: 1213:                                                 rel_size, _("64-bit relocation data"));
    #####: 1214:      if (!erelas)
    #####: 1215:	return false;
        -: 1216:
    #####: 1217:      nrelas = rel_size / sizeof (Elf64_External_Rela);
        -: 1218:
    #####: 1219:      relas = (Elf_Internal_Rela *) cmalloc (nrelas,
        -: 1220:                                             sizeof (Elf_Internal_Rela));
        -: 1221:
    #####: 1222:      if (relas == NULL)
        -: 1223:	{
    #####: 1224:	  free (erelas);
    #####: 1225:	  error (_("out of memory parsing relocs\n"));
    #####: 1226:	  return false;
        -: 1227:	}
        -: 1228:
    #####: 1229:      for (i = 0; i < nrelas; i++)
        -: 1230:	{
    #####: 1231:	  relas[i].r_offset = BYTE_GET (erelas[i].r_offset);
    #####: 1232:	  relas[i].r_info   = BYTE_GET (erelas[i].r_info);
    #####: 1233:	  relas[i].r_addend = BYTE_GET_SIGNED (erelas[i].r_addend);
        -: 1234:
        -: 1235:	  /* The #ifdef BFD64 below is to prevent a compile time
        -: 1236:	     warning.  We know that if we do not have a 64 bit data
        -: 1237:	     type that we will never execute this code anyway.  */
        -: 1238:#ifdef BFD64
    #####: 1239:	  if (filedata->file_header.e_machine == EM_MIPS
    #####: 1240:	      && filedata->file_header.e_ident[EI_DATA] != ELFDATA2MSB)
        -: 1241:	    {
        -: 1242:	      /* In little-endian objects, r_info isn't really a
        -: 1243:		 64-bit little-endian value: it has a 32-bit
        -: 1244:		 little-endian symbol index followed by four
        -: 1245:		 individual byte fields.  Reorder INFO
        -: 1246:		 accordingly.  */
    #####: 1247:	      bfd_vma inf = relas[i].r_info;
    #####: 1248:	      inf = (((inf & 0xffffffff) << 32)
    #####: 1249:		      | ((inf >> 56) & 0xff)
    #####: 1250:		      | ((inf >> 40) & 0xff00)
    #####: 1251:		      | ((inf >> 24) & 0xff0000)
    #####: 1252:		      | ((inf >> 8) & 0xff000000));
    #####: 1253:	      relas[i].r_info = inf;
        -: 1254:	    }
        -: 1255:#endif /* BFD64 */
        -: 1256:	}
        -: 1257:
    #####: 1258:      free (erelas);
        -: 1259:    }
        -: 1260:
        3: 1261:  *relasp = relas;
        3: 1262:  *nrelasp = nrelas;
        3: 1263:  return true;
        -: 1264:}
        -: 1265:
        -: 1266:/* Load REL type relocations from FILEDATA at REL_OFFSET extending for REL_SIZE bytes.
        -: 1267:   Returns TRUE upon success, FALSE otherwise.  If successful then a
        -: 1268:   pointer to a malloc'ed buffer containing the relocs is placed in *RELSP,
        -: 1269:   and the number of relocs loaded is placed in *NRELSP.  It is the caller's
        -: 1270:   responsibility to free the allocated buffer.  */
        -: 1271:
        -: 1272:static bool
       14: 1273:slurp_rel_relocs (Filedata *            filedata,
        -: 1274:		  unsigned long         rel_offset,
        -: 1275:		  unsigned long         rel_size,
        -: 1276:		  Elf_Internal_Rela **  relsp,
        -: 1277:		  unsigned long *       nrelsp)
        -: 1278:{
        -: 1279:  Elf_Internal_Rela * rels;
        -: 1280:  size_t nrels;
        -: 1281:  unsigned int i;
        -: 1282:
       14: 1283:  if (is_32bit_elf)
        -: 1284:    {
        -: 1285:      Elf32_External_Rel * erels;
        -: 1286:
       14: 1287:      erels = (Elf32_External_Rel *) get_data (NULL, filedata, rel_offset, 1,
       14: 1288:                                               rel_size, _("32-bit relocation data"));
       14: 1289:      if (!erels)
    #####: 1290:	return false;
        -: 1291:
       14: 1292:      nrels = rel_size / sizeof (Elf32_External_Rel);
        -: 1293:
       14: 1294:      rels = (Elf_Internal_Rela *) cmalloc (nrels, sizeof (Elf_Internal_Rela));
        -: 1295:
       14: 1296:      if (rels == NULL)
        -: 1297:	{
    #####: 1298:	  free (erels);
    #####: 1299:	  error (_("out of memory parsing relocs\n"));
    #####: 1300:	  return false;
        -: 1301:	}
        -: 1302:
       41: 1303:      for (i = 0; i < nrels; i++)
        -: 1304:	{
       27: 1305:	  rels[i].r_offset = BYTE_GET (erels[i].r_offset);
       27: 1306:	  rels[i].r_info   = BYTE_GET (erels[i].r_info);
       27: 1307:	  rels[i].r_addend = 0;
        -: 1308:	}
        -: 1309:
       14: 1310:      free (erels);
        -: 1311:    }
        -: 1312:  else
        -: 1313:    {
        -: 1314:      Elf64_External_Rel * erels;
        -: 1315:
    #####: 1316:      erels = (Elf64_External_Rel *) get_data (NULL, filedata, rel_offset, 1,
    #####: 1317:                                               rel_size, _("64-bit relocation data"));
    #####: 1318:      if (!erels)
    #####: 1319:	return false;
        -: 1320:
    #####: 1321:      nrels = rel_size / sizeof (Elf64_External_Rel);
        -: 1322:
    #####: 1323:      rels = (Elf_Internal_Rela *) cmalloc (nrels, sizeof (Elf_Internal_Rela));
        -: 1324:
    #####: 1325:      if (rels == NULL)
        -: 1326:	{
    #####: 1327:	  free (erels);
    #####: 1328:	  error (_("out of memory parsing relocs\n"));
    #####: 1329:	  return false;
        -: 1330:	}
        -: 1331:
    #####: 1332:      for (i = 0; i < nrels; i++)
        -: 1333:	{
    #####: 1334:	  rels[i].r_offset = BYTE_GET (erels[i].r_offset);
    #####: 1335:	  rels[i].r_info   = BYTE_GET (erels[i].r_info);
    #####: 1336:	  rels[i].r_addend = 0;
        -: 1337:
        -: 1338:	  /* The #ifdef BFD64 below is to prevent a compile time
        -: 1339:	     warning.  We know that if we do not have a 64 bit data
        -: 1340:	     type that we will never execute this code anyway.  */
        -: 1341:#ifdef BFD64
    #####: 1342:	  if (filedata->file_header.e_machine == EM_MIPS
    #####: 1343:	      && filedata->file_header.e_ident[EI_DATA] != ELFDATA2MSB)
        -: 1344:	    {
        -: 1345:	      /* In little-endian objects, r_info isn't really a
        -: 1346:		 64-bit little-endian value: it has a 32-bit
        -: 1347:		 little-endian symbol index followed by four
        -: 1348:		 individual byte fields.  Reorder INFO
        -: 1349:		 accordingly.  */
    #####: 1350:	      bfd_vma inf = rels[i].r_info;
    #####: 1351:	      inf = (((inf & 0xffffffff) << 32)
    #####: 1352:		     | ((inf >> 56) & 0xff)
    #####: 1353:		     | ((inf >> 40) & 0xff00)
    #####: 1354:		     | ((inf >> 24) & 0xff0000)
    #####: 1355:		     | ((inf >> 8) & 0xff000000));
    #####: 1356:	      rels[i].r_info = inf;
        -: 1357:	    }
        -: 1358:#endif /* BFD64 */
        -: 1359:	}
        -: 1360:
    #####: 1361:      free (erels);
        -: 1362:    }
        -: 1363:
       14: 1364:  *relsp = rels;
       14: 1365:  *nrelsp = nrels;
       14: 1366:  return true;
        -: 1367:}
        -: 1368:
        -: 1369:static bool
        3: 1370:slurp_relr_relocs (Filedata * filedata,
        -: 1371:		   unsigned long relr_offset,
        -: 1372:		   unsigned long relr_size,
        -: 1373:		   bfd_vma ** relrsp,
        -: 1374:		   unsigned long * nrelrsp)
        -: 1375:{
        -: 1376:  void *relrs;
        3: 1377:  size_t size = 0, nentries, i;
        3: 1378:  bfd_vma base = 0, addr, entry;
        -: 1379:
        3: 1380:  relrs = get_data (NULL, filedata, relr_offset, 1, relr_size,
        3: 1381:		    _("RELR relocation data"));
        3: 1382:  if (!relrs)
        1: 1383:    return false;
        -: 1384:
        2: 1385:  if (is_32bit_elf)
        2: 1386:    nentries = relr_size / sizeof (Elf32_External_Relr);
        -: 1387:  else
    #####: 1388:    nentries = relr_size / sizeof (Elf64_External_Relr);
        7: 1389:  for (i = 0; i < nentries; i++)
        -: 1390:    {
        5: 1391:      if (is_32bit_elf)
        5: 1392:	entry = BYTE_GET (((Elf32_External_Relr *)relrs)[i].r_data);
        -: 1393:      else
    #####: 1394:	entry = BYTE_GET (((Elf64_External_Relr *)relrs)[i].r_data);
        5: 1395:      if ((entry & 1) == 0)
        3: 1396:	size++;
        -: 1397:      else
       61: 1398:	while ((entry >>= 1) != 0)
       59: 1399:	  if ((entry & 1) == 1)
       25: 1400:	    size++;
        -: 1401:    }
        -: 1402:
        2: 1403:  *relrsp = (bfd_vma *) malloc (size * sizeof (bfd_vma));
        2: 1404:  if (*relrsp == NULL)
        -: 1405:    {
    #####: 1406:      free (relrs);
    #####: 1407:      error (_("out of memory parsing relocs\n"));
    #####: 1408:      return false;
        -: 1409:    }
        -: 1410:
        2: 1411:  size = 0;
        7: 1412:  for (i = 0; i < nentries; i++)
        -: 1413:    {
       5*: 1414:      const bfd_vma entry_bytes = is_32bit_elf ? 4 : 8;
        -: 1415:
        5: 1416:      if (is_32bit_elf)
        5: 1417:	entry = BYTE_GET (((Elf32_External_Relr *)relrs)[i].r_data);
        -: 1418:      else
    #####: 1419:	entry = BYTE_GET (((Elf64_External_Relr *)relrs)[i].r_data);
        5: 1420:      if ((entry & 1) == 0)
        -: 1421:	{
        3: 1422:	  (*relrsp)[size++] = entry;
        3: 1423:	  base = entry + entry_bytes;
        -: 1424:	}
        -: 1425:      else
        -: 1426:	{
       61: 1427:	  for (addr = base; (entry >>= 1) != 0; addr += entry_bytes)
       59: 1428:	    if ((entry & 1) != 0)
       25: 1429:	      (*relrsp)[size++] = addr;
        2: 1430:	  base += entry_bytes * (entry_bytes * CHAR_BIT - 1);
        -: 1431:	}
        -: 1432:    }
        -: 1433:
        2: 1434:  *nrelrsp = size;
        2: 1435:  free (relrs);
        2: 1436:  return true;
        -: 1437:}
        -: 1438:
        -: 1439:/* Returns the reloc type extracted from the reloc info field.  */
        -: 1440:
        -: 1441:static unsigned int
       60: 1442:get_reloc_type (Filedata * filedata, bfd_vma reloc_info)
        -: 1443:{
       60: 1444:  if (is_32bit_elf)
       60: 1445:    return ELF32_R_TYPE (reloc_info);
        -: 1446:
    #####: 1447:  switch (filedata->file_header.e_machine)
        -: 1448:    {
    #####: 1449:    case EM_MIPS:
        -: 1450:      /* Note: We assume that reloc_info has already been adjusted for us.  */
    #####: 1451:      return ELF64_MIPS_R_TYPE (reloc_info);
        -: 1452:
    #####: 1453:    case EM_SPARCV9:
    #####: 1454:      return ELF64_R_TYPE_ID (reloc_info);
        -: 1455:
    #####: 1456:    default:
    #####: 1457:      return ELF64_R_TYPE (reloc_info);
        -: 1458:    }
        -: 1459:}
        -: 1460:
        -: 1461:/* Return the symbol index extracted from the reloc info field.  */
        -: 1462:
        -: 1463:static bfd_vma
       60: 1464:get_reloc_symindex (bfd_vma reloc_info)
        -: 1465:{
      60*: 1466:  return is_32bit_elf ? ELF32_R_SYM (reloc_info) : ELF64_R_SYM (reloc_info);
        -: 1467:}
        -: 1468:
        -: 1469:static inline bool
    #####: 1470:uses_msp430x_relocs (Filedata * filedata)
        -: 1471:{
        -: 1472:  return
    #####: 1473:    filedata->file_header.e_machine == EM_MSP430 /* Paranoia.  */
        -: 1474:    /* GCC uses osabi == ELFOSBI_STANDALONE.  */
    #####: 1475:    && (((filedata->file_header.e_flags & EF_MSP430_MACH) == E_MSP430_MACH_MSP430X)
        -: 1476:	/* TI compiler uses ELFOSABI_NONE.  */
    #####: 1477:	|| (filedata->file_header.e_ident[EI_OSABI] == ELFOSABI_NONE));
        -: 1478:}
        -: 1479:
        -: 1480:/* Display the contents of the relocation data found at the specified
        -: 1481:   offset.  */
        -: 1482:
        -: 1483:static bool
       20: 1484:dump_relocations (Filedata *          filedata,
        -: 1485:		  unsigned long       rel_offset,
        -: 1486:		  unsigned long       rel_size,
        -: 1487:		  Elf_Internal_Sym *  symtab,
        -: 1488:		  unsigned long       nsyms,
        -: 1489:		  char *              strtab,
        -: 1490:		  unsigned long       strtablen,
        -: 1491:		  relocation_type     rel_type,
        -: 1492:		  bool                is_dynsym)
        -: 1493:{
        -: 1494:  unsigned long i;
        -: 1495:  Elf_Internal_Rela * rels;
       20: 1496:  bool res = true;
        -: 1497:
       20: 1498:  if (rel_type == reltype_unknown)
    #####: 1499:    rel_type = guess_is_rela (filedata->file_header.e_machine) ? reltype_rela : reltype_rel;
        -: 1500:
       20: 1501:  if (rel_type == reltype_rela)
        -: 1502:    {
        3: 1503:      if (!slurp_rela_relocs (filedata, rel_offset, rel_size, &rels, &rel_size))
    #####: 1504:	return false;
        -: 1505:    }
       17: 1506:  else if (rel_type == reltype_rel)
        -: 1507:    {
       14: 1508:      if (!slurp_rel_relocs (filedata, rel_offset, rel_size, &rels, &rel_size))
    #####: 1509:	return false;
        -: 1510:    }
        3: 1511:  else if (rel_type == reltype_relr)
        -: 1512:    {
        -: 1513:      bfd_vma * relrs;
        3: 1514:      const char *format
       3*: 1515:	  = is_32bit_elf ? "%08" BFD_VMA_FMT "x\n" : "%016" BFD_VMA_FMT "x\n";
        -: 1516:
        3: 1517:      if (!slurp_relr_relocs (filedata, rel_offset, rel_size, &relrs,
        -: 1518:			      &rel_size))
        1: 1519:	return false;
        -: 1520:
        2: 1521:      printf (ngettext ("  %lu offset\n", "  %lu offsets\n", rel_size), rel_size);
       30: 1522:      for (i = 0; i < rel_size; i++)
       28: 1523:	printf (format, relrs[i]);
        2: 1524:      free (relrs);
        2: 1525:      return true;
        -: 1526:    }
        -: 1527:
       17: 1528:  if (is_32bit_elf)
        -: 1529:    {
       17: 1530:      if (rel_type == reltype_rela)
        -: 1531:	{
        3: 1532:	  if (do_wide)
    #####: 1533:	    printf (_(" Offset     Info    Type                Sym. Value  Symbol's Name + Addend\n"));
        -: 1534:	  else
        3: 1535:	    printf (_(" Offset     Info    Type            Sym.Value  Sym. Name + Addend\n"));
        -: 1536:	}
        -: 1537:      else
        -: 1538:	{
       14: 1539:	  if (do_wide)
    #####: 1540:	    printf (_(" Offset     Info    Type                Sym. Value  Symbol's Name\n"));
        -: 1541:	  else
       14: 1542:	    printf (_(" Offset     Info    Type            Sym.Value  Sym. Name\n"));
        -: 1543:	}
        -: 1544:    }
        -: 1545:  else
        -: 1546:    {
    #####: 1547:      if (rel_type == reltype_rela)
        -: 1548:	{
    #####: 1549:	  if (do_wide)
    #####: 1550:	    printf (_("    Offset             Info             Type               Symbol's Value  Symbol's Name + Addend\n"));
        -: 1551:	  else
    #####: 1552:	    printf (_("  Offset          Info           Type           Sym. Value    Sym. Name + Addend\n"));
        -: 1553:	}
        -: 1554:      else
        -: 1555:	{
    #####: 1556:	  if (do_wide)
    #####: 1557:	    printf (_("    Offset             Info             Type               Symbol's Value  Symbol's Name\n"));
        -: 1558:	  else
    #####: 1559:	    printf (_("  Offset          Info           Type           Sym. Value    Sym. Name\n"));
        -: 1560:	}
        -: 1561:    }
        -: 1562:
       77: 1563:  for (i = 0; i < rel_size; i++)
        -: 1564:    {
        -: 1565:      const char * rtype;
        -: 1566:      bfd_vma offset;
        -: 1567:      bfd_vma inf;
        -: 1568:      bfd_vma symtab_index;
        -: 1569:      bfd_vma type;
        -: 1570:
       60: 1571:      offset = rels[i].r_offset;
       60: 1572:      inf    = rels[i].r_info;
        -: 1573:
       60: 1574:      type = get_reloc_type (filedata, inf);
       60: 1575:      symtab_index = get_reloc_symindex  (inf);
        -: 1576:
       60: 1577:      if (is_32bit_elf)
        -: 1578:	{
       60: 1579:	  printf ("%8.8lx  %8.8lx ",
        -: 1580:		  (unsigned long) offset & 0xffffffff,
        -: 1581:		  (unsigned long) inf & 0xffffffff);
        -: 1582:	}
        -: 1583:      else
        -: 1584:	{
    #####: 1585:	  printf (do_wide
    #####: 1586:		  ? "%16.16" BFD_VMA_FMT "x  %16.16" BFD_VMA_FMT "x "
        -: 1587:		  : "%12.12" BFD_VMA_FMT "x  %12.12" BFD_VMA_FMT "x ",
        -: 1588:		  offset, inf);
        -: 1589:	}
        -: 1590:
       60: 1591:      switch (filedata->file_header.e_machine)
        -: 1592:	{
       17: 1593:	default:
       17: 1594:	  rtype = NULL;
       17: 1595:	  break;
        -: 1596:
    #####: 1597:	case EM_AARCH64:
    #####: 1598:	  rtype = elf_aarch64_reloc_type (type);
    #####: 1599:	  break;
        -: 1600:
    #####: 1601:	case EM_M32R:
        -: 1602:	case EM_CYGNUS_M32R:
    #####: 1603:	  rtype = elf_m32r_reloc_type (type);
    #####: 1604:	  break;
        -: 1605:
       29: 1606:	case EM_386:
        -: 1607:	case EM_IAMCU:
       29: 1608:	  rtype = elf_i386_reloc_type (type);
       29: 1609:	  break;
        -: 1610:
        1: 1611:	case EM_68HC11:
        -: 1612:	case EM_68HC12:
        1: 1613:	  rtype = elf_m68hc11_reloc_type (type);
        1: 1614:	  break;
        -: 1615:
    #####: 1616:	case EM_S12Z:
    #####: 1617:	  rtype = elf_s12z_reloc_type (type);
    #####: 1618:	  break;
        -: 1619:
        3: 1620:	case EM_68K:
        3: 1621:	  rtype = elf_m68k_reloc_type (type);
        3: 1622:	  break;
        -: 1623:
    #####: 1624:	case EM_960:
    #####: 1625:	  rtype = elf_i960_reloc_type (type);
    #####: 1626:	  break;
        -: 1627:
    #####: 1628:	case EM_AVR:
        -: 1629:	case EM_AVR_OLD:
    #####: 1630:	  rtype = elf_avr_reloc_type (type);
    #####: 1631:	  break;
        -: 1632:
    #####: 1633:	case EM_OLD_SPARCV9:
        -: 1634:	case EM_SPARC32PLUS:
        -: 1635:	case EM_SPARCV9:
        -: 1636:	case EM_SPARC:
    #####: 1637:	  rtype = elf_sparc_reloc_type (type);
    #####: 1638:	  break;
        -: 1639:
    #####: 1640:	case EM_SPU:
    #####: 1641:	  rtype = elf_spu_reloc_type (type);
    #####: 1642:	  break;
        -: 1643:
    #####: 1644:	case EM_V800:
    #####: 1645:	  rtype = v800_reloc_type (type);
    #####: 1646:	  break;
        1: 1647:	case EM_V850:
        -: 1648:	case EM_CYGNUS_V850:
        1: 1649:	  rtype = v850_reloc_type (type);
        1: 1650:	  break;
        -: 1651:
    #####: 1652:	case EM_D10V:
        -: 1653:	case EM_CYGNUS_D10V:
    #####: 1654:	  rtype = elf_d10v_reloc_type (type);
    #####: 1655:	  break;
        -: 1656:
    #####: 1657:	case EM_D30V:
        -: 1658:	case EM_CYGNUS_D30V:
    #####: 1659:	  rtype = elf_d30v_reloc_type (type);
    #####: 1660:	  break;
        -: 1661:
    #####: 1662:	case EM_DLX:
    #####: 1663:	  rtype = elf_dlx_reloc_type (type);
    #####: 1664:	  break;
        -: 1665:
    #####: 1666:	case EM_SH:
    #####: 1667:	  rtype = elf_sh_reloc_type (type);
    #####: 1668:	  break;
        -: 1669:
    #####: 1670:	case EM_MN10300:
        -: 1671:	case EM_CYGNUS_MN10300:
    #####: 1672:	  rtype = elf_mn10300_reloc_type (type);
    #####: 1673:	  break;
        -: 1674:
    #####: 1675:	case EM_MN10200:
        -: 1676:	case EM_CYGNUS_MN10200:
    #####: 1677:	  rtype = elf_mn10200_reloc_type (type);
    #####: 1678:	  break;
        -: 1679:
    #####: 1680:	case EM_FR30:
        -: 1681:	case EM_CYGNUS_FR30:
    #####: 1682:	  rtype = elf_fr30_reloc_type (type);
    #####: 1683:	  break;
        -: 1684:
    #####: 1685:	case EM_CYGNUS_FRV:
    #####: 1686:	  rtype = elf_frv_reloc_type (type);
    #####: 1687:	  break;
        -: 1688:
    #####: 1689:	case EM_CSKY:
    #####: 1690:	  rtype = elf_csky_reloc_type (type);
    #####: 1691:	  break;
        -: 1692:
    #####: 1693:	case EM_FT32:
    #####: 1694:	  rtype = elf_ft32_reloc_type (type);
    #####: 1695:	  break;
        -: 1696:
    #####: 1697:	case EM_MCORE:
    #####: 1698:	  rtype = elf_mcore_reloc_type (type);
    #####: 1699:	  break;
        -: 1700:
    #####: 1701:	case EM_MMIX:
    #####: 1702:	  rtype = elf_mmix_reloc_type (type);
    #####: 1703:	  break;
        -: 1704:
    #####: 1705:	case EM_MOXIE:
    #####: 1706:	  rtype = elf_moxie_reloc_type (type);
    #####: 1707:	  break;
        -: 1708:
    #####: 1709:	case EM_MSP430:
    #####: 1710:	  if (uses_msp430x_relocs (filedata))
        -: 1711:	    {
    #####: 1712:	      rtype = elf_msp430x_reloc_type (type);
    #####: 1713:	      break;
        -: 1714:	    }
        -: 1715:	  /* Fall through.  */
        -: 1716:	case EM_MSP430_OLD:
    #####: 1717:	  rtype = elf_msp430_reloc_type (type);
    #####: 1718:	  break;
        -: 1719:
    #####: 1720:	case EM_NDS32:
    #####: 1721:	  rtype = elf_nds32_reloc_type (type);
    #####: 1722:	  break;
        -: 1723:
    #####: 1724:	case EM_PPC:
    #####: 1725:	  rtype = elf_ppc_reloc_type (type);
    #####: 1726:	  break;
        -: 1727:
    #####: 1728:	case EM_PPC64:
    #####: 1729:	  rtype = elf_ppc64_reloc_type (type);
    #####: 1730:	  break;
        -: 1731:
        2: 1732:	case EM_MIPS:
        -: 1733:	case EM_MIPS_RS3_LE:
        2: 1734:	  rtype = elf_mips_reloc_type (type);
        2: 1735:	  break;
        -: 1736:
    #####: 1737:	case EM_RISCV:
    #####: 1738:	  rtype = elf_riscv_reloc_type (type);
    #####: 1739:	  break;
        -: 1740:
    #####: 1741:	case EM_ALPHA:
    #####: 1742:	  rtype = elf_alpha_reloc_type (type);
    #####: 1743:	  break;
        -: 1744:
    #####: 1745:	case EM_ARM:
    #####: 1746:	  rtype = elf_arm_reloc_type (type);
    #####: 1747:	  break;
        -: 1748:
    #####: 1749:	case EM_ARC:
        -: 1750:	case EM_ARC_COMPACT:
        -: 1751:	case EM_ARC_COMPACT2:
    #####: 1752:	  rtype = elf_arc_reloc_type (type);
    #####: 1753:	  break;
        -: 1754:
        4: 1755:	case EM_PARISC:
        4: 1756:	  rtype = elf_hppa_reloc_type (type);
        4: 1757:	  break;
        -: 1758:
    #####: 1759:	case EM_H8_300:
        -: 1760:	case EM_H8_300H:
        -: 1761:	case EM_H8S:
    #####: 1762:	  rtype = elf_h8_reloc_type (type);
    #####: 1763:	  break;
        -: 1764:
    #####: 1765:	case EM_OR1K:
    #####: 1766:	  rtype = elf_or1k_reloc_type (type);
    #####: 1767:	  break;
        -: 1768:
    #####: 1769:	case EM_PJ:
        -: 1770:	case EM_PJ_OLD:
    #####: 1771:	  rtype = elf_pj_reloc_type (type);
    #####: 1772:	  break;
    #####: 1773:	case EM_IA_64:
    #####: 1774:	  rtype = elf_ia64_reloc_type (type);
    #####: 1775:	  break;
        -: 1776:
    #####: 1777:	case EM_CRIS:
    #####: 1778:	  rtype = elf_cris_reloc_type (type);
    #####: 1779:	  break;
        -: 1780:
    #####: 1781:	case EM_860:
    #####: 1782:	  rtype = elf_i860_reloc_type (type);
    #####: 1783:	  break;
        -: 1784:
    #####: 1785:	case EM_X86_64:
        -: 1786:	case EM_L1OM:
        -: 1787:	case EM_K1OM:
    #####: 1788:	  rtype = elf_x86_64_reloc_type (type);
    #####: 1789:	  break;
        -: 1790:
    #####: 1791:	case EM_S370:
    #####: 1792:	  rtype = i370_reloc_type (type);
    #####: 1793:	  break;
        -: 1794:
        3: 1795:	case EM_S390_OLD:
        -: 1796:	case EM_S390:
        3: 1797:	  rtype = elf_s390_reloc_type (type);
        3: 1798:	  break;
        -: 1799:
    #####: 1800:	case EM_SCORE:
    #####: 1801:	  rtype = elf_score_reloc_type (type);
    #####: 1802:	  break;
        -: 1803:
    #####: 1804:	case EM_XSTORMY16:
    #####: 1805:	  rtype = elf_xstormy16_reloc_type (type);
    #####: 1806:	  break;
        -: 1807:
    #####: 1808:	case EM_CRX:
    #####: 1809:	  rtype = elf_crx_reloc_type (type);
    #####: 1810:	  break;
        -: 1811:
    #####: 1812:	case EM_VAX:
    #####: 1813:	  rtype = elf_vax_reloc_type (type);
    #####: 1814:	  break;
        -: 1815:
    #####: 1816:	case EM_VISIUM:
    #####: 1817:	  rtype = elf_visium_reloc_type (type);
    #####: 1818:	  break;
        -: 1819:
    #####: 1820:        case EM_BPF:
    #####: 1821:          rtype = elf_bpf_reloc_type (type);
    #####: 1822:          break;
        -: 1823:
    #####: 1824:	case EM_ADAPTEVA_EPIPHANY:
    #####: 1825:	  rtype = elf_epiphany_reloc_type (type);
    #####: 1826:	  break;
        -: 1827:
    #####: 1828:	case EM_IP2K:
        -: 1829:	case EM_IP2K_OLD:
    #####: 1830:	  rtype = elf_ip2k_reloc_type (type);
    #####: 1831:	  break;
        -: 1832:
    #####: 1833:	case EM_IQ2000:
    #####: 1834:	  rtype = elf_iq2000_reloc_type (type);
    #####: 1835:	  break;
        -: 1836:
    #####: 1837:	case EM_XTENSA_OLD:
        -: 1838:	case EM_XTENSA:
    #####: 1839:	  rtype = elf_xtensa_reloc_type (type);
    #####: 1840:	  break;
        -: 1841:
    #####: 1842:	case EM_LATTICEMICO32:
    #####: 1843:	  rtype = elf_lm32_reloc_type (type);
    #####: 1844:	  break;
        -: 1845:
    #####: 1846:	case EM_M32C_OLD:
        -: 1847:	case EM_M32C:
    #####: 1848:	  rtype = elf_m32c_reloc_type (type);
    #####: 1849:	  break;
        -: 1850:
    #####: 1851:	case EM_MT:
    #####: 1852:	  rtype = elf_mt_reloc_type (type);
    #####: 1853:	  break;
        -: 1854:
    #####: 1855:	case EM_BLACKFIN:
    #####: 1856:	  rtype = elf_bfin_reloc_type (type);
    #####: 1857:	  break;
        -: 1858:
    #####: 1859:	case EM_CYGNUS_MEP:
    #####: 1860:	  rtype = elf_mep_reloc_type (type);
    #####: 1861:	  break;
        -: 1862:
    #####: 1863:	case EM_CR16:
    #####: 1864:	  rtype = elf_cr16_reloc_type (type);
    #####: 1865:	  break;
        -: 1866:
    #####: 1867:	case EM_MICROBLAZE:
        -: 1868:	case EM_MICROBLAZE_OLD:
    #####: 1869:	  rtype = elf_microblaze_reloc_type (type);
    #####: 1870:	  break;
        -: 1871:
    #####: 1872:	case EM_RL78:
    #####: 1873:	  rtype = elf_rl78_reloc_type (type);
    #####: 1874:	  break;
        -: 1875:
    #####: 1876:	case EM_RX:
    #####: 1877:	  rtype = elf_rx_reloc_type (type);
    #####: 1878:	  break;
        -: 1879:
    #####: 1880:	case EM_METAG:
    #####: 1881:	  rtype = elf_metag_reloc_type (type);
    #####: 1882:	  break;
        -: 1883:
    #####: 1884:	case EM_TI_C6000:
    #####: 1885:	  rtype = elf_tic6x_reloc_type (type);
    #####: 1886:	  break;
        -: 1887:
    #####: 1888:	case EM_TILEGX:
    #####: 1889:	  rtype = elf_tilegx_reloc_type (type);
    #####: 1890:	  break;
        -: 1891:
    #####: 1892:	case EM_TILEPRO:
    #####: 1893:	  rtype = elf_tilepro_reloc_type (type);
    #####: 1894:	  break;
        -: 1895:
    #####: 1896:	case EM_WEBASSEMBLY:
    #####: 1897:	  rtype = elf_wasm32_reloc_type (type);
    #####: 1898:	  break;
        -: 1899:
    #####: 1900:	case EM_XGATE:
    #####: 1901:	  rtype = elf_xgate_reloc_type (type);
    #####: 1902:	  break;
        -: 1903:
    #####: 1904:	case EM_ALTERA_NIOS2:
    #####: 1905:	  rtype = elf_nios2_reloc_type (type);
    #####: 1906:	  break;
        -: 1907:
    #####: 1908:	case EM_TI_PRU:
    #####: 1909:	  rtype = elf_pru_reloc_type (type);
    #####: 1910:	  break;
        -: 1911:
    #####: 1912:	case EM_NFP:
    #####: 1913:	  if (EF_NFP_MACH (filedata->file_header.e_flags) == E_NFP_MACH_3200)
    #####: 1914:	    rtype = elf_nfp3200_reloc_type (type);
        -: 1915:	  else
    #####: 1916:	    rtype = elf_nfp_reloc_type (type);
    #####: 1917:	  break;
        -: 1918:
    #####: 1919:	case EM_Z80:
    #####: 1920:	  rtype = elf_z80_reloc_type (type);
    #####: 1921:	  break;
        -: 1922:
    #####: 1923:	case EM_LOONGARCH:
    #####: 1924:	  rtype = elf_loongarch_reloc_type (type);
    #####: 1925:	  break;
        -: 1926:
    #####: 1927:	case EM_AMDGPU:
    #####: 1928:	  rtype = elf_amdgpu_reloc_type (type);
    #####: 1929:	  break;
        -: 1930:	}
        -: 1931:
       60: 1932:      if (rtype == NULL)
       37: 1933:	printf (_("unrecognized: %-7lx"), (unsigned long) type & 0xffffffff);
        -: 1934:      else
      23*: 1935:	printf (do_wide ? "%-22s" : "%-17.17s", rtype);
        -: 1936:
       60: 1937:      if (filedata->file_header.e_machine == EM_ALPHA
    #####: 1938:	  && rtype != NULL
    #####: 1939:	  && streq (rtype, "R_ALPHA_LITUSE")
    #####: 1940:	  && rel_type == reltype_rela)
        -: 1941:	{
    #####: 1942:	  switch (rels[i].r_addend)
        -: 1943:	    {
    #####: 1944:	    case LITUSE_ALPHA_ADDR:   rtype = "ADDR";   break;
    #####: 1945:	    case LITUSE_ALPHA_BASE:   rtype = "BASE";   break;
    #####: 1946:	    case LITUSE_ALPHA_BYTOFF: rtype = "BYTOFF"; break;
    #####: 1947:	    case LITUSE_ALPHA_JSR:    rtype = "JSR";    break;
    #####: 1948:	    case LITUSE_ALPHA_TLSGD:  rtype = "TLSGD";  break;
    #####: 1949:	    case LITUSE_ALPHA_TLSLDM: rtype = "TLSLDM"; break;
    #####: 1950:	    case LITUSE_ALPHA_JSRDIRECT: rtype = "JSRDIRECT"; break;
    #####: 1951:	    default: rtype = NULL;
        -: 1952:	    }
        -: 1953:
    #####: 1954:	  if (rtype)
    #####: 1955:	    printf (" (%s)", rtype);
        -: 1956:	  else
        -: 1957:	    {
    #####: 1958:	      putchar (' ');
    #####: 1959:	      printf (_("<unknown addend: %lx>"),
    #####: 1960:		      (unsigned long) rels[i].r_addend);
    #####: 1961:	      res = false;
        -: 1962:	    }
        -: 1963:	}
       60: 1964:      else if (symtab_index)
        -: 1965:	{
      47*: 1966:	  if (symtab == NULL || symtab_index >= nsyms)
        -: 1967:	    {
       47: 1968:	      error (_(" bad symbol index: %08lx in reloc\n"),
        -: 1969:		     (unsigned long) symtab_index);
       47: 1970:	      res = false;
        -: 1971:	    }
        -: 1972:	  else
        -: 1973:	    {
        -: 1974:	      Elf_Internal_Sym * psym;
        -: 1975:	      const char * version_string;
[...]
    #####:22369:	  else if (! process_section_contents (d->handle))
    #####:22370:	    res = false;
    #####:22371:	  else if (process_links)
        -:22372:	    {
    #####:22373:	      if (! process_section_groups (d->handle))
    #####:22374:		res = false;
    #####:22375:	      process_program_headers (d->handle);
    #####:22376:	      if (! process_dynamic_section (d->handle))
    #####:22377:		res = false;
    #####:22378:	      if (! process_relocs (d->handle))
    #####:22379:		res = false;
    #####:22380:	      if (! process_unwind (d->handle))
    #####:22381:		res = false;
    #####:22382:	      if (! process_symbol_table (d->handle))
    #####:22383:		res = false;
    #####:22384:	      if (! process_lto_symbol_tables (d->handle))
    #####:22385:		res = false;
    #####:22386:	      if (! process_syminfo (d->handle))
    #####:22387:		res = false;
    #####:22388:	      if (! process_version_sections (d->handle))
    #####:22389:		res = false;
    #####:22390:	      if (! process_notes (d->handle))
    #####:22391:		res = false;
        -:22392:	    }
        -:22393:	}
        -:22394:
        -:22395:      /* The file handles are closed by the call to free_debug_memory() below.  */
        -:22396:    }
        -:22397:
     1391:22398:  if (! process_notes (filedata))
       15:22399:    res = false;
        -:22400:
     1391:22401:  if (! process_gnu_liblist (filedata))
    #####:22402:    res = false;
        -:22403:
     1391:22404:  if (! process_arch_specific (filedata))
    #####:22405:    res = false;
        -:22406:
     1391:22407: out:
     1397:22408:  free_filedata (filedata);
        -:22409:
     1397:22410:  free_debug_memory ();
        -:22411:
     1397:22412:  return res;
        -:22413:}
        -:22414:
        -:22415:/* Process an ELF archive.
        -:22416:   On entry the file is positioned just after the ARMAG string.
        -:22417:   Returns TRUE upon success, FALSE otherwise.  */
        -:22418:
        -:22419:static bool
    #####:22420:process_archive (Filedata * filedata, bool is_thin_archive)
        -:22421:{
        -:22422:  struct archive_info arch;
        -:22423:  struct archive_info nested_arch;
        -:22424:  size_t got;
    #####:22425:  bool ret = true;
        -:22426:
    #####:22427:  show_name = true;
        -:22428:
        -:22429:  /* The ARCH structure is used to hold information about this archive.  */
    #####:22430:  arch.file_name = NULL;
    #####:22431:  arch.file = NULL;
    #####:22432:  arch.index_array = NULL;
    #####:22433:  arch.sym_table = NULL;
    #####:22434:  arch.longnames = NULL;
        -:22435:
        -:22436:  /* The NESTED_ARCH structure is used as a single-item cache of information
        -:22437:     about a nested archive (when members of a thin archive reside within
        -:22438:     another regular archive file).  */
    #####:22439:  nested_arch.file_name = NULL;
    #####:22440:  nested_arch.file = NULL;
    #####:22441:  nested_arch.index_array = NULL;
    #####:22442:  nested_arch.sym_table = NULL;
    #####:22443:  nested_arch.longnames = NULL;
        -:22444:
    #####:22445:  if (setup_archive (&arch, filedata->file_name, filedata->handle,
    #####:22446:		     filedata->file_size, is_thin_archive,
        -:22447:		     do_archive_index) != 0)
        -:22448:    {
    #####:22449:      ret = false;
    #####:22450:      goto out;
        -:22451:    }
        -:22452:
    #####:22453:  if (do_archive_index)
        -:22454:    {
    #####:22455:      if (arch.sym_table == NULL)
    #####:22456:	error (_("%s: unable to dump the index as none was found\n"),
        -:22457:	       filedata->file_name);
        -:22458:      else
        -:22459:	{
        -:22460:	  unsigned long i, l;
        -:22461:	  unsigned long current_pos;
        -:22462:
    #####:22463:	  printf (_("Index of archive %s: (%lu entries, 0x%lx bytes "
        -:22464:		    "in the symbol table)\n"),
    #####:22465:		  filedata->file_name, (unsigned long) arch.index_num,
        -:22466:		  arch.sym_size);
        -:22467:
    #####:22468:	  current_pos = ftell (filedata->handle);
        -:22469:
    #####:22470:	  for (i = l = 0; i < arch.index_num; i++)
        -:22471:	    {
    #####:22472:	      if (i == 0
    #####:22473:		  || (i > 0 && arch.index_array[i] != arch.index_array[i - 1]))
        -:22474:		{
        -:22475:		  char * member_name
    #####:22476:		    = get_archive_member_name_at (&arch, arch.index_array[i],
        -:22477:						  &nested_arch);
        -:22478:
    #####:22479:		  if (member_name != NULL)
        -:22480:		    {
        -:22481:		      char * qualified_name
    #####:22482:			= make_qualified_name (&arch, &nested_arch,
        -:22483:					       member_name);
        -:22484:
    #####:22485:		      if (qualified_name != NULL)
        -:22486:			{
    #####:22487:			  printf (_("Contents of binary %s at offset "),
        -:22488:				  qualified_name);
    #####:22489:			  (void) print_vma (arch.index_array[i], PREFIX_HEX);
    #####:22490:			  putchar ('\n');
    #####:22491:			  free (qualified_name);
        -:22492:			}
    #####:22493:		      free (member_name);
        -:22494:		    }
        -:22495:		}
        -:22496:
    #####:22497:	      if (l >= arch.sym_size)
        -:22498:		{
    #####:22499:		  error (_("%s: end of the symbol table reached "
        -:22500:			   "before the end of the index\n"),
        -:22501:			 filedata->file_name);
    #####:22502:		  ret = false;
    #####:22503:		  break;
        -:22504:		}
        -:22505:	      /* PR 17531: file: 0b6630b2.  */
    #####:22506:	      printf ("\t%.*s\n",
    #####:22507:		      (int) (arch.sym_size - l), arch.sym_table + l);
    #####:22508:	      l += strnlen (arch.sym_table + l, arch.sym_size - l) + 1;
        -:22509:	    }
        -:22510:
    #####:22511:	  if (arch.uses_64bit_indices)
    #####:22512:	    l = (l + 7) & ~ 7;
        -:22513:	  else
    #####:22514:	    l += l & 1;
        -:22515:
    #####:22516:	  if (l < arch.sym_size)
        -:22517:	    {
    #####:22518:	      error (ngettext ("%s: %ld byte remains in the symbol table, "
        -:22519:			       "but without corresponding entries in "
        -:22520:			       "the index table\n",
        -:22521:			       "%s: %ld bytes remain in the symbol table, "
        -:22522:			       "but without corresponding entries in "
        -:22523:			       "the index table\n",
    #####:22524:			       arch.sym_size - l),
    #####:22525:		     filedata->file_name, arch.sym_size - l);
    #####:22526:	      ret = false;
        -:22527:	    }
        -:22528:
    #####:22529:	  if (fseek (filedata->handle, current_pos, SEEK_SET) != 0)
        -:22530:	    {
    #####:22531:	      error (_("%s: failed to seek back to start of object files "
        -:22532:		       "in the archive\n"),
        -:22533:		     filedata->file_name);
    #####:22534:	      ret = false;
    #####:22535:	      goto out;
        -:22536:	    }
        -:22537:	}
        -:22538:
    #####:22539:      if (!do_dynamic && !do_syms && !do_reloc && !do_unwind && !do_sections
    #####:22540:	  && !do_segments && !do_header && !do_dump && !do_version
    #####:22541:	  && !do_histogram && !do_debugging && !do_arch && !do_notes
    #####:22542:	  && !do_section_groups && !do_dyn_syms)
        -:22543:	{
    #####:22544:	  ret = true; /* Archive index only.  */
    #####:22545:	  goto out;
        -:22546:	}
        -:22547:    }
        -:22548:
        -:22549:  while (1)
    #####:22550:    {
        -:22551:      char * name;
        -:22552:      size_t namelen;
        -:22553:      char * qualified_name;
        -:22554:
        -:22555:      /* Read the next archive header.  */
    #####:22556:      if (fseek (filedata->handle, arch.next_arhdr_offset, SEEK_SET) != 0)
        -:22557:	{
    #####:22558:	  error (_("%s: failed to seek to next archive header\n"),
        -:22559:		 arch.file_name);
    #####:22560:	  ret = false;
    #####:22561:	  break;
        -:22562:	}
    #####:22563:      got = fread (&arch.arhdr, 1, sizeof arch.arhdr, filedata->handle);
    #####:22564:      if (got != sizeof arch.arhdr)
        -:22565:	{
    #####:22566:	  if (got == 0)
    #####:22567:	    break;
        -:22568:	  /* PR 24049 - we cannot use filedata->file_name as this will
        -:22569:	     have already been freed.  */
    #####:22570:	  error (_("%s: failed to read archive header\n"), arch.file_name);
        -:22571:
    #####:22572:	  ret = false;
    #####:22573:	  break;
        -:22574:	}
    #####:22575:      if (memcmp (arch.arhdr.ar_fmag, ARFMAG, 2) != 0)
        -:22576:	{
    #####:22577:	  error (_("%s: did not find a valid archive header\n"),
        -:22578:		 arch.file_name);
    #####:22579:	  ret = false;
    #####:22580:	  break;
        -:22581:	}
        -:22582:
    #####:22583:      arch.next_arhdr_offset += sizeof arch.arhdr;
        -:22584:
    #####:22585:      filedata->archive_file_size = strtoul (arch.arhdr.ar_size, NULL, 10);
        -:22586:
    #####:22587:      name = get_archive_member_name (&arch, &nested_arch);
    #####:22588:      if (name == NULL)
        -:22589:	{
    #####:22590:	  error (_("%s: bad archive file name\n"), arch.file_name);
    #####:22591:	  ret = false;
    #####:22592:	  break;
        -:22593:	}
    #####:22594:      namelen = strlen (name);
        -:22595:
    #####:22596:      qualified_name = make_qualified_name (&arch, &nested_arch, name);
    #####:22597:      if (qualified_name == NULL)
        -:22598:	{
    #####:22599:	  error (_("%s: bad archive file name\n"), arch.file_name);
    #####:22600:	  free (name);
    #####:22601:	  ret = false;
    #####:22602:	  break;
        -:22603:	}
        -:22604:
    #####:22605:      if (is_thin_archive && arch.nested_member_origin == 0)
    #####:22606:	{
        -:22607:	  /* This is a proxy for an external member of a thin archive.  */
        -:22608:	  Filedata * member_filedata;
    #####:22609:	  char * member_file_name = adjust_relative_path
        -:22610:	    (filedata->file_name, name, namelen);
        -:22611:
    #####:22612:	  free (name);
    #####:22613:	  if (member_file_name == NULL)
        -:22614:	    {
    #####:22615:	      free (qualified_name);
    #####:22616:	      ret = false;
    #####:22617:	      break;
        -:22618:	    }
        -:22619:
    #####:22620:	  member_filedata = open_file (member_file_name, false);
    #####:22621:	  if (member_filedata == NULL)
        -:22622:	    {
    #####:22623:	      error (_("Input file '%s' is not readable.\n"), member_file_name);
    #####:22624:	      free (member_file_name);
    #####:22625:	      free (qualified_name);
    #####:22626:	      ret = false;
    #####:22627:	      break;
        -:22628:	    }
        -:22629:
    #####:22630:	  filedata->archive_file_offset = arch.nested_member_origin;
    #####:22631:	  member_filedata->file_name = qualified_name;
        -:22632:
        -:22633:	  /* The call to process_object() expects the file to be at the beginning.  */
    #####:22634:	  rewind (member_filedata->handle);
        -:22635:
    #####:22636:	  if (! process_object (member_filedata))
    #####:22637:	    ret = false;
        -:22638:
    #####:22639:	  close_file (member_filedata);
    #####:22640:	  free (member_file_name);
        -:22641:	}
    #####:22642:      else if (is_thin_archive)
        -:22643:	{
        -:22644:	  Filedata thin_filedata;
        -:22645:
    #####:22646:	  memset (&thin_filedata, 0, sizeof (thin_filedata));
        -:22647:
        -:22648:	  /* PR 15140: Allow for corrupt thin archives.  */
    #####:22649:	  if (nested_arch.file == NULL)
        -:22650:	    {
    #####:22651:	      error (_("%s: contains corrupt thin archive: %s\n"),
        -:22652:		     qualified_name, name);
    #####:22653:	      free (qualified_name);
    #####:22654:	      free (name);
    #####:22655:	      ret = false;
    #####:22656:	      break;
        -:22657:	    }
    #####:22658:	  free (name);
        -:22659:
        -:22660:	  /* This is a proxy for a member of a nested archive.  */
        -:22661:	  filedata->archive_file_offset
    #####:22662:	    = arch.nested_member_origin + sizeof arch.arhdr;
        -:22663:
        -:22664:	  /* The nested archive file will have been opened and setup by
        -:22665:	     get_archive_member_name.  */
    #####:22666:	  if (fseek (nested_arch.file, filedata->archive_file_offset,
        -:22667:		     SEEK_SET) != 0)
        -:22668:	    {
    #####:22669:	      error (_("%s: failed to seek to archive member.\n"),
        -:22670:		     nested_arch.file_name);
    #####:22671:	      free (qualified_name);
    #####:22672:	      ret = false;
    #####:22673:	      break;
        -:22674:	    }
        -:22675:
    #####:22676:	  thin_filedata.handle = nested_arch.file;
    #####:22677:	  thin_filedata.file_name = qualified_name;
        -:22678:
    #####:22679:	  if (! process_object (& thin_filedata))
    #####:22680:	    ret = false;
        -:22681:	}
        -:22682:      else
        -:22683:	{
    #####:22684:	  free (name);
    #####:22685:	  filedata->archive_file_offset = arch.next_arhdr_offset;
    #####:22686:	  filedata->file_name = qualified_name;
    #####:22687:	  if (! process_object (filedata))
    #####:22688:	    ret = false;
    #####:22689:	  arch.next_arhdr_offset += (filedata->archive_file_size + 1) & -2;
        -:22690:	  /* Stop looping with "negative" archive_file_size.  */
    #####:22691:	  if (arch.next_arhdr_offset < filedata->archive_file_size)
    #####:22692:	    arch.next_arhdr_offset = -1ul;
        -:22693:	}
        -:22694:
    #####:22695:      free (qualified_name);
        -:22696:    }
        -:22697:
    #####:22698: out:
    #####:22699:  if (nested_arch.file != NULL)
    #####:22700:    fclose (nested_arch.file);
    #####:22701:  release_archive (&nested_arch);
    #####:22702:  release_archive (&arch);
        -:22703:
    #####:22704:  return ret;
        -:22705:}
        -:22706:
        -:22707:static bool
     1401:22708:process_file (char * file_name)
        -:22709:{
     1401:22710:  Filedata * filedata = NULL;
        -:22711:  struct stat statbuf;
        -:22712:  char armag[SARMAG];
     1401:22713:  bool ret = true;
        -:22714:
     1401:22715:  if (stat (file_name, &statbuf) < 0)
        -:22716:    {
    #####:22717:      if (errno == ENOENT)
    #####:22718:	error (_("'%s': No such file\n"), file_name);
        -:22719:      else
    #####:22720:	error (_("Could not locate '%s'.  System error message: %s\n"),
    #####:22721:	       file_name, strerror (errno));
    #####:22722:      return false;
        -:22723:    }
        -:22724:
     1401:22725:  if (! S_ISREG (statbuf.st_mode))
        -:22726:    {
    #####:22727:      error (_("'%s' is not an ordinary file\n"), file_name);
    #####:22728:      return false;
        -:22729:    }
        -:22730:
     1401:22731:  filedata = calloc (1, sizeof * filedata);
     1401:22732:  if (filedata == NULL)
        -:22733:    {
    #####:22734:      error (_("Out of memory allocating file data structure\n"));
    #####:22735:      return false;
        -:22736:    }
        -:22737:
     1401:22738:  filedata->file_name = file_name;
     1401:22739:  filedata->handle = fopen (file_name, "rb");
     1401:22740:  if (filedata->handle == NULL)
        -:22741:    {
    #####:22742:      error (_("Input file '%s' is not readable.\n"), file_name);
    #####:22743:      free (filedata);
    #####:22744:      return false;
        -:22745:    }
        -:22746:
     1401:22747:  if (fread (armag, SARMAG, 1, filedata->handle) != 1)
        -:22748:    {
        1:22749:      error (_("%s: Failed to read file's magic number\n"), file_name);
        1:22750:      fclose (filedata->handle);
        1:22751:      free (filedata);
        1:22752:      return false;
        -:22753:    }
        -:22754:
     1400:22755:  filedata->file_size = (bfd_size_type) statbuf.st_size;
     1400:22756:  filedata->is_separate = false;
        -:22757:
     1400:22758:  if (memcmp (armag, ARMAG, SARMAG) == 0)
        -:22759:    {
    #####:22760:      if (! process_archive (filedata, false))
    #####:22761:	ret = false;
        -:22762:    }
     1400:22763:  else if (memcmp (armag, ARMAGT, SARMAG) == 0)
        -:22764:    {
    #####:22765:      if ( ! process_archive (filedata, true))
    #####:22766:	ret = false;
        -:22767:    }
        -:22768:  else
        -:22769:    {
    1400*:22770:      if (do_archive_index && !check_all)
    #####:22771:	error (_("File %s is not an archive so its index cannot be displayed.\n"),
        -:22772:	       file_name);
        -:22773:
     1400:22774:      rewind (filedata->handle);
     1400:22775:      filedata->archive_file_size = filedata->archive_file_offset = 0;
        -:22776:
     1400:22777:      if (! process_object (filedata))
       29:22778:	ret = false;
        -:22779:    }
        -:22780:
     1400:22781:  fclose (filedata->handle);
     1400:22782:  free (filedata->section_headers);
     1400:22783:  free (filedata->program_headers);
     1400:22784:  free (filedata->string_table);
     1400:22785:  free (filedata->dump.dump_sects);
     1400:22786:  free (filedata);
        -:22787:
     1400:22788:  free (ba_cache.strtab);
     1400:22789:  ba_cache.strtab = NULL;
     1400:22790:  free (ba_cache.symtab);
     1400:22791:  ba_cache.symtab = NULL;
     1400:22792:  ba_cache.filedata = NULL;
        -:22793:
     1400:22794:  return ret;
        -:22795:}
        -:22796:
        -:22797:#ifdef SUPPORT_DISASSEMBLY
        -:22798:/* Needed by the i386 disassembler.  For extra credit, someone could
        -:22799:   fix this so that we insert symbolic addresses here, esp for GOT/PLT
        -:22800:   symbols.  */
        -:22801:
        -:22802:void
        -:22803:print_address (unsigned int addr, FILE * outfile)
        -:22804:{
        -:22805:  fprintf (outfile,"0x%8.8x", addr);
        -:22806:}
        -:22807:
        -:22808:/* Needed by the i386 disassembler.  */
        -:22809:
        -:22810:void
        -:22811:db_task_printsym (unsigned int addr)
        -:22812:{
        -:22813:  print_address (addr, stderr);
        -:22814:}
        -:22815:#endif
        -:22816:
        -:22817:int
       39:22818:main (int argc, char ** argv)
        -:22819:{
        -:22820:  int err;
        -:22821:
        -:22822:#ifdef HAVE_LC_MESSAGES
       39:22823:  setlocale (LC_MESSAGES, "");
        -:22824:#endif
       39:22825:  setlocale (LC_CTYPE, "");
       39:22826:  bindtextdomain (PACKAGE, LOCALEDIR);
       39:22827:  textdomain (PACKAGE);
        -:22828:
       39:22829:  expandargv (&argc, &argv);
        -:22830:
       39:22831:  parse_args (& cmdline, argc, argv);
        -:22832:
       39:22833:  if (optind < (argc - 1))
        -:22834:    /* When displaying information for more than one file,
        -:22835:       prefix the information with the file name.  */
       36:22836:    show_name = true;
        3:22837:  else if (optind >= argc)
        -:22838:    {
        -:22839:      /* Ensure that the warning is always displayed.  */
    #####:22840:      do_checks = true;
        -:22841:
    #####:22842:      warn (_("Nothing to do.\n"));
    #####:22843:      usage (stderr);
        -:22844:    }
        -:22845:
       39:22846:  err = false;
     1440:22847:  while (optind < argc)
     1401:22848:    if (! process_file (argv[optind++]))
       30:22849:      err = true;
        -:22850:
       39:22851:  free (cmdline.dump_sects);
        -:22852:
       39:22853:  free (dump_ctf_symtab_name);
       39:22854:  free (dump_ctf_strtab_name);
       39:22855:  free (dump_ctf_parent_name);
        -:22856:
       39:22857:  return err ? EXIT_FAILURE : EXIT_SUCCESS;
        -:22858:}
