TN:
SF:/home/zym/桌面/gcov-project/binutils-2.39/bfd/bfd.h
FN:1140,bfd_section_name
FN:1146,bfd_section_size
FN:1152,bfd_section_vma
FN:1170,bfd_section_flags
FN:1181,bfd_is_com_section
FN:1239,bfd_is_und_section
FN:1245,bfd_is_abs_section
FN:6811,bfd_get_filename
FN:6829,bfd_get_file_flags
FNDA:0,bfd_is_und_section
FNDA:0,bfd_is_com_section
FNDA:472,bfd_section_size
FNDA:0,bfd_get_file_flags
FNDA:0,bfd_is_abs_section
FNDA:1208,bfd_get_filename
FNDA:0,bfd_section_name
FNDA:0,bfd_section_vma
FNDA:1163,bfd_section_flags
FNF:9
FNH:3
DA:1140,0
DA:1142,0
DA:1146,472
DA:1148,472
DA:1152,0
DA:1154,0
DA:1170,1163
DA:1172,1163
DA:1181,0
DA:1183,0
DA:1239,0
DA:1241,0
DA:1245,0
DA:1247,0
DA:6811,1208
DA:6813,1208
DA:6829,0
DA:6831,0
LF:18
LH:6
end_of_record
TN:
SF:/home/zym/桌面/gcov-project/binutils-2.39/binutils/size.c
FN:132,main
FN:288,calculate_common_size
FN:321,display_bfd
FN:368,display_archive
FN:407,display_file
FN:439,size_number
FN:452,rprint_number
FN:469,berkeley_or_gnu_sum
FN:491,print_berkeley_or_gnu_format
FN:551,sysv_internal_sizer
FN:577,sysv_one_line
FN:587,sysv_internal_printer
FN:609,print_sysv_format
FN:654,print_sizes
FN:86,usage
FNDA:466,print_sizes
FNDA:0,sysv_internal_sizer
FNDA:1398,rprint_number
FNDA:0,print_sysv_format
FNDA:0,display_archive
FNDA:1163,berkeley_or_gnu_sum
FNDA:1210,display_file
FNDA:53,main
FNDA:0,size_number
FNDA:0,sysv_internal_printer
FNDA:0,sysv_one_line
FNDA:0,usage
FNDA:0,calculate_common_size
FNDA:466,print_berkeley_or_gnu_format
FNDA:1208,display_bfd
FNF:15
FNH:7
DA:86,0
DA:88,0
DA:89,0
DA:90,0
DA:91,0
DA:107,0
DA:108,0
DA:109,0
DA:110,0
DA:132,53
DA:138,53
DA:140,53
DA:141,53
DA:142,53
DA:144,53
DA:145,53
DA:146,53
DA:148,53
DA:150,53
DA:151,0
DA:152,53
DA:154,106
DA:156,0
DA:158,0
DA:159,0
DA:161,0
DA:163,0
DA:164,0
DA:165,0
DA:167,0
DA:168,0
DA:169,0
DA:171,0
DA:172,0
DA:173,0
DA:174,0
DA:175,0
DA:177,0
DA:179,0
DA:180,0
DA:181,0
DA:183,0
DA:187,0
DA:191,0
DA:192,0
DA:193,0
DA:194,0
DA:195,0
DA:196,0
DA:197,0
DA:198,0
DA:199,0
DA:200,0
DA:201,0
DA:202,0
DA:204,0
DA:206,0
DA:207,0
DA:208,0
DA:209,0
DA:210,0
DA:211,0
DA:212,0
DA:213,0
DA:214,0
DA:215,0
DA:217,0
DA:218,0
DA:219,0
DA:220,0
DA:221,0
DA:222,0
DA:223,0
DA:224,0
DA:225,0
DA:226,0
DA:227,0
DA:228,0
DA:229,0
DA:230,0
DA:231,0
DA:240,0
DA:241,0
DA:242,0
DA:243,0
DA:246,0
DA:249,106
DA:250,0
DA:251,53
DA:252,0
DA:254,53
DA:255,0
DA:257,1263
DA:258,1210
DA:260,53
DA:261,0
DA:263,0
DA:264,0
DA:265,0
DA:267,0
DA:268,0
DA:269,0
DA:270,0
DA:271,0
DA:272,0
DA:273,0
DA:274,0
DA:277,0
DA:278,0
DA:279,0
DA:282,53
DA:288,0
DA:290,0
DA:293,0
DA:294,0
DA:295,0
DA:297,0
DA:298,0
DA:299,0
DA:300,0
DA:301,0
DA:303,0
DA:304,0
DA:305,0
DA:307,0
DA:309,0
DA:311,0
DA:312,0
DA:313,0
DA:315,0
DA:321,1208
DA:325,1208
DA:327,466
DA:329,1208
DA:331,336
DA:332,336
DA:333,336
DA:336,872
DA:338,0
DA:339,0
DA:340,0
DA:341,0
DA:344,872
DA:348,130
DA:349,130
DA:351,130
DA:352,130
DA:353,0
DA:355,130
DA:356,130
DA:359,742
DA:361,742
DA:362,0
DA:364,742
DA:368,0
DA:370,0
DA:371,0
DA:375,0
DA:377,0
DA:378,0
DA:380,0
DA:382,0
DA:383,0
DA:385,0
DA:388,0
DA:390,0
DA:392,0
DA:395,0
DA:396,0
DA:399,0
DA:402,0
DA:403,0
DA:407,1210
DA:411,1210
DA:413,2
DA:414,2
DA:417,1208
DA:418,1208
DA:420,0
DA:421,0
DA:422,0
DA:425,1208
DA:426,0
DA:428,1208
DA:430,1208
DA:432,0
DA:433,0
DA:434,0
DA:439,0
DA:443,0
DA:444,0
DA:445,0
DA:448,0
DA:452,1398
DA:456,1398
DA:457,1398
DA:458,0
DA:461,1398
DA:462,1398
DA:469,1163
DA:475,1163
DA:476,1163
DA:477,691
DA:479,472
DA:480,472
DA:481,267
DA:482,267
DA:483,358
DA:484,114
DA:485,104
DA:487,10
DA:491,466
DA:495,466
DA:496,466
DA:498,466
DA:499,466
DA:500,466
DA:502,466
DA:504,466
DA:505,466
DA:507,41
DA:508,41
DA:511,0
DA:514,466
DA:516,466
DA:518,0
DA:519,0
DA:520,0
DA:523,466
DA:524,466
DA:525,466
DA:526,466
DA:527,466
DA:528,466
DA:530,466
DA:531,466
DA:534,0
DA:536,466
DA:537,466
DA:539,466
DA:540,0
DA:541,466
DA:551,0
DA:554,0
DA:556,0
DA:557,0
DA:559,0
DA:560,0
DA:561,0
DA:563,0
DA:564,0
DA:566,0
DA:567,0
DA:569,0
DA:571,0
DA:572,0
DA:577,0
DA:579,0
DA:580,0
DA:581,0
DA:582,0
DA:583,0
DA:584,0
DA:587,0
DA:590,0
DA:591,0
DA:592,0
DA:594,0
DA:595,0
DA:596,0
DA:598,0
DA:600,0
DA:602,0
DA:609,0
DA:612,0
DA:613,0
DA:614,0
DA:615,0
DA:616,0
DA:618,0
DA:619,0
DA:620,0
DA:623,0
DA:625,0
DA:626,0
DA:628,0
DA:629,0
DA:630,0
DA:632,0
DA:633,0
DA:635,0
DA:636,0
DA:638,0
DA:641,0
DA:642,0
DA:644,0
DA:645,0
DA:648,0
DA:649,0
DA:650,0
DA:651,0
DA:654,466
DA:656,466
DA:657,0
DA:658,466
DA:659,0
DA:661,466
DA:662,466
LF:308
LH:93
end_of_record
