TN:
SF:/home/zym/桌面/gcov-project/binutils-2.39/bfd/bfd.h
FN:1140,bfd_section_name
FN:1146,bfd_section_size
FN:1152,bfd_section_vma
FN:1170,bfd_section_flags
FN:1181,bfd_is_com_section
FN:1239,bfd_is_und_section
FN:1245,bfd_is_abs_section
FN:6811,bfd_get_filename
FN:6829,bfd_get_file_flags
FNDA:353,bfd_get_filename
FNDA:0,bfd_is_com_section
FNDA:0,bfd_section_name
FNDA:0,bfd_is_und_section
FNDA:0,bfd_section_vma
FNDA:314,bfd_section_flags
FNDA:0,bfd_is_abs_section
FNDA:286,bfd_section_size
FNDA:0,bfd_get_file_flags
FNF:9
FNH:3
DA:1140,0
DA:1142,0
DA:1146,286
DA:1148,286
DA:1152,0
DA:1154,0
DA:1170,314
DA:1172,314
DA:1181,0
DA:1183,0
DA:1239,0
DA:1241,0
DA:1245,0
DA:1247,0
DA:6811,353
DA:6813,353
DA:6829,0
DA:6831,0
LF:18
LH:6
end_of_record
TN:
SF:/home/zym/桌面/gcov-project/binutils-2.39/binutils/size.c
FN:132,main
FN:288,calculate_common_size
FN:321,display_bfd
FN:368,display_archive
FN:407,display_file
FN:439,size_number
FN:452,rprint_number
FN:469,berkeley_or_gnu_sum
FN:491,print_berkeley_or_gnu_format
FN:551,sysv_internal_sizer
FN:577,sysv_one_line
FN:587,sysv_internal_printer
FN:609,print_sysv_format
FN:654,print_sizes
FN:86,usage
FNDA:314,berkeley_or_gnu_sum
FNDA:0,calculate_common_size
FNDA:0,sysv_internal_sizer
FNDA:0,sysv_one_line
FNDA:184,print_berkeley_or_gnu_format
FNDA:354,display_file
FNDA:0,print_sysv_format
FNDA:0,usage
FNDA:0,size_number
FNDA:552,rprint_number
FNDA:0,display_archive
FNDA:16,main
FNDA:0,sysv_internal_printer
FNDA:184,print_sizes
FNDA:353,display_bfd
FNF:15
FNH:7
DA:86,0
DA:88,0
DA:89,0
DA:90,0
DA:91,0
DA:107,0
DA:108,0
DA:109,0
DA:110,0
DA:132,16
DA:138,16
DA:140,16
DA:141,16
DA:142,16
DA:144,16
DA:145,16
DA:146,16
DA:148,16
DA:150,16
DA:151,0
DA:152,16
DA:154,32
DA:156,0
DA:158,0
DA:159,0
DA:161,0
DA:163,0
DA:164,0
DA:165,0
DA:167,0
DA:168,0
DA:169,0
DA:171,0
DA:172,0
DA:173,0
DA:174,0
DA:175,0
DA:177,0
DA:179,0
DA:180,0
DA:181,0
DA:183,0
DA:187,0
DA:191,0
DA:192,0
DA:193,0
DA:194,0
DA:195,0
DA:196,0
DA:197,0
DA:198,0
DA:199,0
DA:200,0
DA:201,0
DA:202,0
DA:204,0
DA:206,0
DA:207,0
DA:208,0
DA:209,0
DA:210,0
DA:211,0
DA:212,0
DA:213,0
DA:214,0
DA:215,0
DA:217,0
DA:218,0
DA:219,0
DA:220,0
DA:221,0
DA:222,0
DA:223,0
DA:224,0
DA:225,0
DA:226,0
DA:227,0
DA:228,0
DA:229,0
DA:230,0
DA:231,0
DA:240,0
DA:241,0
DA:242,0
DA:243,0
DA:246,0
DA:249,32
DA:250,0
DA:251,16
DA:252,0
DA:254,16
DA:255,0
DA:257,370
DA:258,354
DA:260,16
DA:261,0
DA:263,0
DA:264,0
DA:265,0
DA:267,0
DA:268,0
DA:269,0
DA:270,0
DA:271,0
DA:272,0
DA:273,0
DA:274,0
DA:277,0
DA:278,0
DA:279,0
DA:282,16
DA:288,0
DA:290,0
DA:293,0
DA:294,0
DA:295,0
DA:297,0
DA:298,0
DA:299,0
DA:300,0
DA:301,0
DA:303,0
DA:304,0
DA:305,0
DA:307,0
DA:309,0
DA:311,0
DA:312,0
DA:313,0
DA:315,0
DA:321,353
DA:325,353
DA:327,184
DA:329,353
DA:331,169
DA:332,169
DA:333,169
DA:336,184
DA:338,0
DA:339,0
DA:340,0
DA:341,0
DA:344,184
DA:348,15
DA:349,15
DA:351,15
DA:352,15
DA:353,0
DA:355,15
DA:356,15
DA:359,169
DA:361,169
DA:362,0
DA:364,169
DA:368,0
DA:370,0
DA:371,0
DA:375,0
DA:377,0
DA:378,0
DA:380,0
DA:382,0
DA:383,0
DA:385,0
DA:388,0
DA:390,0
DA:392,0
DA:395,0
DA:396,0
DA:399,0
DA:402,0
DA:403,0
DA:407,354
DA:411,354
DA:413,1
DA:414,1
DA:417,353
DA:418,353
DA:420,0
DA:421,0
DA:422,0
DA:425,353
DA:426,0
DA:428,353
DA:430,353
DA:432,0
DA:433,0
DA:434,0
DA:439,0
DA:443,0
DA:444,0
DA:445,0
DA:448,0
DA:452,552
DA:456,552
DA:457,552
DA:458,0
DA:461,552
DA:462,552
DA:469,314
DA:475,314
DA:476,314
DA:477,28
DA:479,286
DA:480,286
DA:481,148
DA:482,148
DA:483,146
DA:484,140
DA:485,139
DA:487,1
DA:491,184
DA:495,184
DA:496,184
DA:498,184
DA:499,184
DA:500,184
DA:502,184
DA:504,184
DA:505,184
DA:507,12
DA:508,12
DA:511,0
DA:514,184
DA:516,184
DA:518,0
DA:519,0
DA:520,0
DA:523,184
DA:524,184
DA:525,184
DA:526,184
DA:527,184
DA:528,184
DA:530,184
DA:531,184
DA:534,0
DA:536,184
DA:537,184
DA:539,184
DA:540,0
DA:541,184
DA:551,0
DA:554,0
DA:556,0
DA:557,0
DA:559,0
DA:560,0
DA:561,0
DA:563,0
DA:564,0
DA:566,0
DA:567,0
DA:569,0
DA:571,0
DA:572,0
DA:577,0
DA:579,0
DA:580,0
DA:581,0
DA:582,0
DA:583,0
DA:584,0
DA:587,0
DA:590,0
DA:591,0
DA:592,0
DA:594,0
DA:595,0
DA:596,0
DA:598,0
DA:600,0
DA:602,0
DA:609,0
DA:612,0
DA:613,0
DA:614,0
DA:615,0
DA:616,0
DA:618,0
DA:619,0
DA:620,0
DA:623,0
DA:625,0
DA:626,0
DA:628,0
DA:629,0
DA:630,0
DA:632,0
DA:633,0
DA:635,0
DA:636,0
DA:638,0
DA:641,0
DA:642,0
DA:644,0
DA:645,0
DA:648,0
DA:649,0
DA:650,0
DA:651,0
DA:654,184
DA:656,184
DA:657,0
DA:658,184
DA:659,0
DA:661,184
DA:662,184
LF:308
LH:93
end_of_record
